<html>
<head>
<title>TestNG:  MobileTest-D22AF98C-4968-454E-8309-DD1A1C7DD827</title>
<link href="../testng.css" rel="stylesheet" type="text/css" />
<link href="../my-testng.css" rel="stylesheet" type="text/css" />

<style type="text/css">
.log { display: none;} 
.stack-trace { display: none;} 
</style>
<script type="text/javascript">
<!--
function flip(e) {
  current = e.style.display;
  if (current == 'block') {
    e.style.display = 'none';
    return 0;
  }
  else {
    e.style.display = 'block';
    return 1;
  }
}

function toggleBox(szDivId, elem, msg1, msg2)
{
  var res = -1;  if (document.getElementById) {
    res = flip(document.getElementById(szDivId));
  }
  else if (document.all) {
    // this is the way old msie versions work
    res = flip(document.all[szDivId]);
  }
  if(elem) {
    if(res == 0) elem.innerHTML = msg1; else elem.innerHTML = msg2;
  }

}

function toggleAllBoxes() {
  if (document.getElementsByTagName) {
    d = document.getElementsByTagName('div');
    for (i = 0; i < d.length; i++) {
      if (d[i].className == 'log') {
        flip(d[i]);
      }
    }
  }
}

// -->
</script>

</head>
<body>
<h2 align='center'>MobileTest-D22AF98C-4968-454E-8309-DD1A1C7DD827</h2><table border='1' align="center">
<tr>
<td>Tests passed/Failed/Skipped:</td><td>0/19/0</td>
</tr><tr>
<td>Started on:</td><td>Mon May 11 11:55:25 IST 2020</td>
</tr>
<tr><td>Total time:</td><td>2255 seconds (2255650 ms)</td>
</tr><tr>
<td>Included groups:</td><td>GDPRTCFv2SDKTests </td>
</tr><tr>
<td>Excluded groups:</td><td></td>
</tr>
</table><p/>
<small><i>(Hover the method name to see the test class name)</i></small><p/>
<table width='100%' border='1' class='invocation-failed'>
<tr><td colspan='4' align='center'><b>FAILED TESTS</b></td></tr>
<tr><td><b>Test method</b></td>
<td width="30%"><b>Exception</b></td>
<td width="10%"><b>Time (seconds)</b></td>
<td><b>Instance</b></td>
</tr>
<tr>
<td title='com.mobile.tests.GDPR_TCFV2_MetaAppTests.CheckAcceptAllFromPrivacyManage()'><b>CheckAcceptAllFromPrivacyManage</b><br>Test class: com.mobile.tests.GDPR_TCFV2_MetaAppTests<br>Parameters: D22AF98C-4968-454E-8309-DD1A1C7DD827</td>
<td><div><pre>java.lang.AssertionError: The following asserts failed:
	expected [TCFv2 Message Title] but found [Add],
	expected [We and our partners require consent for the following purposes:] but found [targetingParamName]
	at com.cybage.frameworkutility.assertion.CustomSoftAssert.assertAll(CustomSoftAssert.java:310)
	at com.mobile.tests.GDPR_TCFV2_MetaAppTests.CheckAcceptAllFromPrivacyManage(GDPR_TCFV2_MetaAppTests.java:167)
	at java.util.concurrent.FutureTask.run(FutureTask.java:266)
	at java.util.concurrent.ThreadPoolExecutor.runWorker(ThreadPoolExecutor.java:1149)
	at java.util.concurrent.ThreadPoolExecutor$Worker.run(ThreadPoolExecutor.java:624)
	at java.lang.Thread.run(Thread.java:748)
... Removed 17 stack frames</pre></div><a href='#' onClick='toggleBox("stack-trace177395901", this, "Click to show all stack frames", "Click to hide stack frames")'>Click to show all stack frames</a>
<div class='stack-trace' id='stack-trace177395901'><pre>java.lang.AssertionError: The following asserts failed:
	expected [TCFv2 Message Title] but found [Add],
	expected [We and our partners require consent for the following purposes:] but found [targetingParamName]
	at org.testng.asserts.SoftAssert.assertAll(SoftAssert.java:43)
	at com.cybage.frameworkutility.assertion.CustomSoftAssert.assertAll(CustomSoftAssert.java:310)
	at com.mobile.tests.GDPR_TCFV2_MetaAppTests.CheckAcceptAllFromPrivacyManage(GDPR_TCFV2_MetaAppTests.java:167)
	at sun.reflect.NativeMethodAccessorImpl.invoke0(Native Method)
	at sun.reflect.NativeMethodAccessorImpl.invoke(NativeMethodAccessorImpl.java:62)
	at sun.reflect.DelegatingMethodAccessorImpl.invoke(DelegatingMethodAccessorImpl.java:43)
	at java.lang.reflect.Method.invoke(Method.java:498)
	at org.testng.internal.MethodInvocationHelper.invokeMethod(MethodInvocationHelper.java:108)
	at org.testng.internal.Invoker.invokeMethod(Invoker.java:661)
	at org.testng.internal.Invoker.invokeTestMethod(Invoker.java:869)
	at org.testng.internal.Invoker.invokeTestMethods(Invoker.java:1193)
	at org.testng.internal.TestMethodWorker.invokeTestMethods(TestMethodWorker.java:126)
	at org.testng.internal.TestMethodWorker.run(TestMethodWorker.java:109)
	at org.testng.TestRunner.privateRun(TestRunner.java:744)
	at org.testng.TestRunner.run(TestRunner.java:602)
	at org.testng.SuiteRunner.runTest(SuiteRunner.java:380)
	at org.testng.SuiteRunner.access$000(SuiteRunner.java:39)
	at org.testng.SuiteRunner$SuiteWorker.run(SuiteRunner.java:414)
	at org.testng.internal.thread.ThreadUtil$1.call(ThreadUtil.java:52)
	at java.util.concurrent.FutureTask.run(FutureTask.java:266)
	at java.util.concurrent.ThreadPoolExecutor.runWorker(ThreadPoolExecutor.java:1149)
	at java.util.concurrent.ThreadPoolExecutor$Worker.run(ThreadPoolExecutor.java:624)
	at java.lang.Thread.run(Thread.java:748)
</pre></div></td>
<td>121</td>
<td>com.mobile.tests.GDPR_TCFV2_MetaAppTests@3d0f8e03</td></tr>
<tr>
<td title='com.mobile.tests.GDPR_TCFV2_MetaAppTests.CheckCancelFromPMAsMEssage()'><b>CheckCancelFromPMAsMEssage</b><br>Test class: com.mobile.tests.GDPR_TCFV2_MetaAppTests<br>Parameters: D22AF98C-4968-454E-8309-DD1A1C7DD827</td>
<td><div><pre>java.lang.AssertionError: The following asserts failed:
	expected [true] but found [false]
	at com.cybage.frameworkutility.assertion.CustomSoftAssert.assertAll(CustomSoftAssert.java:310)
	at com.mobile.tests.GDPR_TCFV2_MetaAppTests.CheckCancelFromPMAsMEssage(GDPR_TCFV2_MetaAppTests.java:1756)
	at java.util.concurrent.FutureTask.run(FutureTask.java:266)
	at java.util.concurrent.ThreadPoolExecutor.runWorker(ThreadPoolExecutor.java:1149)
	at java.util.concurrent.ThreadPoolExecutor$Worker.run(ThreadPoolExecutor.java:624)
	at java.lang.Thread.run(Thread.java:748)
... Removed 17 stack frames</pre></div><a href='#' onClick='toggleBox("stack-trace2069649253", this, "Click to show all stack frames", "Click to hide stack frames")'>Click to show all stack frames</a>
<div class='stack-trace' id='stack-trace2069649253'><pre>java.lang.AssertionError: The following asserts failed:
	expected [true] but found [false]
	at org.testng.asserts.SoftAssert.assertAll(SoftAssert.java:43)
	at com.cybage.frameworkutility.assertion.CustomSoftAssert.assertAll(CustomSoftAssert.java:310)
	at com.mobile.tests.GDPR_TCFV2_MetaAppTests.CheckCancelFromPMAsMEssage(GDPR_TCFV2_MetaAppTests.java:1756)
	at sun.reflect.NativeMethodAccessorImpl.invoke0(Native Method)
	at sun.reflect.NativeMethodAccessorImpl.invoke(NativeMethodAccessorImpl.java:62)
	at sun.reflect.DelegatingMethodAccessorImpl.invoke(DelegatingMethodAccessorImpl.java:43)
	at java.lang.reflect.Method.invoke(Method.java:498)
	at org.testng.internal.MethodInvocationHelper.invokeMethod(MethodInvocationHelper.java:108)
	at org.testng.internal.Invoker.invokeMethod(Invoker.java:661)
	at org.testng.internal.Invoker.invokeTestMethod(Invoker.java:869)
	at org.testng.internal.Invoker.invokeTestMethods(Invoker.java:1193)
	at org.testng.internal.TestMethodWorker.invokeTestMethods(TestMethodWorker.java:126)
	at org.testng.internal.TestMethodWorker.run(TestMethodWorker.java:109)
	at org.testng.TestRunner.privateRun(TestRunner.java:744)
	at org.testng.TestRunner.run(TestRunner.java:602)
	at org.testng.SuiteRunner.runTest(SuiteRunner.java:380)
	at org.testng.SuiteRunner.access$000(SuiteRunner.java:39)
	at org.testng.SuiteRunner$SuiteWorker.run(SuiteRunner.java:414)
	at org.testng.internal.thread.ThreadUtil$1.call(ThreadUtil.java:52)
	at java.util.concurrent.FutureTask.run(FutureTask.java:266)
	at java.util.concurrent.ThreadPoolExecutor.runWorker(ThreadPoolExecutor.java:1149)
	at java.util.concurrent.ThreadPoolExecutor$Worker.run(ThreadPoolExecutor.java:624)
	at java.lang.Thread.run(Thread.java:748)
</pre></div></td>
<td>65</td>
<td>com.mobile.tests.GDPR_TCFV2_MetaAppTests@3d0f8e03</td></tr>
<tr>
<td title='com.mobile.tests.GDPR_TCFV2_MetaAppTests.CheckCancleFromPrivacyManager()'><b>CheckCancleFromPrivacyManager</b><br>Test class: com.mobile.tests.GDPR_TCFV2_MetaAppTests<br>Parameters: D22AF98C-4968-454E-8309-DD1A1C7DD827</td>
<td><div><pre>java.lang.AssertionError: The following asserts failed:
	expected [TCFv2 Message Title] but found [Your data can be used to improve existing systems and software, and to develop new products]
	at com.cybage.frameworkutility.assertion.CustomSoftAssert.assertAll(CustomSoftAssert.java:310)
	at com.mobile.tests.GDPR_TCFV2_MetaAppTests.CheckCancleFromPrivacyManager(GDPR_TCFV2_MetaAppTests.java:233)
	at java.util.concurrent.FutureTask.run(FutureTask.java:266)
	at java.util.concurrent.ThreadPoolExecutor.runWorker(ThreadPoolExecutor.java:1149)
	at java.util.concurrent.ThreadPoolExecutor$Worker.run(ThreadPoolExecutor.java:624)
	at java.lang.Thread.run(Thread.java:748)
... Removed 17 stack frames</pre></div><a href='#' onClick='toggleBox("stack-trace1515046001", this, "Click to show all stack frames", "Click to hide stack frames")'>Click to show all stack frames</a>
<div class='stack-trace' id='stack-trace1515046001'><pre>java.lang.AssertionError: The following asserts failed:
	expected [TCFv2 Message Title] but found [Your data can be used to improve existing systems and software, and to develop new products]
	at org.testng.asserts.SoftAssert.assertAll(SoftAssert.java:43)
	at com.cybage.frameworkutility.assertion.CustomSoftAssert.assertAll(CustomSoftAssert.java:310)
	at com.mobile.tests.GDPR_TCFV2_MetaAppTests.CheckCancleFromPrivacyManager(GDPR_TCFV2_MetaAppTests.java:233)
	at sun.reflect.NativeMethodAccessorImpl.invoke0(Native Method)
	at sun.reflect.NativeMethodAccessorImpl.invoke(NativeMethodAccessorImpl.java:62)
	at sun.reflect.DelegatingMethodAccessorImpl.invoke(DelegatingMethodAccessorImpl.java:43)
	at java.lang.reflect.Method.invoke(Method.java:498)
	at org.testng.internal.MethodInvocationHelper.invokeMethod(MethodInvocationHelper.java:108)
	at org.testng.internal.Invoker.invokeMethod(Invoker.java:661)
	at org.testng.internal.Invoker.invokeTestMethod(Invoker.java:869)
	at org.testng.internal.Invoker.invokeTestMethods(Invoker.java:1193)
	at org.testng.internal.TestMethodWorker.invokeTestMethods(TestMethodWorker.java:126)
	at org.testng.internal.TestMethodWorker.run(TestMethodWorker.java:109)
	at org.testng.TestRunner.privateRun(TestRunner.java:744)
	at org.testng.TestRunner.run(TestRunner.java:602)
	at org.testng.SuiteRunner.runTest(SuiteRunner.java:380)
	at org.testng.SuiteRunner.access$000(SuiteRunner.java:39)
	at org.testng.SuiteRunner$SuiteWorker.run(SuiteRunner.java:414)
	at org.testng.internal.thread.ThreadUtil$1.call(ThreadUtil.java:52)
	at java.util.concurrent.FutureTask.run(FutureTask.java:266)
	at java.util.concurrent.ThreadPoolExecutor.runWorker(ThreadPoolExecutor.java:1149)
	at java.util.concurrent.ThreadPoolExecutor$Worker.run(ThreadPoolExecutor.java:624)
	at java.lang.Thread.run(Thread.java:748)
</pre></div></td>
<td>80</td>
<td>com.mobile.tests.GDPR_TCFV2_MetaAppTests@3d0f8e03</td></tr>
<tr>
<td title='com.mobile.tests.GDPR_TCFV2_MetaAppTests.CheckConsentDataFromPrivacyManagerDirect()'><b>CheckConsentDataFromPrivacyManagerDirect</b><br>Test class: com.mobile.tests.GDPR_TCFV2_MetaAppTests<br>Parameters: D22AF98C-4968-454E-8309-DD1A1C7DD827</td>
<td><div><pre>java.lang.AssertionError: The following asserts failed:
	expected [TCFv2 Message Title] but found [Your data can be used to improve existing systems and software, and to develop new products]
	at com.cybage.frameworkutility.assertion.CustomSoftAssert.assertAll(CustomSoftAssert.java:310)
	at com.mobile.tests.GDPR_TCFV2_MetaAppTests.CheckConsentDataFromPrivacyManagerDirect(GDPR_TCFV2_MetaAppTests.java:688)
	at java.util.concurrent.FutureTask.run(FutureTask.java:266)
	at java.util.concurrent.ThreadPoolExecutor.runWorker(ThreadPoolExecutor.java:1149)
	at java.util.concurrent.ThreadPoolExecutor$Worker.run(ThreadPoolExecutor.java:624)
	at java.lang.Thread.run(Thread.java:748)
... Removed 17 stack frames</pre></div><a href='#' onClick='toggleBox("stack-trace702147493", this, "Click to show all stack frames", "Click to hide stack frames")'>Click to show all stack frames</a>
<div class='stack-trace' id='stack-trace702147493'><pre>java.lang.AssertionError: The following asserts failed:
	expected [TCFv2 Message Title] but found [Your data can be used to improve existing systems and software, and to develop new products]
	at org.testng.asserts.SoftAssert.assertAll(SoftAssert.java:43)
	at com.cybage.frameworkutility.assertion.CustomSoftAssert.assertAll(CustomSoftAssert.java:310)
	at com.mobile.tests.GDPR_TCFV2_MetaAppTests.CheckConsentDataFromPrivacyManagerDirect(GDPR_TCFV2_MetaAppTests.java:688)
	at sun.reflect.NativeMethodAccessorImpl.invoke0(Native Method)
	at sun.reflect.NativeMethodAccessorImpl.invoke(NativeMethodAccessorImpl.java:62)
	at sun.reflect.DelegatingMethodAccessorImpl.invoke(DelegatingMethodAccessorImpl.java:43)
	at java.lang.reflect.Method.invoke(Method.java:498)
	at org.testng.internal.MethodInvocationHelper.invokeMethod(MethodInvocationHelper.java:108)
	at org.testng.internal.Invoker.invokeMethod(Invoker.java:661)
	at org.testng.internal.Invoker.invokeTestMethod(Invoker.java:869)
	at org.testng.internal.Invoker.invokeTestMethods(Invoker.java:1193)
	at org.testng.internal.TestMethodWorker.invokeTestMethods(TestMethodWorker.java:126)
	at org.testng.internal.TestMethodWorker.run(TestMethodWorker.java:109)
	at org.testng.TestRunner.privateRun(TestRunner.java:744)
	at org.testng.TestRunner.run(TestRunner.java:602)
	at org.testng.SuiteRunner.runTest(SuiteRunner.java:380)
	at org.testng.SuiteRunner.access$000(SuiteRunner.java:39)
	at org.testng.SuiteRunner$SuiteWorker.run(SuiteRunner.java:414)
	at org.testng.internal.thread.ThreadUtil$1.call(ThreadUtil.java:52)
	at java.util.concurrent.FutureTask.run(FutureTask.java:266)
	at java.util.concurrent.ThreadPoolExecutor.runWorker(ThreadPoolExecutor.java:1149)
	at java.util.concurrent.ThreadPoolExecutor$Worker.run(ThreadPoolExecutor.java:624)
	at java.lang.Thread.run(Thread.java:748)
</pre></div></td>
<td>82</td>
<td>com.mobile.tests.GDPR_TCFV2_MetaAppTests@3d0f8e03</td></tr>
<tr>
<td title='com.mobile.tests.GDPR_TCFV2_MetaAppTests.CheckConsentOnAcceptAllFromConsentView()'><b>CheckConsentOnAcceptAllFromConsentView</b><br>Test class: com.mobile.tests.GDPR_TCFV2_MetaAppTests<br>Parameters: D22AF98C-4968-454E-8309-DD1A1C7DD827</td>
<td><div><pre>java.lang.AssertionError: The following asserts failed:
	expected [TCFv2 Message Title] but found [Your data can be used to improve existing systems and software, and to develop new products]
	at com.cybage.frameworkutility.assertion.CustomSoftAssert.assertAll(CustomSoftAssert.java:310)
	at com.mobile.tests.GDPR_TCFV2_MetaAppTests.CheckConsentOnAcceptAllFromConsentView(GDPR_TCFV2_MetaAppTests.java:316)
	at java.util.concurrent.FutureTask.run(FutureTask.java:266)
	at java.util.concurrent.ThreadPoolExecutor.runWorker(ThreadPoolExecutor.java:1149)
	at java.util.concurrent.ThreadPoolExecutor$Worker.run(ThreadPoolExecutor.java:624)
	at java.lang.Thread.run(Thread.java:748)
... Removed 17 stack frames</pre></div><a href='#' onClick='toggleBox("stack-trace1722313495", this, "Click to show all stack frames", "Click to hide stack frames")'>Click to show all stack frames</a>
<div class='stack-trace' id='stack-trace1722313495'><pre>java.lang.AssertionError: The following asserts failed:
	expected [TCFv2 Message Title] but found [Your data can be used to improve existing systems and software, and to develop new products]
	at org.testng.asserts.SoftAssert.assertAll(SoftAssert.java:43)
	at com.cybage.frameworkutility.assertion.CustomSoftAssert.assertAll(CustomSoftAssert.java:310)
	at com.mobile.tests.GDPR_TCFV2_MetaAppTests.CheckConsentOnAcceptAllFromConsentView(GDPR_TCFV2_MetaAppTests.java:316)
	at sun.reflect.NativeMethodAccessorImpl.invoke0(Native Method)
	at sun.reflect.NativeMethodAccessorImpl.invoke(NativeMethodAccessorImpl.java:62)
	at sun.reflect.DelegatingMethodAccessorImpl.invoke(DelegatingMethodAccessorImpl.java:43)
	at java.lang.reflect.Method.invoke(Method.java:498)
	at org.testng.internal.MethodInvocationHelper.invokeMethod(MethodInvocationHelper.java:108)
	at org.testng.internal.Invoker.invokeMethod(Invoker.java:661)
	at org.testng.internal.Invoker.invokeTestMethod(Invoker.java:869)
	at org.testng.internal.Invoker.invokeTestMethods(Invoker.java:1193)
	at org.testng.internal.TestMethodWorker.invokeTestMethods(TestMethodWorker.java:126)
	at org.testng.internal.TestMethodWorker.run(TestMethodWorker.java:109)
	at org.testng.TestRunner.privateRun(TestRunner.java:744)
	at org.testng.TestRunner.run(TestRunner.java:602)
	at org.testng.SuiteRunner.runTest(SuiteRunner.java:380)
	at org.testng.SuiteRunner.access$000(SuiteRunner.java:39)
	at org.testng.SuiteRunner$SuiteWorker.run(SuiteRunner.java:414)
	at org.testng.internal.thread.ThreadUtil$1.call(ThreadUtil.java:52)
	at java.util.concurrent.FutureTask.run(FutureTask.java:266)
	at java.util.concurrent.ThreadPoolExecutor.runWorker(ThreadPoolExecutor.java:1149)
	at java.util.concurrent.ThreadPoolExecutor$Worker.run(ThreadPoolExecutor.java:624)
	at java.lang.Thread.run(Thread.java:748)
</pre></div></td>
<td>79</td>
<td>com.mobile.tests.GDPR_TCFV2_MetaAppTests@3d0f8e03</td></tr>
<tr>
<td title='com.mobile.tests.GDPR_TCFV2_MetaAppTests.CheckConsentOnDirectPMLoadWhenPMAsMEssage()'><b>CheckConsentOnDirectPMLoadWhenPMAsMEssage</b><br>Test class: com.mobile.tests.GDPR_TCFV2_MetaAppTests<br>Parameters: D22AF98C-4968-454E-8309-DD1A1C7DD827</td>
<td><div><pre>java.lang.AssertionError: The following asserts failed:
	expected [true] but found [false]
	at com.cybage.frameworkutility.assertion.CustomSoftAssert.assertAll(CustomSoftAssert.java:310)
	at com.mobile.tests.GDPR_TCFV2_MetaAppTests.CheckConsentOnDirectPMLoadWhenPMAsMEssage(GDPR_TCFV2_MetaAppTests.java:1823)
	at java.util.concurrent.FutureTask.run(FutureTask.java:266)
	at java.util.concurrent.ThreadPoolExecutor.runWorker(ThreadPoolExecutor.java:1149)
	at java.util.concurrent.ThreadPoolExecutor$Worker.run(ThreadPoolExecutor.java:624)
	at java.lang.Thread.run(Thread.java:748)
... Removed 17 stack frames</pre></div><a href='#' onClick='toggleBox("stack-trace1333190648", this, "Click to show all stack frames", "Click to hide stack frames")'>Click to show all stack frames</a>
<div class='stack-trace' id='stack-trace1333190648'><pre>java.lang.AssertionError: The following asserts failed:
	expected [true] but found [false]
	at org.testng.asserts.SoftAssert.assertAll(SoftAssert.java:43)
	at com.cybage.frameworkutility.assertion.CustomSoftAssert.assertAll(CustomSoftAssert.java:310)
	at com.mobile.tests.GDPR_TCFV2_MetaAppTests.CheckConsentOnDirectPMLoadWhenPMAsMEssage(GDPR_TCFV2_MetaAppTests.java:1823)
	at sun.reflect.NativeMethodAccessorImpl.invoke0(Native Method)
	at sun.reflect.NativeMethodAccessorImpl.invoke(NativeMethodAccessorImpl.java:62)
	at sun.reflect.DelegatingMethodAccessorImpl.invoke(DelegatingMethodAccessorImpl.java:43)
	at java.lang.reflect.Method.invoke(Method.java:498)
	at org.testng.internal.MethodInvocationHelper.invokeMethod(MethodInvocationHelper.java:108)
	at org.testng.internal.Invoker.invokeMethod(Invoker.java:661)
	at org.testng.internal.Invoker.invokeTestMethod(Invoker.java:869)
	at org.testng.internal.Invoker.invokeTestMethods(Invoker.java:1193)
	at org.testng.internal.TestMethodWorker.invokeTestMethods(TestMethodWorker.java:126)
	at org.testng.internal.TestMethodWorker.run(TestMethodWorker.java:109)
	at org.testng.TestRunner.privateRun(TestRunner.java:744)
	at org.testng.TestRunner.run(TestRunner.java:602)
	at org.testng.SuiteRunner.runTest(SuiteRunner.java:380)
	at org.testng.SuiteRunner.access$000(SuiteRunner.java:39)
	at org.testng.SuiteRunner$SuiteWorker.run(SuiteRunner.java:414)
	at org.testng.internal.thread.ThreadUtil$1.call(ThreadUtil.java:52)
	at java.util.concurrent.FutureTask.run(FutureTask.java:266)
	at java.util.concurrent.ThreadPoolExecutor.runWorker(ThreadPoolExecutor.java:1149)
	at java.util.concurrent.ThreadPoolExecutor$Worker.run(ThreadPoolExecutor.java:624)
	at java.lang.Thread.run(Thread.java:748)
</pre></div></td>
<td>142</td>
<td>com.mobile.tests.GDPR_TCFV2_MetaAppTests@3d0f8e03</td></tr>
<tr>
<td title='com.mobile.tests.GDPR_TCFV2_MetaAppTests.CheckConsentOnRejectAllFromConsentView()'><b>CheckConsentOnRejectAllFromConsentView</b><br>Test class: com.mobile.tests.GDPR_TCFV2_MetaAppTests<br>Parameters: D22AF98C-4968-454E-8309-DD1A1C7DD827</td>
<td><div><pre>java.lang.AssertionError: The following asserts failed:
	expected [TCFv2 Message Title] but found [Your data can be used to improve existing systems and software, and to develop new products]
	at com.cybage.frameworkutility.assertion.CustomSoftAssert.assertAll(CustomSoftAssert.java:310)
	at com.mobile.tests.GDPR_TCFV2_MetaAppTests.CheckConsentOnRejectAllFromConsentView(GDPR_TCFV2_MetaAppTests.java:403)
	at java.util.concurrent.FutureTask.run(FutureTask.java:266)
	at java.util.concurrent.ThreadPoolExecutor.runWorker(ThreadPoolExecutor.java:1149)
	at java.util.concurrent.ThreadPoolExecutor$Worker.run(ThreadPoolExecutor.java:624)
	at java.lang.Thread.run(Thread.java:748)
... Removed 17 stack frames</pre></div><a href='#' onClick='toggleBox("stack-trace237633416", this, "Click to show all stack frames", "Click to hide stack frames")'>Click to show all stack frames</a>
<div class='stack-trace' id='stack-trace237633416'><pre>java.lang.AssertionError: The following asserts failed:
	expected [TCFv2 Message Title] but found [Your data can be used to improve existing systems and software, and to develop new products]
	at org.testng.asserts.SoftAssert.assertAll(SoftAssert.java:43)
	at com.cybage.frameworkutility.assertion.CustomSoftAssert.assertAll(CustomSoftAssert.java:310)
	at com.mobile.tests.GDPR_TCFV2_MetaAppTests.CheckConsentOnRejectAllFromConsentView(GDPR_TCFV2_MetaAppTests.java:403)
	at sun.reflect.NativeMethodAccessorImpl.invoke0(Native Method)
	at sun.reflect.NativeMethodAccessorImpl.invoke(NativeMethodAccessorImpl.java:62)
	at sun.reflect.DelegatingMethodAccessorImpl.invoke(DelegatingMethodAccessorImpl.java:43)
	at java.lang.reflect.Method.invoke(Method.java:498)
	at org.testng.internal.MethodInvocationHelper.invokeMethod(MethodInvocationHelper.java:108)
	at org.testng.internal.Invoker.invokeMethod(Invoker.java:661)
	at org.testng.internal.Invoker.invokeTestMethod(Invoker.java:869)
	at org.testng.internal.Invoker.invokeTestMethods(Invoker.java:1193)
	at org.testng.internal.TestMethodWorker.invokeTestMethods(TestMethodWorker.java:126)
	at org.testng.internal.TestMethodWorker.run(TestMethodWorker.java:109)
	at org.testng.TestRunner.privateRun(TestRunner.java:744)
	at org.testng.TestRunner.run(TestRunner.java:602)
	at org.testng.SuiteRunner.runTest(SuiteRunner.java:380)
	at org.testng.SuiteRunner.access$000(SuiteRunner.java:39)
	at org.testng.SuiteRunner$SuiteWorker.run(SuiteRunner.java:414)
	at org.testng.internal.thread.ThreadUtil$1.call(ThreadUtil.java:52)
	at java.util.concurrent.FutureTask.run(FutureTask.java:266)
	at java.util.concurrent.ThreadPoolExecutor.runWorker(ThreadPoolExecutor.java:1149)
	at java.util.concurrent.ThreadPoolExecutor$Worker.run(ThreadPoolExecutor.java:624)
	at java.lang.Thread.run(Thread.java:748)
</pre></div></td>
<td>84</td>
<td>com.mobile.tests.GDPR_TCFV2_MetaAppTests@3d0f8e03</td></tr>
<tr>
<td title='com.mobile.tests.GDPR_TCFV2_MetaAppTests.CheckConsentOnRejectAllFromPM()'><b>CheckConsentOnRejectAllFromPM</b><br>Test class: com.mobile.tests.GDPR_TCFV2_MetaAppTests<br>Parameters: D22AF98C-4968-454E-8309-DD1A1C7DD827</td>
<td><div><pre>java.lang.AssertionError: The following asserts failed:
	expected [TCFv2 Message Title] but found [Your data can be used to improve existing systems and software, and to develop new products]
	at com.cybage.frameworkutility.assertion.CustomSoftAssert.assertAll(CustomSoftAssert.java:310)
	at com.mobile.tests.GDPR_TCFV2_MetaAppTests.CheckConsentOnRejectAllFromPM(GDPR_TCFV2_MetaAppTests.java:506)
	at java.util.concurrent.FutureTask.run(FutureTask.java:266)
	at java.util.concurrent.ThreadPoolExecutor.runWorker(ThreadPoolExecutor.java:1149)
	at java.util.concurrent.ThreadPoolExecutor$Worker.run(ThreadPoolExecutor.java:624)
	at java.lang.Thread.run(Thread.java:748)
... Removed 17 stack frames</pre></div><a href='#' onClick='toggleBox("stack-trace680191101", this, "Click to show all stack frames", "Click to hide stack frames")'>Click to show all stack frames</a>
<div class='stack-trace' id='stack-trace680191101'><pre>java.lang.AssertionError: The following asserts failed:
	expected [TCFv2 Message Title] but found [Your data can be used to improve existing systems and software, and to develop new products]
	at org.testng.asserts.SoftAssert.assertAll(SoftAssert.java:43)
	at com.cybage.frameworkutility.assertion.CustomSoftAssert.assertAll(CustomSoftAssert.java:310)
	at com.mobile.tests.GDPR_TCFV2_MetaAppTests.CheckConsentOnRejectAllFromPM(GDPR_TCFV2_MetaAppTests.java:506)
	at sun.reflect.NativeMethodAccessorImpl.invoke0(Native Method)
	at sun.reflect.NativeMethodAccessorImpl.invoke(NativeMethodAccessorImpl.java:62)
	at sun.reflect.DelegatingMethodAccessorImpl.invoke(DelegatingMethodAccessorImpl.java:43)
	at java.lang.reflect.Method.invoke(Method.java:498)
	at org.testng.internal.MethodInvocationHelper.invokeMethod(MethodInvocationHelper.java:108)
	at org.testng.internal.Invoker.invokeMethod(Invoker.java:661)
	at org.testng.internal.Invoker.invokeTestMethod(Invoker.java:869)
	at org.testng.internal.Invoker.invokeTestMethods(Invoker.java:1193)
	at org.testng.internal.TestMethodWorker.invokeTestMethods(TestMethodWorker.java:126)
	at org.testng.internal.TestMethodWorker.run(TestMethodWorker.java:109)
	at org.testng.TestRunner.privateRun(TestRunner.java:744)
	at org.testng.TestRunner.run(TestRunner.java:602)
	at org.testng.SuiteRunner.runTest(SuiteRunner.java:380)
	at org.testng.SuiteRunner.access$000(SuiteRunner.java:39)
	at org.testng.SuiteRunner$SuiteWorker.run(SuiteRunner.java:414)
	at org.testng.internal.thread.ThreadUtil$1.call(ThreadUtil.java:52)
	at java.util.concurrent.FutureTask.run(FutureTask.java:266)
	at java.util.concurrent.ThreadPoolExecutor.runWorker(ThreadPoolExecutor.java:1149)
	at java.util.concurrent.ThreadPoolExecutor$Worker.run(ThreadPoolExecutor.java:624)
	at java.lang.Thread.run(Thread.java:748)
</pre></div></td>
<td>83</td>
<td>com.mobile.tests.GDPR_TCFV2_MetaAppTests@3d0f8e03</td></tr>
<tr>
<td title='com.mobile.tests.GDPR_TCFV2_MetaAppTests.CheckConsentWithAuthIDFromPMAsMessage()'><b>CheckConsentWithAuthIDFromPMAsMessage</b><br>Test class: com.mobile.tests.GDPR_TCFV2_MetaAppTests<br>Parameters: D22AF98C-4968-454E-8309-DD1A1C7DD827</td>
<td><div><pre>java.lang.AssertionError: The following asserts failed:
	expected [true] but found [false]
	at com.cybage.frameworkutility.assertion.CustomSoftAssert.assertAll(CustomSoftAssert.java:310)
	at com.mobile.tests.GDPR_TCFV2_MetaAppTests.CheckConsentWithAuthIDFromPMAsMessage(GDPR_TCFV2_MetaAppTests.java:1899)
	at java.util.concurrent.FutureTask.run(FutureTask.java:266)
	at java.util.concurrent.ThreadPoolExecutor.runWorker(ThreadPoolExecutor.java:1149)
	at java.util.concurrent.ThreadPoolExecutor$Worker.run(ThreadPoolExecutor.java:624)
	at java.lang.Thread.run(Thread.java:748)
... Removed 17 stack frames</pre></div><a href='#' onClick='toggleBox("stack-trace223029018", this, "Click to show all stack frames", "Click to hide stack frames")'>Click to show all stack frames</a>
<div class='stack-trace' id='stack-trace223029018'><pre>java.lang.AssertionError: The following asserts failed:
	expected [true] but found [false]
	at org.testng.asserts.SoftAssert.assertAll(SoftAssert.java:43)
	at com.cybage.frameworkutility.assertion.CustomSoftAssert.assertAll(CustomSoftAssert.java:310)
	at com.mobile.tests.GDPR_TCFV2_MetaAppTests.CheckConsentWithAuthIDFromPMAsMessage(GDPR_TCFV2_MetaAppTests.java:1899)
	at sun.reflect.NativeMethodAccessorImpl.invoke0(Native Method)
	at sun.reflect.NativeMethodAccessorImpl.invoke(NativeMethodAccessorImpl.java:62)
	at sun.reflect.DelegatingMethodAccessorImpl.invoke(DelegatingMethodAccessorImpl.java:43)
	at java.lang.reflect.Method.invoke(Method.java:498)
	at org.testng.internal.MethodInvocationHelper.invokeMethod(MethodInvocationHelper.java:108)
	at org.testng.internal.Invoker.invokeMethod(Invoker.java:661)
	at org.testng.internal.Invoker.invokeTestMethod(Invoker.java:869)
	at org.testng.internal.Invoker.invokeTestMethods(Invoker.java:1193)
	at org.testng.internal.TestMethodWorker.invokeTestMethods(TestMethodWorker.java:126)
	at org.testng.internal.TestMethodWorker.run(TestMethodWorker.java:109)
	at org.testng.TestRunner.privateRun(TestRunner.java:744)
	at org.testng.TestRunner.run(TestRunner.java:602)
	at org.testng.SuiteRunner.runTest(SuiteRunner.java:380)
	at org.testng.SuiteRunner.access$000(SuiteRunner.java:39)
	at org.testng.SuiteRunner$SuiteWorker.run(SuiteRunner.java:414)
	at org.testng.internal.thread.ThreadUtil$1.call(ThreadUtil.java:52)
	at java.util.concurrent.FutureTask.run(FutureTask.java:266)
	at java.util.concurrent.ThreadPoolExecutor.runWorker(ThreadPoolExecutor.java:1149)
	at java.util.concurrent.ThreadPoolExecutor$Worker.run(ThreadPoolExecutor.java:624)
	at java.lang.Thread.run(Thread.java:748)
</pre></div></td>
<td>144</td>
<td>com.mobile.tests.GDPR_TCFV2_MetaAppTests@3d0f8e03</td></tr>
<tr>
<td title='com.mobile.tests.GDPR_TCFV2_MetaAppTests.CheckConsentWithSameAuthIDAfterDeletingAndRecreate()'><b>CheckConsentWithSameAuthIDAfterDeletingAndRecreate</b><br>Test class: com.mobile.tests.GDPR_TCFV2_MetaAppTests<br>Parameters: D22AF98C-4968-454E-8309-DD1A1C7DD827</td>
<td><div><pre>java.lang.AssertionError: The following asserts failed:
	expected [TCFv2 Message Title] but found [Your data can be used to improve existing systems and software, and to develop new products]
	at com.cybage.frameworkutility.assertion.CustomSoftAssert.assertAll(CustomSoftAssert.java:310)
	at com.mobile.tests.GDPR_TCFV2_MetaAppTests.CheckConsentWithSameAuthIDAfterDeletingAndRecreate(GDPR_TCFV2_MetaAppTests.java:1549)
	at java.util.concurrent.FutureTask.run(FutureTask.java:266)
	at java.util.concurrent.ThreadPoolExecutor.runWorker(ThreadPoolExecutor.java:1149)
	at java.util.concurrent.ThreadPoolExecutor$Worker.run(ThreadPoolExecutor.java:624)
	at java.lang.Thread.run(Thread.java:748)
... Removed 17 stack frames</pre></div><a href='#' onClick='toggleBox("stack-trace821082968", this, "Click to show all stack frames", "Click to hide stack frames")'>Click to show all stack frames</a>
<div class='stack-trace' id='stack-trace821082968'><pre>java.lang.AssertionError: The following asserts failed:
	expected [TCFv2 Message Title] but found [Your data can be used to improve existing systems and software, and to develop new products]
	at org.testng.asserts.SoftAssert.assertAll(SoftAssert.java:43)
	at com.cybage.frameworkutility.assertion.CustomSoftAssert.assertAll(CustomSoftAssert.java:310)
	at com.mobile.tests.GDPR_TCFV2_MetaAppTests.CheckConsentWithSameAuthIDAfterDeletingAndRecreate(GDPR_TCFV2_MetaAppTests.java:1549)
	at sun.reflect.NativeMethodAccessorImpl.invoke0(Native Method)
	at sun.reflect.NativeMethodAccessorImpl.invoke(NativeMethodAccessorImpl.java:62)
	at sun.reflect.DelegatingMethodAccessorImpl.invoke(DelegatingMethodAccessorImpl.java:43)
	at java.lang.reflect.Method.invoke(Method.java:498)
	at org.testng.internal.MethodInvocationHelper.invokeMethod(MethodInvocationHelper.java:108)
	at org.testng.internal.Invoker.invokeMethod(Invoker.java:661)
	at org.testng.internal.Invoker.invokeTestMethod(Invoker.java:869)
	at org.testng.internal.Invoker.invokeTestMethods(Invoker.java:1193)
	at org.testng.internal.TestMethodWorker.invokeTestMethods(TestMethodWorker.java:126)
	at org.testng.internal.TestMethodWorker.run(TestMethodWorker.java:109)
	at org.testng.TestRunner.privateRun(TestRunner.java:744)
	at org.testng.TestRunner.run(TestRunner.java:602)
	at org.testng.SuiteRunner.runTest(SuiteRunner.java:380)
	at org.testng.SuiteRunner.access$000(SuiteRunner.java:39)
	at org.testng.SuiteRunner$SuiteWorker.run(SuiteRunner.java:414)
	at org.testng.internal.thread.ThreadUtil$1.call(ThreadUtil.java:52)
	at java.util.concurrent.FutureTask.run(FutureTask.java:266)
	at java.util.concurrent.ThreadPoolExecutor.runWorker(ThreadPoolExecutor.java:1149)
	at java.util.concurrent.ThreadPoolExecutor$Worker.run(ThreadPoolExecutor.java:624)
	at java.lang.Thread.run(Thread.java:748)
</pre></div></td>
<td>81</td>
<td>com.mobile.tests.GDPR_TCFV2_MetaAppTests@3d0f8e03</td></tr>
<tr>
<td title='com.mobile.tests.GDPR_TCFV2_MetaAppTests.CheckConsentWithSameAuthIDWithNewInstallation()'><b>CheckConsentWithSameAuthIDWithNewInstallation</b><br>Test class: com.mobile.tests.GDPR_TCFV2_MetaAppTests<br>Parameters: D22AF98C-4968-454E-8309-DD1A1C7DD827</td>
<td><div><pre>java.lang.AssertionError: The following asserts failed:
	expected [TCFv2 Message Title] but found [Your data can be used to improve existing systems and software, and to develop new products]
	at com.cybage.frameworkutility.assertion.CustomSoftAssert.assertAll(CustomSoftAssert.java:310)
	at com.mobile.tests.GDPR_TCFV2_MetaAppTests.CheckConsentWithSameAuthIDWithNewInstallation(GDPR_TCFV2_MetaAppTests.java:1339)
	at java.util.concurrent.FutureTask.run(FutureTask.java:266)
	at java.util.concurrent.ThreadPoolExecutor.runWorker(ThreadPoolExecutor.java:1149)
	at java.util.concurrent.ThreadPoolExecutor$Worker.run(ThreadPoolExecutor.java:624)
	at java.lang.Thread.run(Thread.java:748)
... Removed 17 stack frames</pre></div><a href='#' onClick='toggleBox("stack-trace1771035492", this, "Click to show all stack frames", "Click to hide stack frames")'>Click to show all stack frames</a>
<div class='stack-trace' id='stack-trace1771035492'><pre>java.lang.AssertionError: The following asserts failed:
	expected [TCFv2 Message Title] but found [Your data can be used to improve existing systems and software, and to develop new products]
	at org.testng.asserts.SoftAssert.assertAll(SoftAssert.java:43)
	at com.cybage.frameworkutility.assertion.CustomSoftAssert.assertAll(CustomSoftAssert.java:310)
	at com.mobile.tests.GDPR_TCFV2_MetaAppTests.CheckConsentWithSameAuthIDWithNewInstallation(GDPR_TCFV2_MetaAppTests.java:1339)
	at sun.reflect.NativeMethodAccessorImpl.invoke0(Native Method)
	at sun.reflect.NativeMethodAccessorImpl.invoke(NativeMethodAccessorImpl.java:62)
	at sun.reflect.DelegatingMethodAccessorImpl.invoke(DelegatingMethodAccessorImpl.java:43)
	at java.lang.reflect.Method.invoke(Method.java:498)
	at org.testng.internal.MethodInvocationHelper.invokeMethod(MethodInvocationHelper.java:108)
	at org.testng.internal.Invoker.invokeMethod(Invoker.java:661)
	at org.testng.internal.Invoker.invokeTestMethod(Invoker.java:869)
	at org.testng.internal.Invoker.invokeTestMethods(Invoker.java:1193)
	at org.testng.internal.TestMethodWorker.invokeTestMethods(TestMethodWorker.java:126)
	at org.testng.internal.TestMethodWorker.run(TestMethodWorker.java:109)
	at org.testng.TestRunner.privateRun(TestRunner.java:744)
	at org.testng.TestRunner.run(TestRunner.java:602)
	at org.testng.SuiteRunner.runTest(SuiteRunner.java:380)
	at org.testng.SuiteRunner.access$000(SuiteRunner.java:39)
	at org.testng.SuiteRunner$SuiteWorker.run(SuiteRunner.java:414)
	at org.testng.internal.thread.ThreadUtil$1.call(ThreadUtil.java:52)
	at java.util.concurrent.FutureTask.run(FutureTask.java:266)
	at java.util.concurrent.ThreadPoolExecutor.runWorker(ThreadPoolExecutor.java:1149)
	at java.util.concurrent.ThreadPoolExecutor$Worker.run(ThreadPoolExecutor.java:624)
	at java.lang.Thread.run(Thread.java:748)
</pre></div></td>
<td>81</td>
<td>com.mobile.tests.GDPR_TCFV2_MetaAppTests@3d0f8e03</td></tr>
<tr>
<td title='com.mobile.tests.GDPR_TCFV2_MetaAppTests.CheckNoConsentMessageDisplayAfterShowSiteInfo()'><b>CheckNoConsentMessageDisplayAfterShowSiteInfo</b><br>Test class: com.mobile.tests.GDPR_TCFV2_MetaAppTests<br>Parameters: D22AF98C-4968-454E-8309-DD1A1C7DD827</td>
<td><div><pre>java.lang.AssertionError: The following asserts failed:
	expected [ShowOnce :We use cookies to give you the best experience] but found [The performance and effectiveness of content that you see or interact with can be measured.],
	expected [We and our partners require consent for the following purposes:] but found [Your data can be used to improve existing systems and software, and to develop new products]
	at com.cybage.frameworkutility.assertion.CustomSoftAssert.assertAll(CustomSoftAssert.java:310)
	at com.mobile.tests.GDPR_TCFV2_MetaAppTests.CheckNoConsentMessageDisplayAfterShowSiteInfo(GDPR_TCFV2_MetaAppTests.java:849)
	at java.util.concurrent.FutureTask.run(FutureTask.java:266)
	at java.util.concurrent.ThreadPoolExecutor.runWorker(ThreadPoolExecutor.java:1149)
	at java.util.concurrent.ThreadPoolExecutor$Worker.run(ThreadPoolExecutor.java:624)
	at java.lang.Thread.run(Thread.java:748)
... Removed 17 stack frames</pre></div><a href='#' onClick='toggleBox("stack-trace1750008752", this, "Click to show all stack frames", "Click to hide stack frames")'>Click to show all stack frames</a>
<div class='stack-trace' id='stack-trace1750008752'><pre>java.lang.AssertionError: The following asserts failed:
	expected [ShowOnce :We use cookies to give you the best experience] but found [The performance and effectiveness of content that you see or interact with can be measured.],
	expected [We and our partners require consent for the following purposes:] but found [Your data can be used to improve existing systems and software, and to develop new products]
	at org.testng.asserts.SoftAssert.assertAll(SoftAssert.java:43)
	at com.cybage.frameworkutility.assertion.CustomSoftAssert.assertAll(CustomSoftAssert.java:310)
	at com.mobile.tests.GDPR_TCFV2_MetaAppTests.CheckNoConsentMessageDisplayAfterShowSiteInfo(GDPR_TCFV2_MetaAppTests.java:849)
	at sun.reflect.NativeMethodAccessorImpl.invoke0(Native Method)
	at sun.reflect.NativeMethodAccessorImpl.invoke(NativeMethodAccessorImpl.java:62)
	at sun.reflect.DelegatingMethodAccessorImpl.invoke(DelegatingMethodAccessorImpl.java:43)
	at java.lang.reflect.Method.invoke(Method.java:498)
	at org.testng.internal.MethodInvocationHelper.invokeMethod(MethodInvocationHelper.java:108)
	at org.testng.internal.Invoker.invokeMethod(Invoker.java:661)
	at org.testng.internal.Invoker.invokeTestMethod(Invoker.java:869)
	at org.testng.internal.Invoker.invokeTestMethods(Invoker.java:1193)
	at org.testng.internal.TestMethodWorker.invokeTestMethods(TestMethodWorker.java:126)
	at org.testng.internal.TestMethodWorker.run(TestMethodWorker.java:109)
	at org.testng.TestRunner.privateRun(TestRunner.java:744)
	at org.testng.TestRunner.run(TestRunner.java:602)
	at org.testng.SuiteRunner.runTest(SuiteRunner.java:380)
	at org.testng.SuiteRunner.access$000(SuiteRunner.java:39)
	at org.testng.SuiteRunner$SuiteWorker.run(SuiteRunner.java:414)
	at org.testng.internal.thread.ThreadUtil$1.call(ThreadUtil.java:52)
	at java.util.concurrent.FutureTask.run(FutureTask.java:266)
	at java.util.concurrent.ThreadPoolExecutor.runWorker(ThreadPoolExecutor.java:1149)
	at java.util.concurrent.ThreadPoolExecutor$Worker.run(ThreadPoolExecutor.java:624)
	at java.lang.Thread.run(Thread.java:748)
</pre></div></td>
<td>153</td>
<td>com.mobile.tests.GDPR_TCFV2_MetaAppTests@3d0f8e03</td></tr>
<tr>
<td title='com.mobile.tests.GDPR_TCFV2_MetaAppTests.CheckNoMessageWithShowOnceCriteriaWhenConsentAlreadySaved()'><b>CheckNoMessageWithShowOnceCriteriaWhenConsentAlreadySaved</b><br>Test class: com.mobile.tests.GDPR_TCFV2_MetaAppTests<br>Parameters: D22AF98C-4968-454E-8309-DD1A1C7DD827</td>
<td><div><pre>java.lang.AssertionError: The following asserts failed:
	expected [ShowOnce :We use cookies to give you the best experience] but found [The performance and effectiveness of content that you see or interact with can be measured.],
	expected [We and our partners require consent for the following purposes:] but found [Your data can be used to improve existing systems and software, and to develop new products]
	at com.cybage.frameworkutility.assertion.CustomSoftAssert.assertAll(CustomSoftAssert.java:310)
	at com.mobile.tests.GDPR_TCFV2_MetaAppTests.CheckNoMessageWithShowOnceCriteriaWhenConsentAlreadySaved(GDPR_TCFV2_MetaAppTests.java:1111)
	at java.util.concurrent.FutureTask.run(FutureTask.java:266)
	at java.util.concurrent.ThreadPoolExecutor.runWorker(ThreadPoolExecutor.java:1149)
	at java.util.concurrent.ThreadPoolExecutor$Worker.run(ThreadPoolExecutor.java:624)
	at java.lang.Thread.run(Thread.java:748)
... Removed 17 stack frames</pre></div><a href='#' onClick='toggleBox("stack-trace1276402803", this, "Click to show all stack frames", "Click to hide stack frames")'>Click to show all stack frames</a>
<div class='stack-trace' id='stack-trace1276402803'><pre>java.lang.AssertionError: The following asserts failed:
	expected [ShowOnce :We use cookies to give you the best experience] but found [The performance and effectiveness of content that you see or interact with can be measured.],
	expected [We and our partners require consent for the following purposes:] but found [Your data can be used to improve existing systems and software, and to develop new products]
	at org.testng.asserts.SoftAssert.assertAll(SoftAssert.java:43)
	at com.cybage.frameworkutility.assertion.CustomSoftAssert.assertAll(CustomSoftAssert.java:310)
	at com.mobile.tests.GDPR_TCFV2_MetaAppTests.CheckNoMessageWithShowOnceCriteriaWhenConsentAlreadySaved(GDPR_TCFV2_MetaAppTests.java:1111)
	at sun.reflect.NativeMethodAccessorImpl.invoke0(Native Method)
	at sun.reflect.NativeMethodAccessorImpl.invoke(NativeMethodAccessorImpl.java:62)
	at sun.reflect.DelegatingMethodAccessorImpl.invoke(DelegatingMethodAccessorImpl.java:43)
	at java.lang.reflect.Method.invoke(Method.java:498)
	at org.testng.internal.MethodInvocationHelper.invokeMethod(MethodInvocationHelper.java:108)
	at org.testng.internal.Invoker.invokeMethod(Invoker.java:661)
	at org.testng.internal.Invoker.invokeTestMethod(Invoker.java:869)
	at org.testng.internal.Invoker.invokeTestMethods(Invoker.java:1193)
	at org.testng.internal.TestMethodWorker.invokeTestMethods(TestMethodWorker.java:126)
	at org.testng.internal.TestMethodWorker.run(TestMethodWorker.java:109)
	at org.testng.TestRunner.privateRun(TestRunner.java:744)
	at org.testng.TestRunner.run(TestRunner.java:602)
	at org.testng.SuiteRunner.runTest(SuiteRunner.java:380)
	at org.testng.SuiteRunner.access$000(SuiteRunner.java:39)
	at org.testng.SuiteRunner$SuiteWorker.run(SuiteRunner.java:414)
	at org.testng.internal.thread.ThreadUtil$1.call(ThreadUtil.java:52)
	at java.util.concurrent.FutureTask.run(FutureTask.java:266)
	at java.util.concurrent.ThreadPoolExecutor.runWorker(ThreadPoolExecutor.java:1149)
	at java.util.concurrent.ThreadPoolExecutor$Worker.run(ThreadPoolExecutor.java:624)
	at java.lang.Thread.run(Thread.java:748)
</pre></div></td>
<td>117</td>
<td>com.mobile.tests.GDPR_TCFV2_MetaAppTests@3d0f8e03</td></tr>
<tr>
<td title='com.mobile.tests.GDPR_TCFV2_MetaAppTests.CheckPMAsMEssage()'><b>CheckPMAsMEssage</b><br>Test class: com.mobile.tests.GDPR_TCFV2_MetaAppTests<br>Parameters: D22AF98C-4968-454E-8309-DD1A1C7DD827</td>
<td><div><pre>java.lang.AssertionError: The following asserts failed:
	expected [true] but found [false]
	at com.cybage.frameworkutility.assertion.CustomSoftAssert.assertAll(CustomSoftAssert.java:310)
	at com.mobile.tests.GDPR_TCFV2_MetaAppTests.CheckPMAsMEssage(GDPR_TCFV2_MetaAppTests.java:1673)
	at java.util.concurrent.FutureTask.run(FutureTask.java:266)
	at java.util.concurrent.ThreadPoolExecutor.runWorker(ThreadPoolExecutor.java:1149)
	at java.util.concurrent.ThreadPoolExecutor$Worker.run(ThreadPoolExecutor.java:624)
	at java.lang.Thread.run(Thread.java:748)
... Removed 17 stack frames</pre></div><a href='#' onClick='toggleBox("stack-trace43557137", this, "Click to show all stack frames", "Click to hide stack frames")'>Click to show all stack frames</a>
<div class='stack-trace' id='stack-trace43557137'><pre>java.lang.AssertionError: The following asserts failed:
	expected [true] but found [false]
	at org.testng.asserts.SoftAssert.assertAll(SoftAssert.java:43)
	at com.cybage.frameworkutility.assertion.CustomSoftAssert.assertAll(CustomSoftAssert.java:310)
	at com.mobile.tests.GDPR_TCFV2_MetaAppTests.CheckPMAsMEssage(GDPR_TCFV2_MetaAppTests.java:1673)
	at sun.reflect.NativeMethodAccessorImpl.invoke0(Native Method)
	at sun.reflect.NativeMethodAccessorImpl.invoke(NativeMethodAccessorImpl.java:62)
	at sun.reflect.DelegatingMethodAccessorImpl.invoke(DelegatingMethodAccessorImpl.java:43)
	at java.lang.reflect.Method.invoke(Method.java:498)
	at org.testng.internal.MethodInvocationHelper.invokeMethod(MethodInvocationHelper.java:108)
	at org.testng.internal.Invoker.invokeMethod(Invoker.java:661)
	at org.testng.internal.Invoker.invokeTestMethod(Invoker.java:869)
	at org.testng.internal.Invoker.invokeTestMethods(Invoker.java:1193)
	at org.testng.internal.TestMethodWorker.invokeTestMethods(TestMethodWorker.java:126)
	at org.testng.internal.TestMethodWorker.run(TestMethodWorker.java:109)
	at org.testng.TestRunner.privateRun(TestRunner.java:744)
	at org.testng.TestRunner.run(TestRunner.java:602)
	at org.testng.SuiteRunner.runTest(SuiteRunner.java:380)
	at org.testng.SuiteRunner.access$000(SuiteRunner.java:39)
	at org.testng.SuiteRunner$SuiteWorker.run(SuiteRunner.java:414)
	at org.testng.internal.thread.ThreadUtil$1.call(ThreadUtil.java:52)
	at java.util.concurrent.FutureTask.run(FutureTask.java:266)
	at java.util.concurrent.ThreadPoolExecutor.runWorker(ThreadPoolExecutor.java:1149)
	at java.util.concurrent.ThreadPoolExecutor$Worker.run(ThreadPoolExecutor.java:624)
	at java.lang.Thread.run(Thread.java:748)
</pre></div></td>
<td>119</td>
<td>com.mobile.tests.GDPR_TCFV2_MetaAppTests@3d0f8e03</td></tr>
<tr>
<td title='com.mobile.tests.GDPR_TCFV2_MetaAppTests.CheckPropertDetailsOnMessageDismiss()'><b>CheckPropertDetailsOnMessageDismiss</b><br>Test class: com.mobile.tests.GDPR_TCFV2_MetaAppTests<br>Parameters: D22AF98C-4968-454E-8309-DD1A1C7DD827</td>
<td><div><pre>java.lang.IndexOutOfBoundsException: Index: 11, Size: 3
	at java.util.ArrayList.rangeCheck(ArrayList.java:657)
	at java.util.ArrayList.get(ArrayList.java:433)
	at com.mobile.tests.GDPR_TCFV2_MetaAppTests.CheckPropertDetailsOnMessageDismiss(GDPR_TCFV2_MetaAppTests.java:1596)
	at java.util.concurrent.FutureTask.run(FutureTask.java:266)
	at java.util.concurrent.ThreadPoolExecutor.runWorker(ThreadPoolExecutor.java:1149)
	at java.util.concurrent.ThreadPoolExecutor$Worker.run(ThreadPoolExecutor.java:624)
	at java.lang.Thread.run(Thread.java:748)
... Removed 16 stack frames</pre></div><a href='#' onClick='toggleBox("stack-trace2023015904", this, "Click to show all stack frames", "Click to hide stack frames")'>Click to show all stack frames</a>
<div class='stack-trace' id='stack-trace2023015904'><pre>java.lang.IndexOutOfBoundsException: Index: 11, Size: 3
	at java.util.ArrayList.rangeCheck(ArrayList.java:657)
	at java.util.ArrayList.get(ArrayList.java:433)
	at com.mobile.tests.GDPR_TCFV2_MetaAppTests.CheckPropertDetailsOnMessageDismiss(GDPR_TCFV2_MetaAppTests.java:1596)
	at sun.reflect.NativeMethodAccessorImpl.invoke0(Native Method)
	at sun.reflect.NativeMethodAccessorImpl.invoke(NativeMethodAccessorImpl.java:62)
	at sun.reflect.DelegatingMethodAccessorImpl.invoke(DelegatingMethodAccessorImpl.java:43)
	at java.lang.reflect.Method.invoke(Method.java:498)
	at org.testng.internal.MethodInvocationHelper.invokeMethod(MethodInvocationHelper.java:108)
	at org.testng.internal.Invoker.invokeMethod(Invoker.java:661)
	at org.testng.internal.Invoker.invokeTestMethod(Invoker.java:869)
	at org.testng.internal.Invoker.invokeTestMethods(Invoker.java:1193)
	at org.testng.internal.TestMethodWorker.invokeTestMethods(TestMethodWorker.java:126)
	at org.testng.internal.TestMethodWorker.run(TestMethodWorker.java:109)
	at org.testng.TestRunner.privateRun(TestRunner.java:744)
	at org.testng.TestRunner.run(TestRunner.java:602)
	at org.testng.SuiteRunner.runTest(SuiteRunner.java:380)
	at org.testng.SuiteRunner.access$000(SuiteRunner.java:39)
	at org.testng.SuiteRunner$SuiteWorker.run(SuiteRunner.java:414)
	at org.testng.internal.thread.ThreadUtil$1.call(ThreadUtil.java:52)
	at java.util.concurrent.FutureTask.run(FutureTask.java:266)
	at java.util.concurrent.ThreadPoolExecutor.runWorker(ThreadPoolExecutor.java:1149)
	at java.util.concurrent.ThreadPoolExecutor$Worker.run(ThreadPoolExecutor.java:624)
	at java.lang.Thread.run(Thread.java:748)
</pre></div></td>
<td>85</td>
<td>com.mobile.tests.GDPR_TCFV2_MetaAppTests@3d0f8e03</td></tr>
<tr>
<td title='com.mobile.tests.GDPR_TCFV2_MetaAppTests.CheckPurposeConsentAfterRestCookies()'><b>CheckPurposeConsentAfterRestCookies</b><br>Test class: com.mobile.tests.GDPR_TCFV2_MetaAppTests<br>Parameters: D22AF98C-4968-454E-8309-DD1A1C7DD827</td>
<td><div><pre>java.lang.IndexOutOfBoundsException: Index: 12, Size: 3
	at java.util.ArrayList.rangeCheck(ArrayList.java:657)
	at java.util.ArrayList.get(ArrayList.java:433)
	at com.mobile.tests.GDPR_TCFV2_MetaAppTests.CheckPurposeConsentAfterRestCookies(GDPR_TCFV2_MetaAppTests.java:550)
	at java.util.concurrent.FutureTask.run(FutureTask.java:266)
	at java.util.concurrent.ThreadPoolExecutor.runWorker(ThreadPoolExecutor.java:1149)
	at java.util.concurrent.ThreadPoolExecutor$Worker.run(ThreadPoolExecutor.java:624)
	at java.lang.Thread.run(Thread.java:748)
... Removed 16 stack frames</pre></div><a href='#' onClick='toggleBox("stack-trace1643062843", this, "Click to show all stack frames", "Click to hide stack frames")'>Click to show all stack frames</a>
<div class='stack-trace' id='stack-trace1643062843'><pre>java.lang.IndexOutOfBoundsException: Index: 12, Size: 3
	at java.util.ArrayList.rangeCheck(ArrayList.java:657)
	at java.util.ArrayList.get(ArrayList.java:433)
	at com.mobile.tests.GDPR_TCFV2_MetaAppTests.CheckPurposeConsentAfterRestCookies(GDPR_TCFV2_MetaAppTests.java:550)
	at sun.reflect.NativeMethodAccessorImpl.invoke0(Native Method)
	at sun.reflect.NativeMethodAccessorImpl.invoke(NativeMethodAccessorImpl.java:62)
	at sun.reflect.DelegatingMethodAccessorImpl.invoke(DelegatingMethodAccessorImpl.java:43)
	at java.lang.reflect.Method.invoke(Method.java:498)
	at org.testng.internal.MethodInvocationHelper.invokeMethod(MethodInvocationHelper.java:108)
	at org.testng.internal.Invoker.invokeMethod(Invoker.java:661)
	at org.testng.internal.Invoker.invokeTestMethod(Invoker.java:869)
	at org.testng.internal.Invoker.invokeTestMethods(Invoker.java:1193)
	at org.testng.internal.TestMethodWorker.invokeTestMethods(TestMethodWorker.java:126)
	at org.testng.internal.TestMethodWorker.run(TestMethodWorker.java:109)
	at org.testng.TestRunner.privateRun(TestRunner.java:744)
	at org.testng.TestRunner.run(TestRunner.java:602)
	at org.testng.SuiteRunner.runTest(SuiteRunner.java:380)
	at org.testng.SuiteRunner.access$000(SuiteRunner.java:39)
	at org.testng.SuiteRunner$SuiteWorker.run(SuiteRunner.java:414)
	at org.testng.internal.thread.ThreadUtil$1.call(ThreadUtil.java:52)
	at java.util.concurrent.FutureTask.run(FutureTask.java:266)
	at java.util.concurrent.ThreadPoolExecutor.runWorker(ThreadPoolExecutor.java:1149)
	at java.util.concurrent.ThreadPoolExecutor$Worker.run(ThreadPoolExecutor.java:624)
	at java.lang.Thread.run(Thread.java:748)
</pre></div></td>
<td>76</td>
<td>com.mobile.tests.GDPR_TCFV2_MetaAppTests@3d0f8e03</td></tr>
<tr>
<td title='com.mobile.tests.GDPR_TCFV2_MetaAppTests.CheckSavedConsentAlwaysWithSameAuthID()'><b>CheckSavedConsentAlwaysWithSameAuthID</b><br>Test class: com.mobile.tests.GDPR_TCFV2_MetaAppTests<br>Parameters: D22AF98C-4968-454E-8309-DD1A1C7DD827</td>
<td><div><pre>java.lang.AssertionError: The following asserts failed:
	expected [TCFv2 Message Title] but found [Your data can be used to improve existing systems and software, and to develop new products]
	at com.cybage.frameworkutility.assertion.CustomSoftAssert.assertAll(CustomSoftAssert.java:310)
	at com.mobile.tests.GDPR_TCFV2_MetaAppTests.CheckSavedConsentAlwaysWithSameAuthID(GDPR_TCFV2_MetaAppTests.java:1225)
	at java.util.concurrent.FutureTask.run(FutureTask.java:266)
	at java.util.concurrent.ThreadPoolExecutor.runWorker(ThreadPoolExecutor.java:1149)
	at java.util.concurrent.ThreadPoolExecutor$Worker.run(ThreadPoolExecutor.java:624)
	at java.lang.Thread.run(Thread.java:748)
... Removed 17 stack frames</pre></div><a href='#' onClick='toggleBox("stack-trace390399325", this, "Click to show all stack frames", "Click to hide stack frames")'>Click to show all stack frames</a>
<div class='stack-trace' id='stack-trace390399325'><pre>java.lang.AssertionError: The following asserts failed:
	expected [TCFv2 Message Title] but found [Your data can be used to improve existing systems and software, and to develop new products]
	at org.testng.asserts.SoftAssert.assertAll(SoftAssert.java:43)
	at com.cybage.frameworkutility.assertion.CustomSoftAssert.assertAll(CustomSoftAssert.java:310)
	at com.mobile.tests.GDPR_TCFV2_MetaAppTests.CheckSavedConsentAlwaysWithSameAuthID(GDPR_TCFV2_MetaAppTests.java:1225)
	at sun.reflect.NativeMethodAccessorImpl.invoke0(Native Method)
	at sun.reflect.NativeMethodAccessorImpl.invoke(NativeMethodAccessorImpl.java:62)
	at sun.reflect.DelegatingMethodAccessorImpl.invoke(DelegatingMethodAccessorImpl.java:43)
	at java.lang.reflect.Method.invoke(Method.java:498)
	at org.testng.internal.MethodInvocationHelper.invokeMethod(MethodInvocationHelper.java:108)
	at org.testng.internal.Invoker.invokeMethod(Invoker.java:661)
	at org.testng.internal.Invoker.invokeTestMethod(Invoker.java:869)
	at org.testng.internal.Invoker.invokeTestMethods(Invoker.java:1193)
	at org.testng.internal.TestMethodWorker.invokeTestMethods(TestMethodWorker.java:126)
	at org.testng.internal.TestMethodWorker.run(TestMethodWorker.java:109)
	at org.testng.TestRunner.privateRun(TestRunner.java:744)
	at org.testng.TestRunner.run(TestRunner.java:602)
	at org.testng.SuiteRunner.runTest(SuiteRunner.java:380)
	at org.testng.SuiteRunner.access$000(SuiteRunner.java:39)
	at org.testng.SuiteRunner$SuiteWorker.run(SuiteRunner.java:414)
	at org.testng.internal.thread.ThreadUtil$1.call(ThreadUtil.java:52)
	at java.util.concurrent.FutureTask.run(FutureTask.java:266)
	at java.util.concurrent.ThreadPoolExecutor.runWorker(ThreadPoolExecutor.java:1149)
	at java.util.concurrent.ThreadPoolExecutor$Worker.run(ThreadPoolExecutor.java:624)
	at java.lang.Thread.run(Thread.java:748)
</pre></div></td>
<td>83</td>
<td>com.mobile.tests.GDPR_TCFV2_MetaAppTests@3d0f8e03</td></tr>
<tr>
<td title='com.mobile.tests.GDPR_TCFV2_MetaAppTests.DeleteSite()'><b>DeleteSite</b><br>Test class: com.mobile.tests.GDPR_TCFV2_MetaAppTests<br>Parameters: D22AF98C-4968-454E-8309-DD1A1C7DD827</td>
<td><div><pre>java.lang.AssertionError: The following asserts failed:
	expected [TCFv2 Message Title] but found [Your data can be used to improve existing systems and software, and to develop new products]
	at com.cybage.frameworkutility.assertion.CustomSoftAssert.assertAll(CustomSoftAssert.java:310)
	at com.mobile.tests.GDPR_TCFV2_MetaAppTests.DeleteSite(GDPR_TCFV2_MetaAppTests.java:930)
	at java.util.concurrent.FutureTask.run(FutureTask.java:266)
	at java.util.concurrent.ThreadPoolExecutor.runWorker(ThreadPoolExecutor.java:1149)
	at java.util.concurrent.ThreadPoolExecutor$Worker.run(ThreadPoolExecutor.java:624)
	at java.lang.Thread.run(Thread.java:748)
... Removed 17 stack frames</pre></div><a href='#' onClick='toggleBox("stack-trace1950795472", this, "Click to show all stack frames", "Click to hide stack frames")'>Click to show all stack frames</a>
<div class='stack-trace' id='stack-trace1950795472'><pre>java.lang.AssertionError: The following asserts failed:
	expected [TCFv2 Message Title] but found [Your data can be used to improve existing systems and software, and to develop new products]
	at org.testng.asserts.SoftAssert.assertAll(SoftAssert.java:43)
	at com.cybage.frameworkutility.assertion.CustomSoftAssert.assertAll(CustomSoftAssert.java:310)
	at com.mobile.tests.GDPR_TCFV2_MetaAppTests.DeleteSite(GDPR_TCFV2_MetaAppTests.java:930)
	at sun.reflect.NativeMethodAccessorImpl.invoke0(Native Method)
	at sun.reflect.NativeMethodAccessorImpl.invoke(NativeMethodAccessorImpl.java:62)
	at sun.reflect.DelegatingMethodAccessorImpl.invoke(DelegatingMethodAccessorImpl.java:43)
	at java.lang.reflect.Method.invoke(Method.java:498)
	at org.testng.internal.MethodInvocationHelper.invokeMethod(MethodInvocationHelper.java:108)
	at org.testng.internal.Invoker.invokeMethod(Invoker.java:661)
	at org.testng.internal.Invoker.invokeTestMethod(Invoker.java:869)
	at org.testng.internal.Invoker.invokeTestMethods(Invoker.java:1193)
	at org.testng.internal.TestMethodWorker.invokeTestMethods(TestMethodWorker.java:126)
	at org.testng.internal.TestMethodWorker.run(TestMethodWorker.java:109)
	at org.testng.TestRunner.privateRun(TestRunner.java:744)
	at org.testng.TestRunner.run(TestRunner.java:602)
	at org.testng.SuiteRunner.runTest(SuiteRunner.java:380)
	at org.testng.SuiteRunner.access$000(SuiteRunner.java:39)
	at org.testng.SuiteRunner$SuiteWorker.run(SuiteRunner.java:414)
	at org.testng.internal.thread.ThreadUtil$1.call(ThreadUtil.java:52)
	at java.util.concurrent.FutureTask.run(FutureTask.java:266)
	at java.util.concurrent.ThreadPoolExecutor.runWorker(ThreadPoolExecutor.java:1149)
	at java.util.concurrent.ThreadPoolExecutor$Worker.run(ThreadPoolExecutor.java:624)
	at java.lang.Thread.run(Thread.java:748)
</pre></div></td>
<td>83</td>
<td>com.mobile.tests.GDPR_TCFV2_MetaAppTests@3d0f8e03</td></tr>
<tr>
<td title='com.mobile.tests.GDPR_TCFV2_MetaAppTests.EditSiteWithConsentGivenBefore()'><b>EditSiteWithConsentGivenBefore</b><br>Test class: com.mobile.tests.GDPR_TCFV2_MetaAppTests<br>Parameters: D22AF98C-4968-454E-8309-DD1A1C7DD827</td>
<td><div><pre>java.lang.IndexOutOfBoundsException: Index: 12, Size: 3
	at java.util.ArrayList.rangeCheck(ArrayList.java:657)
	at java.util.ArrayList.get(ArrayList.java:433)
	at com.mobile.tests.GDPR_TCFV2_MetaAppTests.EditSiteWithConsentGivenBefore(GDPR_TCFV2_MetaAppTests.java:976)
	at java.util.concurrent.FutureTask.run(FutureTask.java:266)
	at java.util.concurrent.ThreadPoolExecutor.runWorker(ThreadPoolExecutor.java:1149)
	at java.util.concurrent.ThreadPoolExecutor$Worker.run(ThreadPoolExecutor.java:624)
	at java.lang.Thread.run(Thread.java:748)
... Removed 16 stack frames</pre></div><a href='#' onClick='toggleBox("stack-trace111370471", this, "Click to show all stack frames", "Click to hide stack frames")'>Click to show all stack frames</a>
<div class='stack-trace' id='stack-trace111370471'><pre>java.lang.IndexOutOfBoundsException: Index: 12, Size: 3
	at java.util.ArrayList.rangeCheck(ArrayList.java:657)
	at java.util.ArrayList.get(ArrayList.java:433)
	at com.mobile.tests.GDPR_TCFV2_MetaAppTests.EditSiteWithConsentGivenBefore(GDPR_TCFV2_MetaAppTests.java:976)
	at sun.reflect.NativeMethodAccessorImpl.invoke0(Native Method)
	at sun.reflect.NativeMethodAccessorImpl.invoke(NativeMethodAccessorImpl.java:62)
	at sun.reflect.DelegatingMethodAccessorImpl.invoke(DelegatingMethodAccessorImpl.java:43)
	at java.lang.reflect.Method.invoke(Method.java:498)
	at org.testng.internal.MethodInvocationHelper.invokeMethod(MethodInvocationHelper.java:108)
	at org.testng.internal.Invoker.invokeMethod(Invoker.java:661)
	at org.testng.internal.Invoker.invokeTestMethod(Invoker.java:869)
	at org.testng.internal.Invoker.invokeTestMethods(Invoker.java:1193)
	at org.testng.internal.TestMethodWorker.invokeTestMethods(TestMethodWorker.java:126)
	at org.testng.internal.TestMethodWorker.run(TestMethodWorker.java:109)
	at org.testng.TestRunner.privateRun(TestRunner.java:744)
	at org.testng.TestRunner.run(TestRunner.java:602)
	at org.testng.SuiteRunner.runTest(SuiteRunner.java:380)
	at org.testng.SuiteRunner.access$000(SuiteRunner.java:39)
	at org.testng.SuiteRunner$SuiteWorker.run(SuiteRunner.java:414)
	at org.testng.internal.thread.ThreadUtil$1.call(ThreadUtil.java:52)
	at java.util.concurrent.FutureTask.run(FutureTask.java:266)
	at java.util.concurrent.ThreadPoolExecutor.runWorker(ThreadPoolExecutor.java:1149)
	at java.util.concurrent.ThreadPoolExecutor$Worker.run(ThreadPoolExecutor.java:624)
	at java.lang.Thread.run(Thread.java:748)
</pre></div></td>
<td>73</td>
<td>com.mobile.tests.GDPR_TCFV2_MetaAppTests@3d0f8e03</td></tr>
</table><p>
</body>
</html>