<?xml version="1.0" encoding="UTF-8"?>
<!-- Generated by org.testng.reporters.JUnitXMLReporter -->
<testsuite hostname="Vishals-Mac.local" ignored="69" name="MobileTest-6DBE621E-0E13-4783-B50F-BF131C37DF68" tests="10" failures="6" timestamp="02 Apr 2020 15:58:19 GMT" time="2179.296" errors="0">
  <testcase name="CheckAcceptAllFromPrivacyManager" time="6.084" classname="com.mobile.tests.GDPR_TCFV2_MetaAppTests">
    <failure type="java.lang.AssertionError" message="Exception occured while clicking on Located by By.chained({By.AccessibilityId: Add})Exception details - Can&amp;apos;t locate an element by this strategy: By.chained({By.AccessibilityId: Add})">
      <![CDATA[java.lang.AssertionError: Exception occured while clicking on Located by By.chained({By.AccessibilityId: Add})Exception details - Can't locate an element by this strategy: By.chained({By.AccessibilityId: Add})
	at com.cybage.frameworkutility.utilities.Report.LogFailwithScreenCapture(Report.java:903)
	at com.cybage.mobileFramework.BaseMobileDriver.clickOn(BaseMobileDriver.java:340)
	at com.mobile.tests.GDPR_TCFV2_MetaAppTests.CheckAcceptAllFromPrivacyManager(GDPR_TCFV2_MetaAppTests.java:71)
	at java.util.concurrent.FutureTask.run(FutureTask.java:266)
	at java.util.concurrent.ThreadPoolExecutor.runWorker(ThreadPoolExecutor.java:1149)
	at java.util.concurrent.ThreadPoolExecutor$Worker.run(ThreadPoolExecutor.java:624)
	at java.lang.Thread.run(Thread.java:748)
... Removed 17 stack frames]]>
    </failure>
  </testcase> <!-- CheckAcceptAllFromPrivacyManager -->
  <testcase name="CheckCancelFromDirectPrivacyManager" time="201.213" classname="com.mobile.tests.GDPR_TCFV2_MetaAppTests">
    <failure type="java.lang.AssertionError" message="The following asserts failed:
	expected [true] but found [false]">
      <![CDATA[java.lang.AssertionError: The following asserts failed:
	expected [true] but found [false]
	at com.cybage.frameworkutility.assertion.CustomSoftAssert.assertAll(CustomSoftAssert.java:310)
	at com.mobile.tests.GDPR_TCFV2_MetaAppTests.CheckCancelFromDirectPrivacyManager(GDPR_TCFV2_MetaAppTests.java:772)
	at java.util.concurrent.FutureTask.run(FutureTask.java:266)
	at java.util.concurrent.ThreadPoolExecutor.runWorker(ThreadPoolExecutor.java:1149)
	at java.util.concurrent.ThreadPoolExecutor$Worker.run(ThreadPoolExecutor.java:624)
	at java.lang.Thread.run(Thread.java:748)
... Removed 17 stack frames]]>
    </failure>
  </testcase> <!-- CheckCancelFromDirectPrivacyManager -->
  <testcase name="CheckCancleFromPrivacyManager" time="227.08" classname="com.mobile.tests.GDPR_TCFV2_MetaAppTests">
    <failure type="java.lang.IndexOutOfBoundsException" message="Index: 11, Size: 11">
      <![CDATA[java.lang.IndexOutOfBoundsException: Index: 11, Size: 11
	at java.util.ArrayList.rangeCheck(ArrayList.java:657)
	at java.util.ArrayList.get(ArrayList.java:433)
	at com.mobile.tests.GDPR_TCFV2_MetaAppTests.CheckCancleFromPrivacyManager(GDPR_TCFV2_MetaAppTests.java:208)
	at java.util.concurrent.FutureTask.run(FutureTask.java:266)
	at java.util.concurrent.ThreadPoolExecutor.runWorker(ThreadPoolExecutor.java:1149)
	at java.util.concurrent.ThreadPoolExecutor$Worker.run(ThreadPoolExecutor.java:624)
	at java.lang.Thread.run(Thread.java:748)
... Removed 16 stack frames]]>
    </failure>
  </testcase> <!-- CheckCancleFromPrivacyManager -->
  <testcase name="CheckConsentDataFromPrivacyManagerDirect" time="209.419" classname="com.mobile.tests.GDPR_TCFV2_MetaAppTests">
    <failure type="java.lang.AssertionError" message="The following asserts failed:
	expected [true] but found [false],
	expected [true] but found [false]">
      <![CDATA[java.lang.AssertionError: The following asserts failed:
	expected [true] but found [false],
	expected [true] but found [false]
	at com.cybage.frameworkutility.assertion.CustomSoftAssert.assertAll(CustomSoftAssert.java:310)
	at com.mobile.tests.GDPR_TCFV2_MetaAppTests.CheckConsentDataFromPrivacyManagerDirect(GDPR_TCFV2_MetaAppTests.java:684)
	at java.util.concurrent.FutureTask.run(FutureTask.java:266)
	at java.util.concurrent.ThreadPoolExecutor.runWorker(ThreadPoolExecutor.java:1149)
	at java.util.concurrent.ThreadPoolExecutor$Worker.run(ThreadPoolExecutor.java:624)
	at java.lang.Thread.run(Thread.java:748)
... Removed 17 stack frames]]>
    </failure>
  </testcase> <!-- CheckConsentDataFromPrivacyManagerDirect -->
  <testcase name="CheckConsentOnAcceptAllFromConsentView" time="216.718" classname="com.mobile.tests.GDPR_TCFV2_MetaAppTests"/>
  <testcase name="CheckConsentOnRejectAllFromConsentView" time="232.703" classname="com.mobile.tests.GDPR_TCFV2_MetaAppTests"/>
  <testcase name="CheckConsentOnRejectAllFromPM" time="263.311" classname="com.mobile.tests.GDPR_TCFV2_MetaAppTests"/>
  <testcase name="CheckNoConsentMessageDisplayAfterShowSiteInfo" time="136.119" classname="com.mobile.tests.GDPR_TCFV2_MetaAppTests"/>
  <testcase name="CheckPurposeConsentAfterRestCookies" time="211.348" classname="com.mobile.tests.GDPR_TCFV2_MetaAppTests">
    <failure type="java.lang.AssertionError" message="Exception occured while clicking on Located by By.chained({By.xpath: //XCUIElementTypeButton[@name=&amp;apos;MANAGE PREFERENCES&amp;apos;]})Exception details - Can&amp;apos;t locate an element by this strategy: By.chained({By.xpath: //XCUIElementTypeButton[@name=&amp;apos;MANAGE PREFERENCES&amp;apos;]})">
      <![CDATA[java.lang.AssertionError: Exception occured while clicking on Located by By.chained({By.xpath: //XCUIElementTypeButton[@name='MANAGE PREFERENCES']})Exception details - Can't locate an element by this strategy: By.chained({By.xpath: //XCUIElementTypeButton[@name='MANAGE PREFERENCES']})
	at com.cybage.frameworkutility.utilities.Report.LogFailwithScreenCapture(Report.java:903)
	at com.cybage.mobileFramework.BaseMobileDriver.clickOn(BaseMobileDriver.java:340)
	at com.mobile.tests.GDPR_TCFV2_MetaAppTests.CheckPurposeConsentAfterRestCookies(GDPR_TCFV2_MetaAppTests.java:587)
	at java.util.concurrent.FutureTask.run(FutureTask.java:266)
	at java.util.concurrent.ThreadPoolExecutor.runWorker(ThreadPoolExecutor.java:1149)
	at java.util.concurrent.ThreadPoolExecutor$Worker.run(ThreadPoolExecutor.java:624)
	at java.lang.Thread.run(Thread.java:748)
... Removed 17 stack frames]]>
    </failure>
  </testcase> <!-- CheckPurposeConsentAfterRestCookies -->
  <testcase name="DeleteSite" time="154.893" classname="com.mobile.tests.GDPR_TCFV2_MetaAppTests">
    <failure type="java.lang.AssertionError" message="The following asserts failed:
	expected [true] but found [false],
	expected [true] but found [false],
	expected [true] but found [false]">
      <![CDATA[java.lang.AssertionError: The following asserts failed:
	expected [true] but found [false],
	expected [true] but found [false],
	expected [true] but found [false]
	at com.cybage.frameworkutility.assertion.CustomSoftAssert.assertAll(CustomSoftAssert.java:310)
	at com.mobile.tests.GDPR_TCFV2_MetaAppTests.DeleteSite(GDPR_TCFV2_MetaAppTests.java:930)
	at java.util.concurrent.FutureTask.run(FutureTask.java:266)
	at java.util.concurrent.ThreadPoolExecutor.runWorker(ThreadPoolExecutor.java:1149)
	at java.util.concurrent.ThreadPoolExecutor$Worker.run(ThreadPoolExecutor.java:624)
	at java.lang.Thread.run(Thread.java:748)
... Removed 17 stack frames]]>
    </failure>
  </testcase> <!-- DeleteSite -->
  <testcase name="CheckNoMessageWithShowOnceCriteriaWhenConsentAlreadySaved" time="0.0" classname="com.mobile.tests.GDPR_MetaAppE2ETests">
    <ignored/>
  </testcase> <!-- CheckNoMessageWithShowOnceCriteriaWhenConsentAlreadySaved -->
  <testcase name="CheckConsentOnRejectAllFromConsentView" time="0.0" classname="com.mobile.tests.GDPR_SDKTests">
    <ignored/>
  </testcase> <!-- CheckConsentOnRejectAllFromConsentView -->
  <testcase name="CheckAcceptAllFromPrivacyManager" time="0.0" classname="com.mobile.tests.GDPR_SDKTests">
    <ignored/>
  </testcase> <!-- CheckAcceptAllFromPrivacyManager -->
  <testcase name="CheckConsentOnRejectAllFromPM" time="0.0" classname="com.mobile.tests.CCPA_SDKTests">
    <ignored/>
  </testcase> <!-- CheckConsentOnRejectAllFromPM -->
  <testcase name="CheckErrorForDuplicateSite" time="0.0" classname="com.mobile.tests.CCPA_MetaAppE2ETests">
    <ignored/>
  </testcase> <!-- CheckErrorForDuplicateSite -->
  <testcase name="CheckCancelFromDirectPrivacyManager" time="0.0" classname="com.mobile.tests.CCPA_SDKTests">
    <ignored/>
  </testcase> <!-- CheckCancelFromDirectPrivacyManager -->
  <testcase name="CreateAndLauncheNewSiteWithAppLaunchParameter_CheckConsent" time="0.0" classname="com.mobile.tests.CCPA_MetaAppE2ETests">
    <ignored/>
  </testcase> <!-- CreateAndLauncheNewSiteWithAppLaunchParameter_CheckConsent -->
  <testcase name="CheckErrorForWrongSiteIdWhileCreatingNewSite" time="0.0" classname="com.mobile.tests.GDPR_MetaAppE2ETests">
    <ignored/>
  </testcase> <!-- CheckErrorForWrongSiteIdWhileCreatingNewSite -->
  <testcase name="DeleteSite" time="0.0" classname="com.mobile.tests.CCPA_MetaAppE2ETests">
    <ignored/>
  </testcase> <!-- DeleteSite -->
  <testcase name="CheckConsentForTargetingParameterAfterAcceptAll" time="0.0" classname="com.mobile.tests.CCPA_MetaAppE2ETests">
    <ignored/>
  </testcase> <!-- CheckConsentForTargetingParameterAfterAcceptAll -->
  <testcase name="ResetCookies" time="0.0" classname="com.mobile.tests.CCPA_MetaAppE2ETests">
    <ignored/>
  </testcase> <!-- ResetCookies -->
  <testcase name="CheckConsentMessageDisplayAfterDeleteCookies" time="0.0" classname="com.mobile.tests.GDPR_MetaAppE2ETests">
    <ignored/>
  </testcase> <!-- CheckConsentMessageDisplayAfterDeleteCookies -->
  <testcase name="CheckSavedConsentAlwaysWithSameAuthID" time="0.0" classname="com.mobile.tests.CCPA_MetaAppE2ETests">
    <ignored/>
  </testcase> <!-- CheckSavedConsentAlwaysWithSameAuthID -->
  <testcase name="@AfterSuite projectDestroy" time="0.0" classname="com.frameworkbase.DriverBase">
    <ignored/>
  </testcase> <!-- @AfterSuite projectDestroy -->
  <testcase name="@AfterSuite projectDestroy" time="0.0" classname="com.frameworkbase.DriverBase">
    <ignored/>
  </testcase> <!-- @AfterSuite projectDestroy -->
  <testcase name="@AfterSuite projectDestroy" time="0.0" classname="com.frameworkbase.DriverBase">
    <ignored/>
  </testcase> <!-- @AfterSuite projectDestroy -->
  <testcase name="@AfterSuite projectDestroy" time="0.0" classname="com.frameworkbase.DriverBase">
    <ignored/>
  </testcase> <!-- @AfterSuite projectDestroy -->
  <testcase name="EditSiteWithConsentGivenBefore" time="0.0" classname="com.mobile.tests.GDPR_MetaAppE2ETests">
    <ignored/>
  </testcase> <!-- EditSiteWithConsentGivenBefore -->
  <testcase name="CheckCancleFromPrivacyManager" time="0.0" classname="com.mobile.tests.CCPA_SDKTests">
    <ignored/>
  </testcase> <!-- CheckCancleFromPrivacyManager -->
  <testcase name="CheckConsentForTargetingParameterAfterRejectAll" time="0.0" classname="com.mobile.tests.GDPR_MetaAppE2ETests">
    <ignored/>
  </testcase> <!-- CheckConsentForTargetingParameterAfterRejectAll -->
  <testcase name="CheckConsentWithSameAuthIDAfterDeletingAndRecreate" time="0.0" classname="com.mobile.tests.GDPR_MetaAppE2ETests">
    <ignored/>
  </testcase> <!-- CheckConsentWithSameAuthIDAfterDeletingAndRecreate -->
  <testcase name="@AfterTest AfterTestRun" time="0.0" classname="com.frameworkbase.DriverBase">
    <ignored/>
  </testcase> <!-- @AfterTest AfterTestRun -->
  <testcase name="@AfterTest AfterTestRun" time="0.0" classname="com.frameworkbase.DriverBase">
    <ignored/>
  </testcase> <!-- @AfterTest AfterTestRun -->
  <testcase name="@AfterTest AfterTestRun" time="0.0" classname="com.frameworkbase.DriverBase">
    <ignored/>
  </testcase> <!-- @AfterTest AfterTestRun -->
  <testcase name="@AfterTest AfterTestRun" time="0.0" classname="com.frameworkbase.DriverBase">
    <ignored/>
  </testcase> <!-- @AfterTest AfterTestRun -->
  <testcase name="EditSiteWithNoConsentGivenBefore" time="0.0" classname="com.mobile.tests.CCPA_MetaAppE2ETests">
    <ignored/>
  </testcase> <!-- EditSiteWithNoConsentGivenBefore -->
  <testcase name="CheckErrorForMandatoryFieldForCreateNewSite" time="0.0" classname="com.mobile.tests.GDPR_MetaAppE2ETests">
    <ignored/>
  </testcase> <!-- CheckErrorForMandatoryFieldForCreateNewSite -->
  <testcase name="CheckConsentDataFromPrivacyManagerDirect" time="0.0" classname="com.mobile.tests.GDPR_SDKTests">
    <ignored/>
  </testcase> <!-- CheckConsentDataFromPrivacyManagerDirect -->
  <testcase name="CheckPurposeConsentAfterRestCookies" time="0.0" classname="com.mobile.tests.GDPR_SDKTests">
    <ignored/>
  </testcase> <!-- CheckPurposeConsentAfterRestCookies -->
  <testcase name="CheckSavedConsentAlwaysWithSameAuthIDCrossPlatform" time="0.0" classname="com.mobile.tests.GDPR_MetaAppE2ETests">
    <ignored/>
  </testcase> <!-- CheckSavedConsentAlwaysWithSameAuthIDCrossPlatform -->
  <testcase name="@BeforeTest BeforeTestRun" time="0.0" classname="com.frameworkbase.DriverBase">
    <ignored/>
  </testcase> <!-- @BeforeTest BeforeTestRun -->
  <testcase name="@BeforeTest BeforeTestRun" time="0.0" classname="com.frameworkbase.DriverBase">
    <ignored/>
  </testcase> <!-- @BeforeTest BeforeTestRun -->
  <testcase name="@BeforeTest BeforeTestRun" time="0.0" classname="com.frameworkbase.DriverBase">
    <ignored/>
  </testcase> <!-- @BeforeTest BeforeTestRun -->
  <testcase name="@BeforeTest BeforeTestRun" time="0.0" classname="com.frameworkbase.DriverBase">
    <ignored/>
  </testcase> <!-- @BeforeTest BeforeTestRun -->
  <testcase name="CheckErrorForMandatoryFieldForParameter" time="0.0" classname="com.mobile.tests.CCPA_MetaAppE2ETests">
    <ignored/>
  </testcase> <!-- CheckErrorForMandatoryFieldForParameter -->
  <testcase name="CheckErrorForWrongSiteDetails" time="0.0" classname="com.mobile.tests.GDPR_MetaAppE2ETests">
    <ignored/>
  </testcase> <!-- CheckErrorForWrongSiteDetails -->
  <testcase name="CheckNoConsentMessageDisplayAfterShowSiteInfo" time="0.0" classname="com.mobile.tests.CCPA_MetaAppE2ETests">
    <ignored/>
  </testcase> <!-- CheckNoConsentMessageDisplayAfterShowSiteInfo -->
  <testcase name="CheckConsentWithSameAuthIDWithNewInstallation" time="0.0" classname="com.mobile.tests.GDPR_MetaAppE2ETests">
    <ignored/>
  </testcase> <!-- CheckConsentWithSameAuthIDWithNewInstallation -->
  <testcase name="ResetCookies" time="0.0" classname="com.mobile.tests.GDPR_MetaAppE2ETests">
    <ignored/>
  </testcase> <!-- ResetCookies -->
  <testcase name="CheckSavedConsentAlwaysWithSameAuthID" time="0.0" classname="com.mobile.tests.GDPR_MetaAppE2ETests">
    <ignored/>
  </testcase> <!-- CheckSavedConsentAlwaysWithSameAuthID -->
  <testcase name="CheckConsentMessageDisplayAfterDeleteCookies" time="0.0" classname="com.mobile.tests.CCPA_MetaAppE2ETests">
    <ignored/>
  </testcase> <!-- CheckConsentMessageDisplayAfterDeleteCookies -->
  <testcase name="CheckErrorForWrongSiteIdWhileCreatingNewSite" time="0.0" classname="com.mobile.tests.CCPA_MetaAppE2ETests">
    <ignored/>
  </testcase> <!-- CheckErrorForWrongSiteIdWhileCreatingNewSite -->
  <testcase name="DeleteSite" time="0.0" classname="com.mobile.tests.GDPR_MetaAppE2ETests">
    <ignored/>
  </testcase> <!-- DeleteSite -->
  <testcase name="CheckErrorForWrongCampaignDetails" time="0.0" classname="com.mobile.tests.CCPA_MetaAppE2ETests">
    <ignored/>
  </testcase> <!-- CheckErrorForWrongCampaignDetails -->
  <testcase name="CheckErrorForDuplicateSite" time="0.0" classname="com.mobile.tests.GDPR_MetaAppE2ETests">
    <ignored/>
  </testcase> <!-- CheckErrorForDuplicateSite -->
  <testcase name="CreateAndLauncheNewSiteWithAppLaunchParameter_CheckConsent" time="0.0" classname="com.mobile.tests.GDPR_MetaAppE2ETests">
    <ignored/>
  </testcase> <!-- CreateAndLauncheNewSiteWithAppLaunchParameter_CheckConsent -->
  <testcase name="CheckCancelFromDirectPrivacyManager" time="0.0" classname="com.mobile.tests.GDPR_SDKTests">
    <ignored/>
  </testcase> <!-- CheckCancelFromDirectPrivacyManager -->
  <testcase name="CheckConsentOnRejectAllFromPM" time="0.0" classname="com.mobile.tests.GDPR_SDKTests">
    <ignored/>
  </testcase> <!-- CheckConsentOnRejectAllFromPM -->
  <testcase name="CheckConsentForTargetingParameterAfterAcceptAll" time="0.0" classname="com.mobile.tests.GDPR_MetaAppE2ETests">
    <ignored/>
  </testcase> <!-- CheckConsentForTargetingParameterAfterAcceptAll -->
  <testcase name="CheckConsentOnAcceptAllFromConsentView" time="0.0" classname="com.mobile.tests.GDPR_SDKTests">
    <ignored/>
  </testcase> <!-- CheckConsentOnAcceptAllFromConsentView -->
  <testcase name="CheckNoMessageWithShowOnceCriteriaWhenConsentAlreadySaved" time="0.0" classname="com.mobile.tests.CCPA_MetaAppE2ETests">
    <ignored/>
  </testcase> <!-- CheckNoMessageWithShowOnceCriteriaWhenConsentAlreadySaved -->
  <testcase name="CheckNoConsentMessageDisplayAfterShowSiteInfo" time="0.0" classname="com.mobile.tests.GDPR_MetaAppE2ETests">
    <ignored/>
  </testcase> <!-- CheckNoConsentMessageDisplayAfterShowSiteInfo -->
  <testcase name="CheckConsentWithSameAuthIDWithNewInstallation" time="0.0" classname="com.mobile.tests.CCPA_MetaAppE2ETests">
    <ignored/>
  </testcase> <!-- CheckConsentWithSameAuthIDWithNewInstallation -->
  <testcase name="CheckConsentDataFromPrivacyManagerDirect" time="0.0" classname="com.mobile.tests.CCPA_SDKTests">
    <ignored/>
  </testcase> <!-- CheckConsentDataFromPrivacyManagerDirect -->
  <testcase name="CheckErrorForWrongCampaignDetails" time="0.0" classname="com.mobile.tests.GDPR_MetaAppE2ETests">
    <ignored/>
  </testcase> <!-- CheckErrorForWrongCampaignDetails -->
  <testcase name="CheckErrorForMandatoryFieldForParameter" time="0.0" classname="com.mobile.tests.GDPR_MetaAppE2ETests">
    <ignored/>
  </testcase> <!-- CheckErrorForMandatoryFieldForParameter -->
  <testcase name="CheckConsentOnRejectAllFromConsentView" time="0.0" classname="com.mobile.tests.CCPA_SDKTests">
    <ignored/>
  </testcase> <!-- CheckConsentOnRejectAllFromConsentView -->
  <testcase name="CheckErrorForWrongSiteDetails" time="0.0" classname="com.mobile.tests.CCPA_MetaAppE2ETests">
    <ignored/>
  </testcase> <!-- CheckErrorForWrongSiteDetails -->
  <testcase name="CheckErrorForMandatoryFieldForCreateNewSite" time="0.0" classname="com.mobile.tests.CCPA_MetaAppE2ETests">
    <ignored/>
  </testcase> <!-- CheckErrorForMandatoryFieldForCreateNewSite -->
  <testcase name="CheckCancleFromPrivacyManager" time="0.0" classname="com.mobile.tests.GDPR_SDKTests">
    <ignored/>
  </testcase> <!-- CheckCancleFromPrivacyManager -->
  <testcase name="CheckSavedConsentAlwaysWithSameAuthIDCrossPlatform" time="0.0" classname="com.mobile.tests.CCPA_MetaAppE2ETests">
    <ignored/>
  </testcase> <!-- CheckSavedConsentAlwaysWithSameAuthIDCrossPlatform -->
  <testcase name="@BeforeSuite projectSetUp" time="0.0" classname="com.frameworkbase.DriverBase">
    <ignored/>
  </testcase> <!-- @BeforeSuite projectSetUp -->
  <testcase name="@BeforeSuite projectSetUp" time="0.0" classname="com.frameworkbase.DriverBase">
    <ignored/>
  </testcase> <!-- @BeforeSuite projectSetUp -->
  <testcase name="@BeforeSuite projectSetUp" time="0.0" classname="com.frameworkbase.DriverBase">
    <ignored/>
  </testcase> <!-- @BeforeSuite projectSetUp -->
  <testcase name="@BeforeSuite projectSetUp" time="0.0" classname="com.frameworkbase.DriverBase">
    <ignored/>
  </testcase> <!-- @BeforeSuite projectSetUp -->
  <testcase name="EditSiteWithNoConsentGivenBefore" time="0.0" classname="com.mobile.tests.GDPR_MetaAppE2ETests">
    <ignored/>
  </testcase> <!-- EditSiteWithNoConsentGivenBefore -->
  <testcase name="CheckConsentForTargetingParameterAfterRejectAll" time="0.0" classname="com.mobile.tests.CCPA_MetaAppE2ETests">
    <ignored/>
  </testcase> <!-- CheckConsentForTargetingParameterAfterRejectAll -->
  <testcase name="CheckPurposeConsentAfterRestCookies" time="0.0" classname="com.mobile.tests.CCPA_SDKTests">
    <ignored/>
  </testcase> <!-- CheckPurposeConsentAfterRestCookies -->
  <testcase name="CheckConsentWithSameAuthIDAfterDeletingAndRecreate" time="0.0" classname="com.mobile.tests.CCPA_MetaAppE2ETests">
    <ignored/>
  </testcase> <!-- CheckConsentWithSameAuthIDAfterDeletingAndRecreate -->
</testsuite> <!-- MobileTest-6DBE621E-0E13-4783-B50F-BF131C37DF68 -->
