<?xml version="1.0" encoding="UTF-8"?>
<!-- Generated by org.testng.reporters.JUnitXMLReporter -->
<testsuite hostname="Vishals-Mac.local" ignored="63" name="MobileTest-emulator-5554" tests="11" failures="0" timestamp="05 Jun 2020 05:23:20 GMT" time="47.323" errors="0">
  <testcase name="@BeforeMethod mobileSetUp" time="44.844" classname="com.mobile.tests.GDPR_TCFV1_MetaAppE2ETests">
    <failure type="java.lang.AssertionError" message="Exception occured while launching the Application on - emulator-5554 having OS version - 10. Exception details - Framework Exception Unable to create a new remote session. Please check the server log for more details. Original error: An unknown server-side error occurred while processing the command. Original error: Could not find a connected Android device.
Build info: version: &amp;apos;3.141.59&amp;apos;, revision: &amp;apos;e82be7d358&amp;apos;, time: &amp;apos;2018-11-14T08:17:03&amp;apos;
System info: host: &amp;apos;Vishals-Mac.local&amp;apos;, ip: &amp;apos;fe80:0:0:0:c20:3d65:1640:1787%en0&amp;apos;, os.name: &amp;apos;Mac OS X&amp;apos;, os.arch: &amp;apos;x86_64&amp;apos;, os.version: &amp;apos;10.14.6&amp;apos;, java.version: &amp;apos;1.8.0_222&amp;apos;
Driver info: driver.version: MobileDriver
remote stacktrace: UnknownError: An unknown server-side error occurred while processing the command. Original error: Could not find a connected Android device.
    at getResponseForW3CError (/usr/local/lib/node_modules/appium/node_modules/appium-base-driver/lib/protocol/errors.js:826:9)
    at asyncHandler (/usr/local/lib/node_modules/appium/node_modules/appium-base-driver/lib/protocol/protocol.js:388:37)
Build info: version: &amp;apos;3.141.59&amp;apos;, revision: &amp;apos;e82be7d358&amp;apos;, time: &amp;apos;2018-11-14T08:17:03&amp;apos;
System info: host: &amp;apos;Vishals-Mac.local&amp;apos;, ip: &amp;apos;fe80:0:0:0:c20:3d65:1640:1787%en0&amp;apos;, os.name: &amp;apos;Mac OS X&amp;apos;, os.arch: &amp;apos;x86_64&amp;apos;, os.version: &amp;apos;10.14.6&amp;apos;, java.version: &amp;apos;1.8.0_222&amp;apos;
Driver info: driver.version: MobileDriver">
      <![CDATA[java.lang.AssertionError: Exception occured while launching the Application on - emulator-5554 having OS version - 10. Exception details - Framework Exception Unable to create a new remote session. Please check the server log for more details. Original error: An unknown server-side error occurred while processing the command. Original error: Could not find a connected Android device.
Build info: version: '3.141.59', revision: 'e82be7d358', time: '2018-11-14T08:17:03'
System info: host: 'Vishals-Mac.local', ip: 'fe80:0:0:0:c20:3d65:1640:1787%en0', os.name: 'Mac OS X', os.arch: 'x86_64', os.version: '10.14.6', java.version: '1.8.0_222'
Driver info: driver.version: MobileDriver
remote stacktrace: UnknownError: An unknown server-side error occurred while processing the command. Original error: Could not find a connected Android device.
    at getResponseForW3CError (/usr/local/lib/node_modules/appium/node_modules/appium-base-driver/lib/protocol/errors.js:826:9)
    at asyncHandler (/usr/local/lib/node_modules/appium/node_modules/appium-base-driver/lib/protocol/protocol.js:388:37)
Build info: version: '3.141.59', revision: 'e82be7d358', time: '2018-11-14T08:17:03'
System info: host: 'Vishals-Mac.local', ip: 'fe80:0:0:0:c20:3d65:1640:1787%en0', os.name: 'Mac OS X', os.arch: 'x86_64', os.version: '10.14.6', java.version: '1.8.0_222'
Driver info: driver.version: MobileDriver
	at com.cybage.frameworkutility.utilities.Report.LogFail(Report.java:748)
	at com.fusion.plugin.extension.mobile.MobileDriver.setup(MobileDriver.java:215)
	at com.frameworkbase.DriverBase.createDriver(DriverBase.java:152)
	at com.frameworkbase.DriverBase.createMobileDriver(DriverBase.java:169)
	at com.mobile.tests.GDPR_TCFV1_MetaAppE2ETests.mobileSetUp(GDPR_TCFV1_MetaAppE2ETests.java:31)
	at java.util.concurrent.FutureTask.run(FutureTask.java:266)
	at java.util.concurrent.ThreadPoolExecutor.runWorker(ThreadPoolExecutor.java:1149)
	at java.util.concurrent.ThreadPoolExecutor$Worker.run(ThreadPoolExecutor.java:624)
	at java.lang.Thread.run(Thread.java:748)
... Removed 19 stack frames]]>
    </failure>
  </testcase> <!-- @BeforeMethod mobileSetUp -->
  <testcase name="@BeforeMethod mobileSetUp" time="0.001" classname="com.mobile.tests.GDPR_TCFV1_MetaAppE2ETests">
    <failure type="java.lang.NullPointerException">
      <![CDATA[java.lang.NullPointerException
	at com.frameworkbase.DriverBase.createDriver(DriverBase.java:136)
	at com.frameworkbase.DriverBase.createMobileDriver(DriverBase.java:169)
	at com.mobile.tests.GDPR_TCFV1_MetaAppE2ETests.mobileSetUp(GDPR_TCFV1_MetaAppE2ETests.java:31)
	at java.util.concurrent.FutureTask.run(FutureTask.java:266)
	at java.util.concurrent.ThreadPoolExecutor.runWorker(ThreadPoolExecutor.java:1149)
	at java.util.concurrent.ThreadPoolExecutor$Worker.run(ThreadPoolExecutor.java:624)
	at java.lang.Thread.run(Thread.java:748)
... Removed 18 stack frames]]>
    </failure>
  </testcase> <!-- @BeforeMethod mobileSetUp -->
  <testcase name="@BeforeMethod mobileSetUp" time="0.0" classname="com.mobile.tests.GDPR_TCFV1_MetaAppE2ETests">
    <failure type="java.lang.NullPointerException">
      <![CDATA[java.lang.NullPointerException
	at com.frameworkbase.DriverBase.createDriver(DriverBase.java:136)
	at com.frameworkbase.DriverBase.createMobileDriver(DriverBase.java:169)
	at com.mobile.tests.GDPR_TCFV1_MetaAppE2ETests.mobileSetUp(GDPR_TCFV1_MetaAppE2ETests.java:31)
	at java.util.concurrent.FutureTask.run(FutureTask.java:266)
	at java.util.concurrent.ThreadPoolExecutor.runWorker(ThreadPoolExecutor.java:1149)
	at java.util.concurrent.ThreadPoolExecutor$Worker.run(ThreadPoolExecutor.java:624)
	at java.lang.Thread.run(Thread.java:748)
... Removed 18 stack frames]]>
    </failure>
  </testcase> <!-- @BeforeMethod mobileSetUp -->
  <testcase name="@BeforeMethod mobileSetUp" time="0.001" classname="com.mobile.tests.GDPR_TCFV1_MetaAppE2ETests">
    <failure type="java.lang.NullPointerException">
      <![CDATA[java.lang.NullPointerException
	at com.frameworkbase.DriverBase.createDriver(DriverBase.java:136)
	at com.frameworkbase.DriverBase.createMobileDriver(DriverBase.java:169)
	at com.mobile.tests.GDPR_TCFV1_MetaAppE2ETests.mobileSetUp(GDPR_TCFV1_MetaAppE2ETests.java:31)
	at java.util.concurrent.FutureTask.run(FutureTask.java:266)
	at java.util.concurrent.ThreadPoolExecutor.runWorker(ThreadPoolExecutor.java:1149)
	at java.util.concurrent.ThreadPoolExecutor$Worker.run(ThreadPoolExecutor.java:624)
	at java.lang.Thread.run(Thread.java:748)
... Removed 18 stack frames]]>
    </failure>
  </testcase> <!-- @BeforeMethod mobileSetUp -->
  <testcase name="@BeforeMethod mobileSetUp" time="0.001" classname="com.mobile.tests.GDPR_TCFV1_MetaAppE2ETests">
    <failure type="java.lang.NullPointerException">
      <![CDATA[java.lang.NullPointerException
	at com.frameworkbase.DriverBase.createDriver(DriverBase.java:136)
	at com.frameworkbase.DriverBase.createMobileDriver(DriverBase.java:169)
	at com.mobile.tests.GDPR_TCFV1_MetaAppE2ETests.mobileSetUp(GDPR_TCFV1_MetaAppE2ETests.java:31)
	at java.util.concurrent.FutureTask.run(FutureTask.java:266)
	at java.util.concurrent.ThreadPoolExecutor.runWorker(ThreadPoolExecutor.java:1149)
	at java.util.concurrent.ThreadPoolExecutor$Worker.run(ThreadPoolExecutor.java:624)
	at java.lang.Thread.run(Thread.java:748)
... Removed 18 stack frames]]>
    </failure>
  </testcase> <!-- @BeforeMethod mobileSetUp -->
  <testcase name="@BeforeMethod mobileSetUp" time="0.001" classname="com.mobile.tests.GDPR_TCFV1_MetaAppE2ETests">
    <failure type="java.lang.NullPointerException">
      <![CDATA[java.lang.NullPointerException
	at com.frameworkbase.DriverBase.createDriver(DriverBase.java:136)
	at com.frameworkbase.DriverBase.createMobileDriver(DriverBase.java:169)
	at com.mobile.tests.GDPR_TCFV1_MetaAppE2ETests.mobileSetUp(GDPR_TCFV1_MetaAppE2ETests.java:31)
	at java.util.concurrent.FutureTask.run(FutureTask.java:266)
	at java.util.concurrent.ThreadPoolExecutor.runWorker(ThreadPoolExecutor.java:1149)
	at java.util.concurrent.ThreadPoolExecutor$Worker.run(ThreadPoolExecutor.java:624)
	at java.lang.Thread.run(Thread.java:748)
... Removed 18 stack frames]]>
    </failure>
  </testcase> <!-- @BeforeMethod mobileSetUp -->
  <testcase name="@BeforeMethod mobileSetUp" time="0.001" classname="com.mobile.tests.GDPR_TCFV1_MetaAppE2ETests">
    <failure type="java.lang.NullPointerException">
      <![CDATA[java.lang.NullPointerException
	at com.frameworkbase.DriverBase.createDriver(DriverBase.java:136)
	at com.frameworkbase.DriverBase.createMobileDriver(DriverBase.java:169)
	at com.mobile.tests.GDPR_TCFV1_MetaAppE2ETests.mobileSetUp(GDPR_TCFV1_MetaAppE2ETests.java:31)
	at java.util.concurrent.FutureTask.run(FutureTask.java:266)
	at java.util.concurrent.ThreadPoolExecutor.runWorker(ThreadPoolExecutor.java:1149)
	at java.util.concurrent.ThreadPoolExecutor$Worker.run(ThreadPoolExecutor.java:624)
	at java.lang.Thread.run(Thread.java:748)
... Removed 18 stack frames]]>
    </failure>
  </testcase> <!-- @BeforeMethod mobileSetUp -->
  <testcase name="@BeforeMethod mobileSetUp" time="0.0" classname="com.mobile.tests.GDPR_TCFV1_MetaAppE2ETests">
    <failure type="java.lang.NullPointerException">
      <![CDATA[java.lang.NullPointerException
	at com.frameworkbase.DriverBase.createDriver(DriverBase.java:136)
	at com.frameworkbase.DriverBase.createMobileDriver(DriverBase.java:169)
	at com.mobile.tests.GDPR_TCFV1_MetaAppE2ETests.mobileSetUp(GDPR_TCFV1_MetaAppE2ETests.java:31)
	at java.util.concurrent.FutureTask.run(FutureTask.java:266)
	at java.util.concurrent.ThreadPoolExecutor.runWorker(ThreadPoolExecutor.java:1149)
	at java.util.concurrent.ThreadPoolExecutor$Worker.run(ThreadPoolExecutor.java:624)
	at java.lang.Thread.run(Thread.java:748)
... Removed 18 stack frames]]>
    </failure>
  </testcase> <!-- @BeforeMethod mobileSetUp -->
  <testcase name="@BeforeMethod mobileSetUp" time="0.001" classname="com.mobile.tests.GDPR_TCFV1_MetaAppE2ETests">
    <failure type="java.lang.NullPointerException">
      <![CDATA[java.lang.NullPointerException
	at com.frameworkbase.DriverBase.createDriver(DriverBase.java:136)
	at com.frameworkbase.DriverBase.createMobileDriver(DriverBase.java:169)
	at com.mobile.tests.GDPR_TCFV1_MetaAppE2ETests.mobileSetUp(GDPR_TCFV1_MetaAppE2ETests.java:31)
	at java.util.concurrent.FutureTask.run(FutureTask.java:266)
	at java.util.concurrent.ThreadPoolExecutor.runWorker(ThreadPoolExecutor.java:1149)
	at java.util.concurrent.ThreadPoolExecutor$Worker.run(ThreadPoolExecutor.java:624)
	at java.lang.Thread.run(Thread.java:748)
... Removed 18 stack frames]]>
    </failure>
  </testcase> <!-- @BeforeMethod mobileSetUp -->
  <testcase name="@BeforeMethod mobileSetUp" time="0.001" classname="com.mobile.tests.GDPR_TCFV1_MetaAppE2ETests">
    <failure type="java.lang.NullPointerException">
      <![CDATA[java.lang.NullPointerException
	at com.frameworkbase.DriverBase.createDriver(DriverBase.java:136)
	at com.frameworkbase.DriverBase.createMobileDriver(DriverBase.java:169)
	at com.mobile.tests.GDPR_TCFV1_MetaAppE2ETests.mobileSetUp(GDPR_TCFV1_MetaAppE2ETests.java:31)
	at java.util.concurrent.FutureTask.run(FutureTask.java:266)
	at java.util.concurrent.ThreadPoolExecutor.runWorker(ThreadPoolExecutor.java:1149)
	at java.util.concurrent.ThreadPoolExecutor$Worker.run(ThreadPoolExecutor.java:624)
	at java.lang.Thread.run(Thread.java:748)
... Removed 18 stack frames]]>
    </failure>
  </testcase> <!-- @BeforeMethod mobileSetUp -->
  <testcase name="@BeforeMethod mobileSetUp" time="0.001" classname="com.mobile.tests.GDPR_TCFV1_MetaAppE2ETests">
    <failure type="java.lang.NullPointerException">
      <![CDATA[java.lang.NullPointerException
	at com.frameworkbase.DriverBase.createDriver(DriverBase.java:136)
	at com.frameworkbase.DriverBase.createMobileDriver(DriverBase.java:169)
	at com.mobile.tests.GDPR_TCFV1_MetaAppE2ETests.mobileSetUp(GDPR_TCFV1_MetaAppE2ETests.java:31)
	at java.util.concurrent.FutureTask.run(FutureTask.java:266)
	at java.util.concurrent.ThreadPoolExecutor.runWorker(ThreadPoolExecutor.java:1149)
	at java.util.concurrent.ThreadPoolExecutor$Worker.run(ThreadPoolExecutor.java:624)
	at java.lang.Thread.run(Thread.java:748)
... Removed 18 stack frames]]>
    </failure>
  </testcase> <!-- @BeforeMethod mobileSetUp -->
  <testcase name="CheckConsentForTargetingParameterAfterAcceptAll" time="0.0" classname="com.mobile.tests.GDPR_TCFV1_MetaAppE2ETests">
    <skipped/>
  </testcase> <!-- CheckConsentForTargetingParameterAfterAcceptAll -->
  <testcase name="CheckConsentForTargetingParameterAfterRejectAll" time="0.0" classname="com.mobile.tests.GDPR_TCFV1_MetaAppE2ETests">
    <skipped/>
  </testcase> <!-- CheckConsentForTargetingParameterAfterRejectAll -->
  <testcase name="CheckConsentMessageDisplayAfterDeleteCookies" time="0.0" classname="com.mobile.tests.GDPR_TCFV1_MetaAppE2ETests">
    <skipped/>
  </testcase> <!-- CheckConsentMessageDisplayAfterDeleteCookies -->
  <testcase name="CheckConsentWithSameAuthIDAfterDeletingAndRecreate" time="0.0" classname="com.mobile.tests.GDPR_TCFV1_MetaAppE2ETests">
    <skipped/>
  </testcase> <!-- CheckConsentWithSameAuthIDAfterDeletingAndRecreate -->
  <testcase name="CheckNoMessageWithShowOnceCriteriaWhenConsentAlreadySaved" time="0.0" classname="com.mobile.tests.GDPR_TCFV1_MetaAppE2ETests">
    <skipped/>
  </testcase> <!-- CheckNoMessageWithShowOnceCriteriaWhenConsentAlreadySaved -->
  <testcase name="CheckSavedConsentAlwaysWithSameAuthID" time="0.0" classname="com.mobile.tests.GDPR_TCFV1_MetaAppE2ETests">
    <skipped/>
  </testcase> <!-- CheckSavedConsentAlwaysWithSameAuthID -->
  <testcase name="CreateAndLauncheNewSiteWithAppLaunchParameter_CheckConsent" time="0.0" classname="com.mobile.tests.GDPR_TCFV1_MetaAppE2ETests">
    <skipped/>
  </testcase> <!-- CreateAndLauncheNewSiteWithAppLaunchParameter_CheckConsent -->
  <testcase name="DeleteSite" time="0.0" classname="com.mobile.tests.GDPR_TCFV1_MetaAppE2ETests">
    <skipped/>
  </testcase> <!-- DeleteSite -->
  <testcase name="EditSiteWithConsentGivenBefore" time="0.0" classname="com.mobile.tests.GDPR_TCFV1_MetaAppE2ETests">
    <skipped/>
  </testcase> <!-- EditSiteWithConsentGivenBefore -->
  <testcase name="EditSiteWithNoConsentGivenBefore" time="0.0" classname="com.mobile.tests.GDPR_TCFV1_MetaAppE2ETests">
    <skipped/>
  </testcase> <!-- EditSiteWithNoConsentGivenBefore -->
  <testcase name="ResetCookies" time="0.0" classname="com.mobile.tests.GDPR_TCFV1_MetaAppE2ETests">
    <skipped/>
  </testcase> <!-- ResetCookies -->
  <testcase name="CheckNoConsentMessageDisplayAfterShowSiteInfo" time="0.0" classname="com.mobile.tests.GDPR_TCFV1_MetaAppE2ETests">
    <ignored/>
  </testcase> <!-- CheckNoConsentMessageDisplayAfterShowSiteInfo -->
  <testcase name="CheckConsentOnRejectAllFromPM" time="0.0" classname="com.mobile.tests.GDPR_TCFV2_MetaAppTests">
    <ignored/>
  </testcase> <!-- CheckConsentOnRejectAllFromPM -->
  <testcase name="CheckPurposeConsentAfterResetCookies" time="0.0" classname="com.mobile.tests.CCPA_SDKTests">
    <ignored/>
  </testcase> <!-- CheckPurposeConsentAfterResetCookies -->
  <testcase name="CheckConsentOnRejectAllFromPM" time="0.0" classname="com.mobile.tests.CCPA_SDKTests">
    <ignored/>
  </testcase> <!-- CheckConsentOnRejectAllFromPM -->
  <testcase name="CheckCancelFromDirectPrivacyManager" time="0.0" classname="com.mobile.tests.CCPA_SDKTests">
    <ignored/>
  </testcase> <!-- CheckCancelFromDirectPrivacyManager -->
  <testcase name="DeleteSite" time="0.0" classname="com.mobile.tests.GDPR_TCFV2_MetaAppTests">
    <ignored/>
  </testcase> <!-- DeleteSite -->
  <testcase name="CheckCancelFromPMAsMEssage" time="0.0" classname="com.mobile.tests.GDPR_TCFV2_MetaAppTests">
    <ignored/>
  </testcase> <!-- CheckCancelFromPMAsMEssage -->
  <testcase name="CheckSavedConsentAlwaysWithSameAuthID" time="0.0" classname="com.mobile.tests.GDPR_TCFV2_MetaAppTests">
    <ignored/>
  </testcase> <!-- CheckSavedConsentAlwaysWithSameAuthID -->
  <testcase name="DeleteSite" time="0.0" classname="com.mobile.tests.CCPA_MetaAppE2ETests">
    <ignored/>
  </testcase> <!-- DeleteSite -->
  <testcase name="CheckCancelFromDirectPrivacyManager" time="0.0" classname="com.mobile.tests.GDPR_TCFV1_SDKTests">
    <ignored/>
  </testcase> <!-- CheckCancelFromDirectPrivacyManager -->
  <testcase name="CheckConsentOnRejectAllFromPM" time="0.0" classname="com.mobile.tests.GDPR_TCFV1_SDKTests">
    <ignored/>
  </testcase> <!-- CheckConsentOnRejectAllFromPM -->
  <testcase name="CheckConsentForTargetingParameterAfterAcceptAll" time="0.0" classname="com.mobile.tests.CCPA_MetaAppE2ETests">
    <ignored/>
  </testcase> <!-- CheckConsentForTargetingParameterAfterAcceptAll -->
  <testcase name="ResetCookies" time="0.0" classname="com.mobile.tests.CCPA_MetaAppE2ETests">
    <ignored/>
  </testcase> <!-- ResetCookies -->
  <testcase name="CheckSavedConsentAlwaysWithSameAuthID" time="0.0" classname="com.mobile.tests.CCPA_MetaAppE2ETests">
    <ignored/>
  </testcase> <!-- CheckSavedConsentAlwaysWithSameAuthID -->
  <testcase name="@AfterSuite projectDestroy" time="0.0" classname="com.frameworkbase.DriverBase">
    <ignored/>
  </testcase> <!-- @AfterSuite projectDestroy -->
  <testcase name="@AfterSuite projectDestroy" time="0.0" classname="com.frameworkbase.DriverBase">
    <ignored/>
  </testcase> <!-- @AfterSuite projectDestroy -->
  <testcase name="@AfterSuite projectDestroy" time="0.0" classname="com.frameworkbase.DriverBase">
    <ignored/>
  </testcase> <!-- @AfterSuite projectDestroy -->
  <testcase name="@AfterSuite projectDestroy" time="0.0" classname="com.frameworkbase.DriverBase">
    <ignored/>
  </testcase> <!-- @AfterSuite projectDestroy -->
  <testcase name="CheckCancleFromPrivacyManager" time="0.0" classname="com.mobile.tests.CCPA_SDKTests">
    <ignored/>
  </testcase> <!-- CheckCancleFromPrivacyManager -->
  <testcase name="CheckConsentOnDirectPMLoadWhenPMAsMEssage" time="0.0" classname="com.mobile.tests.GDPR_TCFV2_MetaAppTests">
    <ignored/>
  </testcase> <!-- CheckConsentOnDirectPMLoadWhenPMAsMEssage -->
  <testcase name="@AfterTest AfterTestRun" time="0.0" classname="com.frameworkbase.DriverBase">
    <ignored/>
  </testcase> <!-- @AfterTest AfterTestRun -->
  <testcase name="@AfterTest AfterTestRun" time="0.0" classname="com.frameworkbase.DriverBase">
    <ignored/>
  </testcase> <!-- @AfterTest AfterTestRun -->
  <testcase name="@AfterTest AfterTestRun" time="0.0" classname="com.frameworkbase.DriverBase">
    <ignored/>
  </testcase> <!-- @AfterTest AfterTestRun -->
  <testcase name="@AfterTest AfterTestRun" time="0.0" classname="com.frameworkbase.DriverBase">
    <ignored/>
  </testcase> <!-- @AfterTest AfterTestRun -->
  <testcase name="CheckConsentOnAcceptAllFromConsentView" time="0.0" classname="com.mobile.tests.GDPR_TCFV1_SDKTests">
    <ignored/>
  </testcase> <!-- CheckConsentOnAcceptAllFromConsentView -->
  <testcase name="@BeforeTest BeforeTestRun" time="0.0" classname="com.frameworkbase.DriverBase">
    <ignored/>
  </testcase> <!-- @BeforeTest BeforeTestRun -->
  <testcase name="@BeforeTest BeforeTestRun" time="0.0" classname="com.frameworkbase.DriverBase">
    <ignored/>
  </testcase> <!-- @BeforeTest BeforeTestRun -->
  <testcase name="@BeforeTest BeforeTestRun" time="0.0" classname="com.frameworkbase.DriverBase">
    <ignored/>
  </testcase> <!-- @BeforeTest BeforeTestRun -->
  <testcase name="@BeforeTest BeforeTestRun" time="0.0" classname="com.frameworkbase.DriverBase">
    <ignored/>
  </testcase> <!-- @BeforeTest BeforeTestRun -->
  <testcase name="CheckNoConsentMessageDisplayAfterShowSiteInfo" time="0.0" classname="com.mobile.tests.CCPA_MetaAppE2ETests">
    <ignored/>
  </testcase> <!-- CheckNoConsentMessageDisplayAfterShowSiteInfo -->
  <testcase name="CheckCancleFromPrivacyManager" time="0.0" classname="com.mobile.tests.GDPR_TCFV1_SDKTests">
    <ignored/>
  </testcase> <!-- CheckCancleFromPrivacyManager -->
  <testcase name="CheckConsentOnAcceptAllFromConsentView" time="0.0" classname="com.mobile.tests.GDPR_TCFV2_MetaAppTests">
    <ignored/>
  </testcase> <!-- CheckConsentOnAcceptAllFromConsentView -->
  <testcase name="CheckPMAsMEssage" time="0.0" classname="com.mobile.tests.GDPR_TCFV2_MetaAppTests">
    <ignored/>
  </testcase> <!-- CheckPMAsMEssage -->
  <testcase name="CheckNoConsentMessageDisplayAfterShowSiteInfo" time="0.0" classname="com.mobile.tests.GDPR_TCFV2_MetaAppTests">
    <ignored/>
  </testcase> <!-- CheckNoConsentMessageDisplayAfterShowSiteInfo -->
  <testcase name="CheckConsentMessageDisplayAfterDeleteCookies" time="0.0" classname="com.mobile.tests.CCPA_MetaAppE2ETests">
    <ignored/>
  </testcase> <!-- CheckConsentMessageDisplayAfterDeleteCookies -->
  <testcase name="CheckNoMessageAfterLoggedInWithAuthID" time="0.0" classname="com.mobile.tests.GDPR_TCFV2_MetaAppTests">
    <ignored/>
  </testcase> <!-- CheckNoMessageAfterLoggedInWithAuthID -->
  <testcase name="CheckNoMessageAfterLoggedInWithAuthID" time="0.0" classname="com.mobile.tests.CCPA_MetaAppE2ETests">
    <ignored/>
  </testcase> <!-- CheckNoMessageAfterLoggedInWithAuthID -->
  <testcase name="CheckAcceptAllFromPrivacyManager" time="0.0" classname="com.mobile.tests.GDPR_TCFV1_SDKTests">
    <ignored/>
  </testcase> <!-- CheckAcceptAllFromPrivacyManager -->
  <testcase name="CheckAcceptAllFromPrivacyManage" time="0.0" classname="com.mobile.tests.GDPR_TCFV2_MetaAppTests">
    <ignored/>
  </testcase> <!-- CheckAcceptAllFromPrivacyManage -->
  <testcase name="CheckCancelFromPrivacyManager" time="0.0" classname="com.mobile.tests.GDPR_TCFV2_MetaAppTests">
    <ignored/>
  </testcase> <!-- CheckCancelFromPrivacyManager -->
  <testcase name="CheckPropertDetailsOnMessageDismiss" time="0.0" classname="com.mobile.tests.GDPR_TCFV2_MetaAppTests">
    <ignored/>
  </testcase> <!-- CheckPropertDetailsOnMessageDismiss -->
  <testcase name="CheckConsentWithAuthIDFromPMAsMessage" time="0.0" classname="com.mobile.tests.GDPR_TCFV2_MetaAppTests">
    <ignored/>
  </testcase> <!-- CheckConsentWithAuthIDFromPMAsMessage -->
  <testcase name="CheckNoMessageWithShowOnceCriteriaWhenConsentAlreadySaved" time="0.0" classname="com.mobile.tests.CCPA_MetaAppE2ETests">
    <ignored/>
  </testcase> <!-- CheckNoMessageWithShowOnceCriteriaWhenConsentAlreadySaved -->
  <testcase name="CheckPurposeConsentAfterRestCookies" time="0.0" classname="com.mobile.tests.GDPR_TCFV1_SDKTests">
    <ignored/>
  </testcase> <!-- CheckPurposeConsentAfterRestCookies -->
  <testcase name="CheckConsentOnRejectAllFromConsentView" time="0.0" classname="com.mobile.tests.GDPR_TCFV2_MetaAppTests">
    <ignored/>
  </testcase> <!-- CheckConsentOnRejectAllFromConsentView -->
  <testcase name="CheckConsentWithSameAuthIDWithNewInstallation" time="0.0" classname="com.mobile.tests.CCPA_MetaAppE2ETests">
    <ignored/>
  </testcase> <!-- CheckConsentWithSameAuthIDWithNewInstallation -->
  <testcase name="CheckConsentDataFromPrivacyManagerDirect" time="0.0" classname="com.mobile.tests.CCPA_SDKTests">
    <ignored/>
  </testcase> <!-- CheckConsentDataFromPrivacyManagerDirect -->
  <testcase name="CheckNoMessageWithShowOnceCriteriaWhenConsentAlreadySaved" time="0.0" classname="com.mobile.tests.GDPR_TCFV2_MetaAppTests">
    <ignored/>
  </testcase> <!-- CheckNoMessageWithShowOnceCriteriaWhenConsentAlreadySaved -->
  <testcase name="CheckConsentOnRejectAllFromConsentView" time="0.0" classname="com.mobile.tests.CCPA_SDKTests">
    <ignored/>
  </testcase> <!-- CheckConsentOnRejectAllFromConsentView -->
  <testcase name="CheckConsentWithSameAuthIDWithNewInstallation" time="0.0" classname="com.mobile.tests.GDPR_TCFV2_MetaAppTests">
    <ignored/>
  </testcase> <!-- CheckConsentWithSameAuthIDWithNewInstallation -->
  <testcase name="CheckConsentDataFromPrivacyManagerDirect" time="0.0" classname="com.mobile.tests.GDPR_TCFV2_MetaAppTests">
    <ignored/>
  </testcase> <!-- CheckConsentDataFromPrivacyManagerDirect -->
  <testcase name="CheckConsentOnRejectAllFromConsentView" time="0.0" classname="com.mobile.tests.GDPR_TCFV1_SDKTests">
    <ignored/>
  </testcase> <!-- CheckConsentOnRejectAllFromConsentView -->
  <testcase name="EditSiteWithConsentGivenBefore" time="0.0" classname="com.mobile.tests.GDPR_TCFV2_MetaAppTests">
    <ignored/>
  </testcase> <!-- EditSiteWithConsentGivenBefore -->
  <testcase name="CheckConsentWithSameAuthIDAfterDeletingAndRecreate" time="0.0" classname="com.mobile.tests.GDPR_TCFV2_MetaAppTests">
    <ignored/>
  </testcase> <!-- CheckConsentWithSameAuthIDAfterDeletingAndRecreate -->
  <testcase name="CheckPurposeConsentAfterRestCookies" time="0.0" classname="com.mobile.tests.GDPR_TCFV2_MetaAppTests">
    <ignored/>
  </testcase> <!-- CheckPurposeConsentAfterRestCookies -->
  <testcase name="@BeforeSuite projectSetUp" time="0.0" classname="com.frameworkbase.DriverBase">
    <ignored/>
  </testcase> <!-- @BeforeSuite projectSetUp -->
  <testcase name="@BeforeSuite projectSetUp" time="0.0" classname="com.frameworkbase.DriverBase">
    <ignored/>
  </testcase> <!-- @BeforeSuite projectSetUp -->
  <testcase name="@BeforeSuite projectSetUp" time="0.0" classname="com.frameworkbase.DriverBase">
    <ignored/>
  </testcase> <!-- @BeforeSuite projectSetUp -->
  <testcase name="@BeforeSuite projectSetUp" time="0.0" classname="com.frameworkbase.DriverBase">
    <ignored/>
  </testcase> <!-- @BeforeSuite projectSetUp -->
  <testcase name="CheckConsentDataFromPrivacyManagerDirect" time="0.0" classname="com.mobile.tests.GDPR_TCFV1_SDKTests">
    <ignored/>
  </testcase> <!-- CheckConsentDataFromPrivacyManagerDirect -->
  <testcase name="CheckConsentForTargetingParameterAfterRejectAll" time="0.0" classname="com.mobile.tests.CCPA_MetaAppE2ETests">
    <ignored/>
  </testcase> <!-- CheckConsentForTargetingParameterAfterRejectAll -->
  <testcase name="CheckCancelFromDirectPrivacyManager" time="0.0" classname="com.mobile.tests.GDPR_TCFV2_MetaAppTests">
    <ignored/>
  </testcase> <!-- CheckCancelFromDirectPrivacyManager -->
  <testcase name="CheckConsentWithSameAuthIDAfterDeletingAndRecreate" time="0.0" classname="com.mobile.tests.CCPA_MetaAppE2ETests">
    <ignored/>
  </testcase> <!-- CheckConsentWithSameAuthIDAfterDeletingAndRecreate -->
</testsuite> <!-- MobileTest-emulator-5554 -->
