<?xml version="1.0" encoding="UTF-8"?>
<!-- Generated by org.testng.reporters.JUnitXMLReporter -->
<testsuite hostname="Vishals-Mac.local" ignored="63" name="MobileTest-D22AF98C-4968-454E-8309-DD1A1C7DD827" tests="19" failures="19" timestamp="11 May 2020 07:03:00 GMT" time="2255.65" errors="0">
  <testcase name="CheckAcceptAllFromPrivacyManage" time="121.138" classname="com.mobile.tests.GDPR_TCFV2_MetaAppTests">
    <failure type="java.lang.AssertionError" message="The following asserts failed:
	expected [TCFv2 Message Title] but found [Add],
	expected [We and our partners require consent for the following purposes:] but found [targetingParamName]">
      <![CDATA[java.lang.AssertionError: The following asserts failed:
	expected [TCFv2 Message Title] but found [Add],
	expected [We and our partners require consent for the following purposes:] but found [targetingParamName]
	at com.cybage.frameworkutility.assertion.CustomSoftAssert.assertAll(CustomSoftAssert.java:310)
	at com.mobile.tests.GDPR_TCFV2_MetaAppTests.CheckAcceptAllFromPrivacyManage(GDPR_TCFV2_MetaAppTests.java:167)
	at java.util.concurrent.FutureTask.run(FutureTask.java:266)
	at java.util.concurrent.ThreadPoolExecutor.runWorker(ThreadPoolExecutor.java:1149)
	at java.util.concurrent.ThreadPoolExecutor$Worker.run(ThreadPoolExecutor.java:624)
	at java.lang.Thread.run(Thread.java:748)
... Removed 17 stack frames]]>
    </failure>
  </testcase> <!-- CheckAcceptAllFromPrivacyManage -->
  <testcase name="CheckCancelFromPMAsMEssage" time="65.363" classname="com.mobile.tests.GDPR_TCFV2_MetaAppTests">
    <failure type="java.lang.AssertionError" message="The following asserts failed:
	expected [true] but found [false]">
      <![CDATA[java.lang.AssertionError: The following asserts failed:
	expected [true] but found [false]
	at com.cybage.frameworkutility.assertion.CustomSoftAssert.assertAll(CustomSoftAssert.java:310)
	at com.mobile.tests.GDPR_TCFV2_MetaAppTests.CheckCancelFromPMAsMEssage(GDPR_TCFV2_MetaAppTests.java:1756)
	at java.util.concurrent.FutureTask.run(FutureTask.java:266)
	at java.util.concurrent.ThreadPoolExecutor.runWorker(ThreadPoolExecutor.java:1149)
	at java.util.concurrent.ThreadPoolExecutor$Worker.run(ThreadPoolExecutor.java:624)
	at java.lang.Thread.run(Thread.java:748)
... Removed 17 stack frames]]>
    </failure>
  </testcase> <!-- CheckCancelFromPMAsMEssage -->
  <testcase name="CheckCancleFromPrivacyManager" time="80.534" classname="com.mobile.tests.GDPR_TCFV2_MetaAppTests">
    <failure type="java.lang.AssertionError" message="The following asserts failed:
	expected [TCFv2 Message Title] but found [Your data can be used to improve existing systems and software, and to develop new products]">
      <![CDATA[java.lang.AssertionError: The following asserts failed:
	expected [TCFv2 Message Title] but found [Your data can be used to improve existing systems and software, and to develop new products]
	at com.cybage.frameworkutility.assertion.CustomSoftAssert.assertAll(CustomSoftAssert.java:310)
	at com.mobile.tests.GDPR_TCFV2_MetaAppTests.CheckCancleFromPrivacyManager(GDPR_TCFV2_MetaAppTests.java:233)
	at java.util.concurrent.FutureTask.run(FutureTask.java:266)
	at java.util.concurrent.ThreadPoolExecutor.runWorker(ThreadPoolExecutor.java:1149)
	at java.util.concurrent.ThreadPoolExecutor$Worker.run(ThreadPoolExecutor.java:624)
	at java.lang.Thread.run(Thread.java:748)
... Removed 17 stack frames]]>
    </failure>
  </testcase> <!-- CheckCancleFromPrivacyManager -->
  <testcase name="CheckConsentDataFromPrivacyManagerDirect" time="82.916" classname="com.mobile.tests.GDPR_TCFV2_MetaAppTests">
    <failure type="java.lang.AssertionError" message="The following asserts failed:
	expected [TCFv2 Message Title] but found [Your data can be used to improve existing systems and software, and to develop new products]">
      <![CDATA[java.lang.AssertionError: The following asserts failed:
	expected [TCFv2 Message Title] but found [Your data can be used to improve existing systems and software, and to develop new products]
	at com.cybage.frameworkutility.assertion.CustomSoftAssert.assertAll(CustomSoftAssert.java:310)
	at com.mobile.tests.GDPR_TCFV2_MetaAppTests.CheckConsentDataFromPrivacyManagerDirect(GDPR_TCFV2_MetaAppTests.java:688)
	at java.util.concurrent.FutureTask.run(FutureTask.java:266)
	at java.util.concurrent.ThreadPoolExecutor.runWorker(ThreadPoolExecutor.java:1149)
	at java.util.concurrent.ThreadPoolExecutor$Worker.run(ThreadPoolExecutor.java:624)
	at java.lang.Thread.run(Thread.java:748)
... Removed 17 stack frames]]>
    </failure>
  </testcase> <!-- CheckConsentDataFromPrivacyManagerDirect -->
  <testcase name="CheckConsentOnAcceptAllFromConsentView" time="79.536" classname="com.mobile.tests.GDPR_TCFV2_MetaAppTests">
    <failure type="java.lang.AssertionError" message="The following asserts failed:
	expected [TCFv2 Message Title] but found [Your data can be used to improve existing systems and software, and to develop new products]">
      <![CDATA[java.lang.AssertionError: The following asserts failed:
	expected [TCFv2 Message Title] but found [Your data can be used to improve existing systems and software, and to develop new products]
	at com.cybage.frameworkutility.assertion.CustomSoftAssert.assertAll(CustomSoftAssert.java:310)
	at com.mobile.tests.GDPR_TCFV2_MetaAppTests.CheckConsentOnAcceptAllFromConsentView(GDPR_TCFV2_MetaAppTests.java:316)
	at java.util.concurrent.FutureTask.run(FutureTask.java:266)
	at java.util.concurrent.ThreadPoolExecutor.runWorker(ThreadPoolExecutor.java:1149)
	at java.util.concurrent.ThreadPoolExecutor$Worker.run(ThreadPoolExecutor.java:624)
	at java.lang.Thread.run(Thread.java:748)
... Removed 17 stack frames]]>
    </failure>
  </testcase> <!-- CheckConsentOnAcceptAllFromConsentView -->
  <testcase name="CheckConsentOnDirectPMLoadWhenPMAsMEssage" time="142.062" classname="com.mobile.tests.GDPR_TCFV2_MetaAppTests">
    <failure type="java.lang.AssertionError" message="The following asserts failed:
	expected [true] but found [false]">
      <![CDATA[java.lang.AssertionError: The following asserts failed:
	expected [true] but found [false]
	at com.cybage.frameworkutility.assertion.CustomSoftAssert.assertAll(CustomSoftAssert.java:310)
	at com.mobile.tests.GDPR_TCFV2_MetaAppTests.CheckConsentOnDirectPMLoadWhenPMAsMEssage(GDPR_TCFV2_MetaAppTests.java:1823)
	at java.util.concurrent.FutureTask.run(FutureTask.java:266)
	at java.util.concurrent.ThreadPoolExecutor.runWorker(ThreadPoolExecutor.java:1149)
	at java.util.concurrent.ThreadPoolExecutor$Worker.run(ThreadPoolExecutor.java:624)
	at java.lang.Thread.run(Thread.java:748)
... Removed 17 stack frames]]>
    </failure>
  </testcase> <!-- CheckConsentOnDirectPMLoadWhenPMAsMEssage -->
  <testcase name="CheckConsentOnRejectAllFromConsentView" time="84.644" classname="com.mobile.tests.GDPR_TCFV2_MetaAppTests">
    <failure type="java.lang.AssertionError" message="The following asserts failed:
	expected [TCFv2 Message Title] but found [Your data can be used to improve existing systems and software, and to develop new products]">
      <![CDATA[java.lang.AssertionError: The following asserts failed:
	expected [TCFv2 Message Title] but found [Your data can be used to improve existing systems and software, and to develop new products]
	at com.cybage.frameworkutility.assertion.CustomSoftAssert.assertAll(CustomSoftAssert.java:310)
	at com.mobile.tests.GDPR_TCFV2_MetaAppTests.CheckConsentOnRejectAllFromConsentView(GDPR_TCFV2_MetaAppTests.java:403)
	at java.util.concurrent.FutureTask.run(FutureTask.java:266)
	at java.util.concurrent.ThreadPoolExecutor.runWorker(ThreadPoolExecutor.java:1149)
	at java.util.concurrent.ThreadPoolExecutor$Worker.run(ThreadPoolExecutor.java:624)
	at java.lang.Thread.run(Thread.java:748)
... Removed 17 stack frames]]>
    </failure>
  </testcase> <!-- CheckConsentOnRejectAllFromConsentView -->
  <testcase name="CheckConsentOnRejectAllFromPM" time="83.363" classname="com.mobile.tests.GDPR_TCFV2_MetaAppTests">
    <failure type="java.lang.AssertionError" message="The following asserts failed:
	expected [TCFv2 Message Title] but found [Your data can be used to improve existing systems and software, and to develop new products]">
      <![CDATA[java.lang.AssertionError: The following asserts failed:
	expected [TCFv2 Message Title] but found [Your data can be used to improve existing systems and software, and to develop new products]
	at com.cybage.frameworkutility.assertion.CustomSoftAssert.assertAll(CustomSoftAssert.java:310)
	at com.mobile.tests.GDPR_TCFV2_MetaAppTests.CheckConsentOnRejectAllFromPM(GDPR_TCFV2_MetaAppTests.java:506)
	at java.util.concurrent.FutureTask.run(FutureTask.java:266)
	at java.util.concurrent.ThreadPoolExecutor.runWorker(ThreadPoolExecutor.java:1149)
	at java.util.concurrent.ThreadPoolExecutor$Worker.run(ThreadPoolExecutor.java:624)
	at java.lang.Thread.run(Thread.java:748)
... Removed 17 stack frames]]>
    </failure>
  </testcase> <!-- CheckConsentOnRejectAllFromPM -->
  <testcase name="CheckConsentWithAuthIDFromPMAsMessage" time="144.73" classname="com.mobile.tests.GDPR_TCFV2_MetaAppTests">
    <failure type="java.lang.AssertionError" message="The following asserts failed:
	expected [true] but found [false]">
      <![CDATA[java.lang.AssertionError: The following asserts failed:
	expected [true] but found [false]
	at com.cybage.frameworkutility.assertion.CustomSoftAssert.assertAll(CustomSoftAssert.java:310)
	at com.mobile.tests.GDPR_TCFV2_MetaAppTests.CheckConsentWithAuthIDFromPMAsMessage(GDPR_TCFV2_MetaAppTests.java:1899)
	at java.util.concurrent.FutureTask.run(FutureTask.java:266)
	at java.util.concurrent.ThreadPoolExecutor.runWorker(ThreadPoolExecutor.java:1149)
	at java.util.concurrent.ThreadPoolExecutor$Worker.run(ThreadPoolExecutor.java:624)
	at java.lang.Thread.run(Thread.java:748)
... Removed 17 stack frames]]>
    </failure>
  </testcase> <!-- CheckConsentWithAuthIDFromPMAsMessage -->
  <testcase name="CheckConsentWithSameAuthIDAfterDeletingAndRecreate" time="81.005" classname="com.mobile.tests.GDPR_TCFV2_MetaAppTests">
    <failure type="java.lang.AssertionError" message="The following asserts failed:
	expected [TCFv2 Message Title] but found [Your data can be used to improve existing systems and software, and to develop new products]">
      <![CDATA[java.lang.AssertionError: The following asserts failed:
	expected [TCFv2 Message Title] but found [Your data can be used to improve existing systems and software, and to develop new products]
	at com.cybage.frameworkutility.assertion.CustomSoftAssert.assertAll(CustomSoftAssert.java:310)
	at com.mobile.tests.GDPR_TCFV2_MetaAppTests.CheckConsentWithSameAuthIDAfterDeletingAndRecreate(GDPR_TCFV2_MetaAppTests.java:1549)
	at java.util.concurrent.FutureTask.run(FutureTask.java:266)
	at java.util.concurrent.ThreadPoolExecutor.runWorker(ThreadPoolExecutor.java:1149)
	at java.util.concurrent.ThreadPoolExecutor$Worker.run(ThreadPoolExecutor.java:624)
	at java.lang.Thread.run(Thread.java:748)
... Removed 17 stack frames]]>
    </failure>
  </testcase> <!-- CheckConsentWithSameAuthIDAfterDeletingAndRecreate -->
  <testcase name="CheckConsentWithSameAuthIDWithNewInstallation" time="81.3" classname="com.mobile.tests.GDPR_TCFV2_MetaAppTests">
    <failure type="java.lang.AssertionError" message="The following asserts failed:
	expected [TCFv2 Message Title] but found [Your data can be used to improve existing systems and software, and to develop new products]">
      <![CDATA[java.lang.AssertionError: The following asserts failed:
	expected [TCFv2 Message Title] but found [Your data can be used to improve existing systems and software, and to develop new products]
	at com.cybage.frameworkutility.assertion.CustomSoftAssert.assertAll(CustomSoftAssert.java:310)
	at com.mobile.tests.GDPR_TCFV2_MetaAppTests.CheckConsentWithSameAuthIDWithNewInstallation(GDPR_TCFV2_MetaAppTests.java:1339)
	at java.util.concurrent.FutureTask.run(FutureTask.java:266)
	at java.util.concurrent.ThreadPoolExecutor.runWorker(ThreadPoolExecutor.java:1149)
	at java.util.concurrent.ThreadPoolExecutor$Worker.run(ThreadPoolExecutor.java:624)
	at java.lang.Thread.run(Thread.java:748)
... Removed 17 stack frames]]>
    </failure>
  </testcase> <!-- CheckConsentWithSameAuthIDWithNewInstallation -->
  <testcase name="CheckNoConsentMessageDisplayAfterShowSiteInfo" time="153.387" classname="com.mobile.tests.GDPR_TCFV2_MetaAppTests">
    <failure type="java.lang.AssertionError" message="The following asserts failed:
	expected [ShowOnce :We use cookies to give you the best experience] but found [The performance and effectiveness of content that you see or interact with can be measured.],
	expected [We and our partners require consent for the following purposes:] but found [Your data can be used to improve existing systems and software, and to develop new products]">
      <![CDATA[java.lang.AssertionError: The following asserts failed:
	expected [ShowOnce :We use cookies to give you the best experience] but found [The performance and effectiveness of content that you see or interact with can be measured.],
	expected [We and our partners require consent for the following purposes:] but found [Your data can be used to improve existing systems and software, and to develop new products]
	at com.cybage.frameworkutility.assertion.CustomSoftAssert.assertAll(CustomSoftAssert.java:310)
	at com.mobile.tests.GDPR_TCFV2_MetaAppTests.CheckNoConsentMessageDisplayAfterShowSiteInfo(GDPR_TCFV2_MetaAppTests.java:849)
	at java.util.concurrent.FutureTask.run(FutureTask.java:266)
	at java.util.concurrent.ThreadPoolExecutor.runWorker(ThreadPoolExecutor.java:1149)
	at java.util.concurrent.ThreadPoolExecutor$Worker.run(ThreadPoolExecutor.java:624)
	at java.lang.Thread.run(Thread.java:748)
... Removed 17 stack frames]]>
    </failure>
  </testcase> <!-- CheckNoConsentMessageDisplayAfterShowSiteInfo -->
  <testcase name="CheckNoMessageWithShowOnceCriteriaWhenConsentAlreadySaved" time="117.569" classname="com.mobile.tests.GDPR_TCFV2_MetaAppTests">
    <failure type="java.lang.AssertionError" message="The following asserts failed:
	expected [ShowOnce :We use cookies to give you the best experience] but found [The performance and effectiveness of content that you see or interact with can be measured.],
	expected [We and our partners require consent for the following purposes:] but found [Your data can be used to improve existing systems and software, and to develop new products]">
      <![CDATA[java.lang.AssertionError: The following asserts failed:
	expected [ShowOnce :We use cookies to give you the best experience] but found [The performance and effectiveness of content that you see or interact with can be measured.],
	expected [We and our partners require consent for the following purposes:] but found [Your data can be used to improve existing systems and software, and to develop new products]
	at com.cybage.frameworkutility.assertion.CustomSoftAssert.assertAll(CustomSoftAssert.java:310)
	at com.mobile.tests.GDPR_TCFV2_MetaAppTests.CheckNoMessageWithShowOnceCriteriaWhenConsentAlreadySaved(GDPR_TCFV2_MetaAppTests.java:1111)
	at java.util.concurrent.FutureTask.run(FutureTask.java:266)
	at java.util.concurrent.ThreadPoolExecutor.runWorker(ThreadPoolExecutor.java:1149)
	at java.util.concurrent.ThreadPoolExecutor$Worker.run(ThreadPoolExecutor.java:624)
	at java.lang.Thread.run(Thread.java:748)
... Removed 17 stack frames]]>
    </failure>
  </testcase> <!-- CheckNoMessageWithShowOnceCriteriaWhenConsentAlreadySaved -->
  <testcase name="CheckPMAsMEssage" time="119.176" classname="com.mobile.tests.GDPR_TCFV2_MetaAppTests">
    <failure type="java.lang.AssertionError" message="The following asserts failed:
	expected [true] but found [false]">
      <![CDATA[java.lang.AssertionError: The following asserts failed:
	expected [true] but found [false]
	at com.cybage.frameworkutility.assertion.CustomSoftAssert.assertAll(CustomSoftAssert.java:310)
	at com.mobile.tests.GDPR_TCFV2_MetaAppTests.CheckPMAsMEssage(GDPR_TCFV2_MetaAppTests.java:1673)
	at java.util.concurrent.FutureTask.run(FutureTask.java:266)
	at java.util.concurrent.ThreadPoolExecutor.runWorker(ThreadPoolExecutor.java:1149)
	at java.util.concurrent.ThreadPoolExecutor$Worker.run(ThreadPoolExecutor.java:624)
	at java.lang.Thread.run(Thread.java:748)
... Removed 17 stack frames]]>
    </failure>
  </testcase> <!-- CheckPMAsMEssage -->
  <testcase name="CheckPropertDetailsOnMessageDismiss" time="85.011" classname="com.mobile.tests.GDPR_TCFV2_MetaAppTests">
    <failure type="java.lang.IndexOutOfBoundsException" message="Index: 11, Size: 3">
      <![CDATA[java.lang.IndexOutOfBoundsException: Index: 11, Size: 3
	at java.util.ArrayList.rangeCheck(ArrayList.java:657)
	at java.util.ArrayList.get(ArrayList.java:433)
	at com.mobile.tests.GDPR_TCFV2_MetaAppTests.CheckPropertDetailsOnMessageDismiss(GDPR_TCFV2_MetaAppTests.java:1596)
	at java.util.concurrent.FutureTask.run(FutureTask.java:266)
	at java.util.concurrent.ThreadPoolExecutor.runWorker(ThreadPoolExecutor.java:1149)
	at java.util.concurrent.ThreadPoolExecutor$Worker.run(ThreadPoolExecutor.java:624)
	at java.lang.Thread.run(Thread.java:748)
... Removed 16 stack frames]]>
    </failure>
  </testcase> <!-- CheckPropertDetailsOnMessageDismiss -->
  <testcase name="CheckPurposeConsentAfterRestCookies" time="76.637" classname="com.mobile.tests.GDPR_TCFV2_MetaAppTests">
    <failure type="java.lang.IndexOutOfBoundsException" message="Index: 12, Size: 3">
      <![CDATA[java.lang.IndexOutOfBoundsException: Index: 12, Size: 3
	at java.util.ArrayList.rangeCheck(ArrayList.java:657)
	at java.util.ArrayList.get(ArrayList.java:433)
	at com.mobile.tests.GDPR_TCFV2_MetaAppTests.CheckPurposeConsentAfterRestCookies(GDPR_TCFV2_MetaAppTests.java:550)
	at java.util.concurrent.FutureTask.run(FutureTask.java:266)
	at java.util.concurrent.ThreadPoolExecutor.runWorker(ThreadPoolExecutor.java:1149)
	at java.util.concurrent.ThreadPoolExecutor$Worker.run(ThreadPoolExecutor.java:624)
	at java.lang.Thread.run(Thread.java:748)
... Removed 16 stack frames]]>
    </failure>
  </testcase> <!-- CheckPurposeConsentAfterRestCookies -->
  <testcase name="CheckSavedConsentAlwaysWithSameAuthID" time="83.791" classname="com.mobile.tests.GDPR_TCFV2_MetaAppTests">
    <failure type="java.lang.AssertionError" message="The following asserts failed:
	expected [TCFv2 Message Title] but found [Your data can be used to improve existing systems and software, and to develop new products]">
      <![CDATA[java.lang.AssertionError: The following asserts failed:
	expected [TCFv2 Message Title] but found [Your data can be used to improve existing systems and software, and to develop new products]
	at com.cybage.frameworkutility.assertion.CustomSoftAssert.assertAll(CustomSoftAssert.java:310)
	at com.mobile.tests.GDPR_TCFV2_MetaAppTests.CheckSavedConsentAlwaysWithSameAuthID(GDPR_TCFV2_MetaAppTests.java:1225)
	at java.util.concurrent.FutureTask.run(FutureTask.java:266)
	at java.util.concurrent.ThreadPoolExecutor.runWorker(ThreadPoolExecutor.java:1149)
	at java.util.concurrent.ThreadPoolExecutor$Worker.run(ThreadPoolExecutor.java:624)
	at java.lang.Thread.run(Thread.java:748)
... Removed 17 stack frames]]>
    </failure>
  </testcase> <!-- CheckSavedConsentAlwaysWithSameAuthID -->
  <testcase name="DeleteSite" time="83.368" classname="com.mobile.tests.GDPR_TCFV2_MetaAppTests">
    <failure type="java.lang.AssertionError" message="The following asserts failed:
	expected [TCFv2 Message Title] but found [Your data can be used to improve existing systems and software, and to develop new products]">
      <![CDATA[java.lang.AssertionError: The following asserts failed:
	expected [TCFv2 Message Title] but found [Your data can be used to improve existing systems and software, and to develop new products]
	at com.cybage.frameworkutility.assertion.CustomSoftAssert.assertAll(CustomSoftAssert.java:310)
	at com.mobile.tests.GDPR_TCFV2_MetaAppTests.DeleteSite(GDPR_TCFV2_MetaAppTests.java:930)
	at java.util.concurrent.FutureTask.run(FutureTask.java:266)
	at java.util.concurrent.ThreadPoolExecutor.runWorker(ThreadPoolExecutor.java:1149)
	at java.util.concurrent.ThreadPoolExecutor$Worker.run(ThreadPoolExecutor.java:624)
	at java.lang.Thread.run(Thread.java:748)
... Removed 17 stack frames]]>
    </failure>
  </testcase> <!-- DeleteSite -->
  <testcase name="EditSiteWithConsentGivenBefore" time="73.422" classname="com.mobile.tests.GDPR_TCFV2_MetaAppTests">
    <failure type="java.lang.IndexOutOfBoundsException" message="Index: 12, Size: 3">
      <![CDATA[java.lang.IndexOutOfBoundsException: Index: 12, Size: 3
	at java.util.ArrayList.rangeCheck(ArrayList.java:657)
	at java.util.ArrayList.get(ArrayList.java:433)
	at com.mobile.tests.GDPR_TCFV2_MetaAppTests.EditSiteWithConsentGivenBefore(GDPR_TCFV2_MetaAppTests.java:976)
	at java.util.concurrent.FutureTask.run(FutureTask.java:266)
	at java.util.concurrent.ThreadPoolExecutor.runWorker(ThreadPoolExecutor.java:1149)
	at java.util.concurrent.ThreadPoolExecutor$Worker.run(ThreadPoolExecutor.java:624)
	at java.lang.Thread.run(Thread.java:748)
... Removed 16 stack frames]]>
    </failure>
  </testcase> <!-- EditSiteWithConsentGivenBefore -->
  <testcase name="CheckNoMessageWithShowOnceCriteriaWhenConsentAlreadySaved" time="0.0" classname="com.mobile.tests.GDPR_MetaAppE2ETests">
    <ignored/>
  </testcase> <!-- CheckNoMessageWithShowOnceCriteriaWhenConsentAlreadySaved -->
  <testcase name="CheckConsentOnRejectAllFromConsentView" time="0.0" classname="com.mobile.tests.GDPR_SDKTests">
    <ignored/>
  </testcase> <!-- CheckConsentOnRejectAllFromConsentView -->
  <testcase name="CheckAcceptAllFromPrivacyManager" time="0.0" classname="com.mobile.tests.GDPR_SDKTests">
    <ignored/>
  </testcase> <!-- CheckAcceptAllFromPrivacyManager -->
  <testcase name="CheckPurposeConsentAfterResetCookies" time="0.0" classname="com.mobile.tests.CCPA_SDKTests">
    <ignored/>
  </testcase> <!-- CheckPurposeConsentAfterResetCookies -->
  <testcase name="CheckConsentOnRejectAllFromPM" time="0.0" classname="com.mobile.tests.CCPA_SDKTests">
    <ignored/>
  </testcase> <!-- CheckConsentOnRejectAllFromPM -->
  <testcase name="CheckCancelFromDirectPrivacyManager" time="0.0" classname="com.mobile.tests.CCPA_SDKTests">
    <ignored/>
  </testcase> <!-- CheckCancelFromDirectPrivacyManager -->
  <testcase name="CheckErrorForWrongSiteIdWhileCreatingNewSite" time="0.0" classname="com.mobile.tests.GDPR_MetaAppE2ETests">
    <ignored/>
  </testcase> <!-- CheckErrorForWrongSiteIdWhileCreatingNewSite -->
  <testcase name="DeleteSite" time="0.0" classname="com.mobile.tests.CCPA_MetaAppE2ETests">
    <ignored/>
  </testcase> <!-- DeleteSite -->
  <testcase name="CheckConsentForTargetingParameterAfterAcceptAll" time="0.0" classname="com.mobile.tests.CCPA_MetaAppE2ETests">
    <ignored/>
  </testcase> <!-- CheckConsentForTargetingParameterAfterAcceptAll -->
  <testcase name="ResetCookies" time="0.0" classname="com.mobile.tests.CCPA_MetaAppE2ETests">
    <ignored/>
  </testcase> <!-- ResetCookies -->
  <testcase name="CheckConsentMessageDisplayAfterDeleteCookies" time="0.0" classname="com.mobile.tests.GDPR_MetaAppE2ETests">
    <ignored/>
  </testcase> <!-- CheckConsentMessageDisplayAfterDeleteCookies -->
  <testcase name="CheckSavedConsentAlwaysWithSameAuthID" time="0.0" classname="com.mobile.tests.CCPA_MetaAppE2ETests">
    <ignored/>
  </testcase> <!-- CheckSavedConsentAlwaysWithSameAuthID -->
  <testcase name="@AfterSuite projectDestroy" time="0.0" classname="com.frameworkbase.DriverBase">
    <ignored/>
  </testcase> <!-- @AfterSuite projectDestroy -->
  <testcase name="@AfterSuite projectDestroy" time="0.0" classname="com.frameworkbase.DriverBase">
    <ignored/>
  </testcase> <!-- @AfterSuite projectDestroy -->
  <testcase name="@AfterSuite projectDestroy" time="0.0" classname="com.frameworkbase.DriverBase">
    <ignored/>
  </testcase> <!-- @AfterSuite projectDestroy -->
  <testcase name="@AfterSuite projectDestroy" time="0.0" classname="com.frameworkbase.DriverBase">
    <ignored/>
  </testcase> <!-- @AfterSuite projectDestroy -->
  <testcase name="EditSiteWithConsentGivenBefore" time="0.0" classname="com.mobile.tests.GDPR_MetaAppE2ETests">
    <ignored/>
  </testcase> <!-- EditSiteWithConsentGivenBefore -->
  <testcase name="CheckCancleFromPrivacyManager" time="0.0" classname="com.mobile.tests.CCPA_SDKTests">
    <ignored/>
  </testcase> <!-- CheckCancleFromPrivacyManager -->
  <testcase name="CheckConsentForTargetingParameterAfterRejectAll" time="0.0" classname="com.mobile.tests.GDPR_MetaAppE2ETests">
    <ignored/>
  </testcase> <!-- CheckConsentForTargetingParameterAfterRejectAll -->
  <testcase name="CheckConsentWithSameAuthIDAfterDeletingAndRecreate" time="0.0" classname="com.mobile.tests.GDPR_MetaAppE2ETests">
    <ignored/>
  </testcase> <!-- CheckConsentWithSameAuthIDAfterDeletingAndRecreate -->
  <testcase name="@AfterTest AfterTestRun" time="0.0" classname="com.frameworkbase.DriverBase">
    <ignored/>
  </testcase> <!-- @AfterTest AfterTestRun -->
  <testcase name="@AfterTest AfterTestRun" time="0.0" classname="com.frameworkbase.DriverBase">
    <ignored/>
  </testcase> <!-- @AfterTest AfterTestRun -->
  <testcase name="@AfterTest AfterTestRun" time="0.0" classname="com.frameworkbase.DriverBase">
    <ignored/>
  </testcase> <!-- @AfterTest AfterTestRun -->
  <testcase name="@AfterTest AfterTestRun" time="0.0" classname="com.frameworkbase.DriverBase">
    <ignored/>
  </testcase> <!-- @AfterTest AfterTestRun -->
  <testcase name="CheckErrorForMandatoryFieldForCreateNewSite" time="0.0" classname="com.mobile.tests.GDPR_MetaAppE2ETests">
    <ignored/>
  </testcase> <!-- CheckErrorForMandatoryFieldForCreateNewSite -->
  <testcase name="CheckConsentDataFromPrivacyManagerDirect" time="0.0" classname="com.mobile.tests.GDPR_SDKTests">
    <ignored/>
  </testcase> <!-- CheckConsentDataFromPrivacyManagerDirect -->
  <testcase name="CheckPurposeConsentAfterRestCookies" time="0.0" classname="com.mobile.tests.GDPR_SDKTests">
    <ignored/>
  </testcase> <!-- CheckPurposeConsentAfterRestCookies -->
  <testcase name="CheckSavedConsentAlwaysWithSameAuthIDCrossPlatform" time="0.0" classname="com.mobile.tests.GDPR_MetaAppE2ETests">
    <ignored/>
  </testcase> <!-- CheckSavedConsentAlwaysWithSameAuthIDCrossPlatform -->
  <testcase name="@BeforeTest BeforeTestRun" time="0.0" classname="com.frameworkbase.DriverBase">
    <ignored/>
  </testcase> <!-- @BeforeTest BeforeTestRun -->
  <testcase name="@BeforeTest BeforeTestRun" time="0.0" classname="com.frameworkbase.DriverBase">
    <ignored/>
  </testcase> <!-- @BeforeTest BeforeTestRun -->
  <testcase name="@BeforeTest BeforeTestRun" time="0.0" classname="com.frameworkbase.DriverBase">
    <ignored/>
  </testcase> <!-- @BeforeTest BeforeTestRun -->
  <testcase name="@BeforeTest BeforeTestRun" time="0.0" classname="com.frameworkbase.DriverBase">
    <ignored/>
  </testcase> <!-- @BeforeTest BeforeTestRun -->
  <testcase name="CheckErrorForWrongSiteDetails" time="0.0" classname="com.mobile.tests.GDPR_MetaAppE2ETests">
    <ignored/>
  </testcase> <!-- CheckErrorForWrongSiteDetails -->
  <testcase name="CheckNoConsentMessageDisplayAfterShowSiteInfo" time="0.0" classname="com.mobile.tests.CCPA_MetaAppE2ETests">
    <ignored/>
  </testcase> <!-- CheckNoConsentMessageDisplayAfterShowSiteInfo -->
  <testcase name="CheckConsentWithSameAuthIDWithNewInstallation" time="0.0" classname="com.mobile.tests.GDPR_MetaAppE2ETests">
    <ignored/>
  </testcase> <!-- CheckConsentWithSameAuthIDWithNewInstallation -->
  <testcase name="ResetCookies" time="0.0" classname="com.mobile.tests.GDPR_MetaAppE2ETests">
    <ignored/>
  </testcase> <!-- ResetCookies -->
  <testcase name="CheckSavedConsentAlwaysWithSameAuthID" time="0.0" classname="com.mobile.tests.GDPR_MetaAppE2ETests">
    <ignored/>
  </testcase> <!-- CheckSavedConsentAlwaysWithSameAuthID -->
  <testcase name="CheckConsentMessageDisplayAfterDeleteCookies" time="0.0" classname="com.mobile.tests.CCPA_MetaAppE2ETests">
    <ignored/>
  </testcase> <!-- CheckConsentMessageDisplayAfterDeleteCookies -->
  <testcase name="CheckNoMessageAfterLoggedInWithAuthID" time="0.0" classname="com.mobile.tests.GDPR_TCFV2_MetaAppTests">
    <ignored/>
  </testcase> <!-- CheckNoMessageAfterLoggedInWithAuthID -->
  <testcase name="DeleteSite" time="0.0" classname="com.mobile.tests.GDPR_MetaAppE2ETests">
    <ignored/>
  </testcase> <!-- DeleteSite -->
  <testcase name="CheckNoMessageAfterLoggedInWithAuthID" time="0.0" classname="com.mobile.tests.CCPA_MetaAppE2ETests">
    <ignored/>
  </testcase> <!-- CheckNoMessageAfterLoggedInWithAuthID -->
  <testcase name="CheckErrorForDuplicateSite" time="0.0" classname="com.mobile.tests.GDPR_MetaAppE2ETests">
    <ignored/>
  </testcase> <!-- CheckErrorForDuplicateSite -->
  <testcase name="CreateAndLauncheNewSiteWithAppLaunchParameter_CheckConsent" time="0.0" classname="com.mobile.tests.GDPR_MetaAppE2ETests">
    <ignored/>
  </testcase> <!-- CreateAndLauncheNewSiteWithAppLaunchParameter_CheckConsent -->
  <testcase name="CheckCancelFromDirectPrivacyManager" time="0.0" classname="com.mobile.tests.GDPR_SDKTests">
    <ignored/>
  </testcase> <!-- CheckCancelFromDirectPrivacyManager -->
  <testcase name="CheckConsentOnRejectAllFromPM" time="0.0" classname="com.mobile.tests.GDPR_SDKTests">
    <ignored/>
  </testcase> <!-- CheckConsentOnRejectAllFromPM -->
  <testcase name="CheckConsentForTargetingParameterAfterAcceptAll" time="0.0" classname="com.mobile.tests.GDPR_MetaAppE2ETests">
    <ignored/>
  </testcase> <!-- CheckConsentForTargetingParameterAfterAcceptAll -->
  <testcase name="CheckConsentOnAcceptAllFromConsentView" time="0.0" classname="com.mobile.tests.GDPR_SDKTests">
    <ignored/>
  </testcase> <!-- CheckConsentOnAcceptAllFromConsentView -->
  <testcase name="CheckNoMessageWithShowOnceCriteriaWhenConsentAlreadySaved" time="0.0" classname="com.mobile.tests.CCPA_MetaAppE2ETests">
    <ignored/>
  </testcase> <!-- CheckNoMessageWithShowOnceCriteriaWhenConsentAlreadySaved -->
  <testcase name="CheckNoConsentMessageDisplayAfterShowSiteInfo" time="0.0" classname="com.mobile.tests.GDPR_MetaAppE2ETests">
    <ignored/>
  </testcase> <!-- CheckNoConsentMessageDisplayAfterShowSiteInfo -->
  <testcase name="CheckConsentWithSameAuthIDWithNewInstallation" time="0.0" classname="com.mobile.tests.CCPA_MetaAppE2ETests">
    <ignored/>
  </testcase> <!-- CheckConsentWithSameAuthIDWithNewInstallation -->
  <testcase name="CheckConsentDataFromPrivacyManagerDirect" time="0.0" classname="com.mobile.tests.CCPA_SDKTests">
    <ignored/>
  </testcase> <!-- CheckConsentDataFromPrivacyManagerDirect -->
  <testcase name="CheckErrorForWrongCampaignDetails" time="0.0" classname="com.mobile.tests.GDPR_MetaAppE2ETests">
    <ignored/>
  </testcase> <!-- CheckErrorForWrongCampaignDetails -->
  <testcase name="CheckErrorForMandatoryFieldForParameter" time="0.0" classname="com.mobile.tests.GDPR_MetaAppE2ETests">
    <ignored/>
  </testcase> <!-- CheckErrorForMandatoryFieldForParameter -->
  <testcase name="CheckConsentOnRejectAllFromConsentView" time="0.0" classname="com.mobile.tests.CCPA_SDKTests">
    <ignored/>
  </testcase> <!-- CheckConsentOnRejectAllFromConsentView -->
  <testcase name="CheckCancleFromPrivacyManager" time="0.0" classname="com.mobile.tests.GDPR_SDKTests">
    <ignored/>
  </testcase> <!-- CheckCancleFromPrivacyManager -->
  <testcase name="@BeforeSuite projectSetUp" time="0.0" classname="com.frameworkbase.DriverBase">
    <ignored/>
  </testcase> <!-- @BeforeSuite projectSetUp -->
  <testcase name="@BeforeSuite projectSetUp" time="0.0" classname="com.frameworkbase.DriverBase">
    <ignored/>
  </testcase> <!-- @BeforeSuite projectSetUp -->
  <testcase name="@BeforeSuite projectSetUp" time="0.0" classname="com.frameworkbase.DriverBase">
    <ignored/>
  </testcase> <!-- @BeforeSuite projectSetUp -->
  <testcase name="@BeforeSuite projectSetUp" time="0.0" classname="com.frameworkbase.DriverBase">
    <ignored/>
  </testcase> <!-- @BeforeSuite projectSetUp -->
  <testcase name="EditSiteWithNoConsentGivenBefore" time="0.0" classname="com.mobile.tests.GDPR_MetaAppE2ETests">
    <ignored/>
  </testcase> <!-- EditSiteWithNoConsentGivenBefore -->
  <testcase name="CheckConsentForTargetingParameterAfterRejectAll" time="0.0" classname="com.mobile.tests.CCPA_MetaAppE2ETests">
    <ignored/>
  </testcase> <!-- CheckConsentForTargetingParameterAfterRejectAll -->
  <testcase name="CheckCancelFromDirectPrivacyManager" time="0.0" classname="com.mobile.tests.GDPR_TCFV2_MetaAppTests">
    <ignored/>
  </testcase> <!-- CheckCancelFromDirectPrivacyManager -->
  <testcase name="CheckConsentWithSameAuthIDAfterDeletingAndRecreate" time="0.0" classname="com.mobile.tests.CCPA_MetaAppE2ETests">
    <ignored/>
  </testcase> <!-- CheckConsentWithSameAuthIDAfterDeletingAndRecreate -->
</testsuite> <!-- MobileTest-D22AF98C-4968-454E-8309-DD1A1C7DD827 -->
