<html>
<head>
<title>TestNG:  MobileTest-emulator-5554</title>
<link href="../testng.css" rel="stylesheet" type="text/css" />
<link href="../my-testng.css" rel="stylesheet" type="text/css" />

<style type="text/css">
.log { display: none;} 
.stack-trace { display: none;} 
</style>
<script type="text/javascript">
<!--
function flip(e) {
  current = e.style.display;
  if (current == 'block') {
    e.style.display = 'none';
    return 0;
  }
  else {
    e.style.display = 'block';
    return 1;
  }
}

function toggleBox(szDivId, elem, msg1, msg2)
{
  var res = -1;  if (document.getElementById) {
    res = flip(document.getElementById(szDivId));
  }
  else if (document.all) {
    // this is the way old msie versions work
    res = flip(document.all[szDivId]);
  }
  if(elem) {
    if(res == 0) elem.innerHTML = msg1; else elem.innerHTML = msg2;
  }

}

function toggleAllBoxes() {
  if (document.getElementsByTagName) {
    d = document.getElementsByTagName('div');
    for (i = 0; i < d.length; i++) {
      if (d[i].className == 'log') {
        flip(d[i]);
      }
    }
  }
}

// -->
</script>

</head>
<body>
<h2 align='center'>MobileTest-emulator-5554</h2><table border='1' align="center">
<tr>
<td>Tests passed/Failed/Skipped:</td><td>0/0/11</td>
</tr><tr>
<td>Started on:</td><td>Fri Jun 05 10:52:32 IST 2020</td>
</tr>
<tr><td>Total time:</td><td>47 seconds (47323 ms)</td>
</tr><tr>
<td>Included groups:</td><td>TCFV1_GDPRMetaAppTests </td>
</tr><tr>
<td>Excluded groups:</td><td></td>
</tr>
</table><p/>
<small><i>(Hover the method name to see the test class name)</i></small><p/>
<table width='100%' border='1' class='invocation-failed'>
<tr><td colspan='4' align='center'><b>FAILED CONFIGURATIONS</b></td></tr>
<tr><td><b>Test method</b></td>
<td width="30%"><b>Exception</b></td>
<td width="10%"><b>Time (seconds)</b></td>
<td><b>Instance</b></td>
</tr>
<tr>
<td title='com.mobile.tests.GDPR_TCFV1_MetaAppE2ETests.mobileSetUp()'><b>mobileSetUp</b><br>Test class: com.mobile.tests.GDPR_TCFV1_MetaAppE2ETests<br>Parameters: emulator-5554, public void com.mobile.tests.GDPR_TCFV1_MetaAppE2ETests.CheckConsentForTargetingParameterAfterAcceptAll(java.lang.String) throws java.lang.InterruptedException</td>
<td><div><pre>java.lang.AssertionError: Exception occured while launching the Application on - emulator-5554 having OS version - 10. Exception details - Framework Exception Unable to create a new remote session. Please check the server log for more details. Original error: An unknown server-side error occurred while processing the command. Original error: Could not find a connected Android device.
Build info: version: &apos;3.141.59&apos;, revision: &apos;e82be7d358&apos;, time: &apos;2018-11-14T08:17:03&apos;
System info: host: &apos;Vishals-Mac.local&apos;, ip: &apos;fe80:0:0:0:c20:3d65:1640:1787%en0&apos;, os.name: &apos;Mac OS X&apos;, os.arch: &apos;x86_64&apos;, os.version: &apos;10.14.6&apos;, java.version: &apos;1.8.0_222&apos;
Driver info: driver.version: MobileDriver
remote stacktrace: UnknownError: An unknown server-side error occurred while processing the command. Original error: Could not find a connected Android device.
    at getResponseForW3CError (/usr/local/lib/node_modules/appium/node_modules/appium-base-driver/lib/protocol/errors.js:826:9)
    at asyncHandler (/usr/local/lib/node_modules/appium/node_modules/appium-base-driver/lib/protocol/protocol.js:388:37)
Build info: version: &apos;3.141.59&apos;, revision: &apos;e82be7d358&apos;, time: &apos;2018-11-14T08:17:03&apos;
System info: host: &apos;Vishals-Mac.local&apos;, ip: &apos;fe80:0:0:0:c20:3d65:1640:1787%en0&apos;, os.name: &apos;Mac OS X&apos;, os.arch: &apos;x86_64&apos;, os.version: &apos;10.14.6&apos;, java.version: &apos;1.8.0_222&apos;
Driver info: driver.version: MobileDriver
	at com.cybage.frameworkutility.utilities.Report.LogFail(Report.java:748)
	at com.fusion.plugin.extension.mobile.MobileDriver.setup(MobileDriver.java:215)
	at com.frameworkbase.DriverBase.createDriver(DriverBase.java:152)
	at com.frameworkbase.DriverBase.createMobileDriver(DriverBase.java:169)
	at com.mobile.tests.GDPR_TCFV1_MetaAppE2ETests.mobileSetUp(GDPR_TCFV1_MetaAppE2ETests.java:31)
	at java.util.concurrent.FutureTask.run(FutureTask.java:266)
	at java.util.concurrent.ThreadPoolExecutor.runWorker(ThreadPoolExecutor.java:1149)
	at java.util.concurrent.ThreadPoolExecutor$Worker.run(ThreadPoolExecutor.java:624)
	at java.lang.Thread.run(Thread.java:748)
... Removed 19 stack frames</pre></div><a href='#' onClick='toggleBox("stack-trace1474563359", this, "Click to show all stack frames", "Click to hide stack frames")'>Click to show all stack frames</a>
<div class='stack-trace' id='stack-trace1474563359'><pre>java.lang.AssertionError: Exception occured while launching the Application on - emulator-5554 having OS version - 10. Exception details - Framework Exception Unable to create a new remote session. Please check the server log for more details. Original error: An unknown server-side error occurred while processing the command. Original error: Could not find a connected Android device.
Build info: version: &apos;3.141.59&apos;, revision: &apos;e82be7d358&apos;, time: &apos;2018-11-14T08:17:03&apos;
System info: host: &apos;Vishals-Mac.local&apos;, ip: &apos;fe80:0:0:0:c20:3d65:1640:1787%en0&apos;, os.name: &apos;Mac OS X&apos;, os.arch: &apos;x86_64&apos;, os.version: &apos;10.14.6&apos;, java.version: &apos;1.8.0_222&apos;
Driver info: driver.version: MobileDriver
remote stacktrace: UnknownError: An unknown server-side error occurred while processing the command. Original error: Could not find a connected Android device.
    at getResponseForW3CError (/usr/local/lib/node_modules/appium/node_modules/appium-base-driver/lib/protocol/errors.js:826:9)
    at asyncHandler (/usr/local/lib/node_modules/appium/node_modules/appium-base-driver/lib/protocol/protocol.js:388:37)
Build info: version: &apos;3.141.59&apos;, revision: &apos;e82be7d358&apos;, time: &apos;2018-11-14T08:17:03&apos;
System info: host: &apos;Vishals-Mac.local&apos;, ip: &apos;fe80:0:0:0:c20:3d65:1640:1787%en0&apos;, os.name: &apos;Mac OS X&apos;, os.arch: &apos;x86_64&apos;, os.version: &apos;10.14.6&apos;, java.version: &apos;1.8.0_222&apos;
Driver info: driver.version: MobileDriver
	at org.testng.Assert.fail(Assert.java:93)
	at com.cybage.frameworkutility.utilities.Report.LogFail(Report.java:748)
	at com.fusion.plugin.extension.mobile.MobileDriver.setup(MobileDriver.java:215)
	at com.frameworkbase.DriverBase.createDriver(DriverBase.java:152)
	at com.frameworkbase.DriverBase.createMobileDriver(DriverBase.java:169)
	at com.mobile.tests.GDPR_TCFV1_MetaAppE2ETests.mobileSetUp(GDPR_TCFV1_MetaAppE2ETests.java:31)
	at sun.reflect.NativeMethodAccessorImpl.invoke0(Native Method)
	at sun.reflect.NativeMethodAccessorImpl.invoke(NativeMethodAccessorImpl.java:62)
	at sun.reflect.DelegatingMethodAccessorImpl.invoke(DelegatingMethodAccessorImpl.java:43)
	at java.lang.reflect.Method.invoke(Method.java:498)
	at org.testng.internal.MethodInvocationHelper.invokeMethod(MethodInvocationHelper.java:108)
	at org.testng.internal.Invoker.invokeConfigurationMethod(Invoker.java:523)
	at org.testng.internal.Invoker.invokeConfigurations(Invoker.java:224)
	at org.testng.internal.Invoker.invokeMethod(Invoker.java:599)
	at org.testng.internal.Invoker.invokeTestMethod(Invoker.java:869)
	at org.testng.internal.Invoker.invokeTestMethods(Invoker.java:1193)
	at org.testng.internal.TestMethodWorker.invokeTestMethods(TestMethodWorker.java:126)
	at org.testng.internal.TestMethodWorker.run(TestMethodWorker.java:109)
	at org.testng.TestRunner.privateRun(TestRunner.java:744)
	at org.testng.TestRunner.run(TestRunner.java:602)
	at org.testng.SuiteRunner.runTest(SuiteRunner.java:380)
	at org.testng.SuiteRunner.access$000(SuiteRunner.java:39)
	at org.testng.SuiteRunner$SuiteWorker.run(SuiteRunner.java:414)
	at org.testng.internal.thread.ThreadUtil$1.call(ThreadUtil.java:52)
	at java.util.concurrent.FutureTask.run(FutureTask.java:266)
	at java.util.concurrent.ThreadPoolExecutor.runWorker(ThreadPoolExecutor.java:1149)
	at java.util.concurrent.ThreadPoolExecutor$Worker.run(ThreadPoolExecutor.java:624)
	at java.lang.Thread.run(Thread.java:748)
</pre></div></td>
<td>44</td>
<td>com.mobile.tests.GDPR_TCFV1_MetaAppE2ETests@6366ebe0</td></tr>
<tr>
<td title='com.mobile.tests.GDPR_TCFV1_MetaAppE2ETests.mobileSetUp()'><b>mobileSetUp</b><br>Test class: com.mobile.tests.GDPR_TCFV1_MetaAppE2ETests<br>Parameters: emulator-5554, public void com.mobile.tests.GDPR_TCFV1_MetaAppE2ETests.CheckConsentForTargetingParameterAfterRejectAll(java.lang.String) throws java.lang.InterruptedException</td>
<td><div><pre>java.lang.NullPointerException
	at com.frameworkbase.DriverBase.createDriver(DriverBase.java:136)
	at com.frameworkbase.DriverBase.createMobileDriver(DriverBase.java:169)
	at com.mobile.tests.GDPR_TCFV1_MetaAppE2ETests.mobileSetUp(GDPR_TCFV1_MetaAppE2ETests.java:31)
	at java.util.concurrent.FutureTask.run(FutureTask.java:266)
	at java.util.concurrent.ThreadPoolExecutor.runWorker(ThreadPoolExecutor.java:1149)
	at java.util.concurrent.ThreadPoolExecutor$Worker.run(ThreadPoolExecutor.java:624)
	at java.lang.Thread.run(Thread.java:748)
... Removed 18 stack frames</pre></div><a href='#' onClick='toggleBox("stack-trace164623386", this, "Click to show all stack frames", "Click to hide stack frames")'>Click to show all stack frames</a>
<div class='stack-trace' id='stack-trace164623386'><pre>java.lang.NullPointerException
	at com.frameworkbase.DriverBase.createDriver(DriverBase.java:136)
	at com.frameworkbase.DriverBase.createMobileDriver(DriverBase.java:169)
	at com.mobile.tests.GDPR_TCFV1_MetaAppE2ETests.mobileSetUp(GDPR_TCFV1_MetaAppE2ETests.java:31)
	at sun.reflect.NativeMethodAccessorImpl.invoke0(Native Method)
	at sun.reflect.NativeMethodAccessorImpl.invoke(NativeMethodAccessorImpl.java:62)
	at sun.reflect.DelegatingMethodAccessorImpl.invoke(DelegatingMethodAccessorImpl.java:43)
	at java.lang.reflect.Method.invoke(Method.java:498)
	at org.testng.internal.MethodInvocationHelper.invokeMethod(MethodInvocationHelper.java:108)
	at org.testng.internal.Invoker.invokeConfigurationMethod(Invoker.java:523)
	at org.testng.internal.Invoker.invokeConfigurations(Invoker.java:224)
	at org.testng.internal.Invoker.invokeMethod(Invoker.java:599)
	at org.testng.internal.Invoker.invokeTestMethod(Invoker.java:869)
	at org.testng.internal.Invoker.invokeTestMethods(Invoker.java:1193)
	at org.testng.internal.TestMethodWorker.invokeTestMethods(TestMethodWorker.java:126)
	at org.testng.internal.TestMethodWorker.run(TestMethodWorker.java:109)
	at org.testng.TestRunner.privateRun(TestRunner.java:744)
	at org.testng.TestRunner.run(TestRunner.java:602)
	at org.testng.SuiteRunner.runTest(SuiteRunner.java:380)
	at org.testng.SuiteRunner.access$000(SuiteRunner.java:39)
	at org.testng.SuiteRunner$SuiteWorker.run(SuiteRunner.java:414)
	at org.testng.internal.thread.ThreadUtil$1.call(ThreadUtil.java:52)
	at java.util.concurrent.FutureTask.run(FutureTask.java:266)
	at java.util.concurrent.ThreadPoolExecutor.runWorker(ThreadPoolExecutor.java:1149)
	at java.util.concurrent.ThreadPoolExecutor$Worker.run(ThreadPoolExecutor.java:624)
	at java.lang.Thread.run(Thread.java:748)
</pre></div></td>
<td>0</td>
<td>com.mobile.tests.GDPR_TCFV1_MetaAppE2ETests@6366ebe0</td></tr>
<tr>
<td title='com.mobile.tests.GDPR_TCFV1_MetaAppE2ETests.mobileSetUp()'><b>mobileSetUp</b><br>Test class: com.mobile.tests.GDPR_TCFV1_MetaAppE2ETests<br>Parameters: emulator-5554, public void com.mobile.tests.GDPR_TCFV1_MetaAppE2ETests.CheckConsentMessageDisplayAfterDeleteCookies(java.lang.String) throws java.lang.InterruptedException</td>
<td><div><pre>java.lang.NullPointerException
	at com.frameworkbase.DriverBase.createDriver(DriverBase.java:136)
	at com.frameworkbase.DriverBase.createMobileDriver(DriverBase.java:169)
	at com.mobile.tests.GDPR_TCFV1_MetaAppE2ETests.mobileSetUp(GDPR_TCFV1_MetaAppE2ETests.java:31)
	at java.util.concurrent.FutureTask.run(FutureTask.java:266)
	at java.util.concurrent.ThreadPoolExecutor.runWorker(ThreadPoolExecutor.java:1149)
	at java.util.concurrent.ThreadPoolExecutor$Worker.run(ThreadPoolExecutor.java:624)
	at java.lang.Thread.run(Thread.java:748)
... Removed 18 stack frames</pre></div><a href='#' onClick='toggleBox("stack-trace1816780827", this, "Click to show all stack frames", "Click to hide stack frames")'>Click to show all stack frames</a>
<div class='stack-trace' id='stack-trace1816780827'><pre>java.lang.NullPointerException
	at com.frameworkbase.DriverBase.createDriver(DriverBase.java:136)
	at com.frameworkbase.DriverBase.createMobileDriver(DriverBase.java:169)
	at com.mobile.tests.GDPR_TCFV1_MetaAppE2ETests.mobileSetUp(GDPR_TCFV1_MetaAppE2ETests.java:31)
	at sun.reflect.NativeMethodAccessorImpl.invoke0(Native Method)
	at sun.reflect.NativeMethodAccessorImpl.invoke(NativeMethodAccessorImpl.java:62)
	at sun.reflect.DelegatingMethodAccessorImpl.invoke(DelegatingMethodAccessorImpl.java:43)
	at java.lang.reflect.Method.invoke(Method.java:498)
	at org.testng.internal.MethodInvocationHelper.invokeMethod(MethodInvocationHelper.java:108)
	at org.testng.internal.Invoker.invokeConfigurationMethod(Invoker.java:523)
	at org.testng.internal.Invoker.invokeConfigurations(Invoker.java:224)
	at org.testng.internal.Invoker.invokeMethod(Invoker.java:599)
	at org.testng.internal.Invoker.invokeTestMethod(Invoker.java:869)
	at org.testng.internal.Invoker.invokeTestMethods(Invoker.java:1193)
	at org.testng.internal.TestMethodWorker.invokeTestMethods(TestMethodWorker.java:126)
	at org.testng.internal.TestMethodWorker.run(TestMethodWorker.java:109)
	at org.testng.TestRunner.privateRun(TestRunner.java:744)
	at org.testng.TestRunner.run(TestRunner.java:602)
	at org.testng.SuiteRunner.runTest(SuiteRunner.java:380)
	at org.testng.SuiteRunner.access$000(SuiteRunner.java:39)
	at org.testng.SuiteRunner$SuiteWorker.run(SuiteRunner.java:414)
	at org.testng.internal.thread.ThreadUtil$1.call(ThreadUtil.java:52)
	at java.util.concurrent.FutureTask.run(FutureTask.java:266)
	at java.util.concurrent.ThreadPoolExecutor.runWorker(ThreadPoolExecutor.java:1149)
	at java.util.concurrent.ThreadPoolExecutor$Worker.run(ThreadPoolExecutor.java:624)
	at java.lang.Thread.run(Thread.java:748)
</pre></div></td>
<td>0</td>
<td>com.mobile.tests.GDPR_TCFV1_MetaAppE2ETests@6366ebe0</td></tr>
<tr>
<td title='com.mobile.tests.GDPR_TCFV1_MetaAppE2ETests.mobileSetUp()'><b>mobileSetUp</b><br>Test class: com.mobile.tests.GDPR_TCFV1_MetaAppE2ETests<br>Parameters: emulator-5554, public void com.mobile.tests.GDPR_TCFV1_MetaAppE2ETests.CheckConsentWithSameAuthIDAfterDeletingAndRecreate(java.lang.String) throws java.lang.Exception</td>
<td><div><pre>java.lang.NullPointerException
	at com.frameworkbase.DriverBase.createDriver(DriverBase.java:136)
	at com.frameworkbase.DriverBase.createMobileDriver(DriverBase.java:169)
	at com.mobile.tests.GDPR_TCFV1_MetaAppE2ETests.mobileSetUp(GDPR_TCFV1_MetaAppE2ETests.java:31)
	at java.util.concurrent.FutureTask.run(FutureTask.java:266)
	at java.util.concurrent.ThreadPoolExecutor.runWorker(ThreadPoolExecutor.java:1149)
	at java.util.concurrent.ThreadPoolExecutor$Worker.run(ThreadPoolExecutor.java:624)
	at java.lang.Thread.run(Thread.java:748)
... Removed 18 stack frames</pre></div><a href='#' onClick='toggleBox("stack-trace1478636793", this, "Click to show all stack frames", "Click to hide stack frames")'>Click to show all stack frames</a>
<div class='stack-trace' id='stack-trace1478636793'><pre>java.lang.NullPointerException
	at com.frameworkbase.DriverBase.createDriver(DriverBase.java:136)
	at com.frameworkbase.DriverBase.createMobileDriver(DriverBase.java:169)
	at com.mobile.tests.GDPR_TCFV1_MetaAppE2ETests.mobileSetUp(GDPR_TCFV1_MetaAppE2ETests.java:31)
	at sun.reflect.NativeMethodAccessorImpl.invoke0(Native Method)
	at sun.reflect.NativeMethodAccessorImpl.invoke(NativeMethodAccessorImpl.java:62)
	at sun.reflect.DelegatingMethodAccessorImpl.invoke(DelegatingMethodAccessorImpl.java:43)
	at java.lang.reflect.Method.invoke(Method.java:498)
	at org.testng.internal.MethodInvocationHelper.invokeMethod(MethodInvocationHelper.java:108)
	at org.testng.internal.Invoker.invokeConfigurationMethod(Invoker.java:523)
	at org.testng.internal.Invoker.invokeConfigurations(Invoker.java:224)
	at org.testng.internal.Invoker.invokeMethod(Invoker.java:599)
	at org.testng.internal.Invoker.invokeTestMethod(Invoker.java:869)
	at org.testng.internal.Invoker.invokeTestMethods(Invoker.java:1193)
	at org.testng.internal.TestMethodWorker.invokeTestMethods(TestMethodWorker.java:126)
	at org.testng.internal.TestMethodWorker.run(TestMethodWorker.java:109)
	at org.testng.TestRunner.privateRun(TestRunner.java:744)
	at org.testng.TestRunner.run(TestRunner.java:602)
	at org.testng.SuiteRunner.runTest(SuiteRunner.java:380)
	at org.testng.SuiteRunner.access$000(SuiteRunner.java:39)
	at org.testng.SuiteRunner$SuiteWorker.run(SuiteRunner.java:414)
	at org.testng.internal.thread.ThreadUtil$1.call(ThreadUtil.java:52)
	at java.util.concurrent.FutureTask.run(FutureTask.java:266)
	at java.util.concurrent.ThreadPoolExecutor.runWorker(ThreadPoolExecutor.java:1149)
	at java.util.concurrent.ThreadPoolExecutor$Worker.run(ThreadPoolExecutor.java:624)
	at java.lang.Thread.run(Thread.java:748)
</pre></div></td>
<td>0</td>
<td>com.mobile.tests.GDPR_TCFV1_MetaAppE2ETests@6366ebe0</td></tr>
<tr>
<td title='com.mobile.tests.GDPR_TCFV1_MetaAppE2ETests.mobileSetUp()'><b>mobileSetUp</b><br>Test class: com.mobile.tests.GDPR_TCFV1_MetaAppE2ETests<br>Parameters: emulator-5554, public void com.mobile.tests.GDPR_TCFV1_MetaAppE2ETests.CheckNoMessageWithShowOnceCriteriaWhenConsentAlreadySaved(java.lang.String) throws java.lang.Exception</td>
<td><div><pre>java.lang.NullPointerException
	at com.frameworkbase.DriverBase.createDriver(DriverBase.java:136)
	at com.frameworkbase.DriverBase.createMobileDriver(DriverBase.java:169)
	at com.mobile.tests.GDPR_TCFV1_MetaAppE2ETests.mobileSetUp(GDPR_TCFV1_MetaAppE2ETests.java:31)
	at java.util.concurrent.FutureTask.run(FutureTask.java:266)
	at java.util.concurrent.ThreadPoolExecutor.runWorker(ThreadPoolExecutor.java:1149)
	at java.util.concurrent.ThreadPoolExecutor$Worker.run(ThreadPoolExecutor.java:624)
	at java.lang.Thread.run(Thread.java:748)
... Removed 18 stack frames</pre></div><a href='#' onClick='toggleBox("stack-trace846223000", this, "Click to show all stack frames", "Click to hide stack frames")'>Click to show all stack frames</a>
<div class='stack-trace' id='stack-trace846223000'><pre>java.lang.NullPointerException
	at com.frameworkbase.DriverBase.createDriver(DriverBase.java:136)
	at com.frameworkbase.DriverBase.createMobileDriver(DriverBase.java:169)
	at com.mobile.tests.GDPR_TCFV1_MetaAppE2ETests.mobileSetUp(GDPR_TCFV1_MetaAppE2ETests.java:31)
	at sun.reflect.NativeMethodAccessorImpl.invoke0(Native Method)
	at sun.reflect.NativeMethodAccessorImpl.invoke(NativeMethodAccessorImpl.java:62)
	at sun.reflect.DelegatingMethodAccessorImpl.invoke(DelegatingMethodAccessorImpl.java:43)
	at java.lang.reflect.Method.invoke(Method.java:498)
	at org.testng.internal.MethodInvocationHelper.invokeMethod(MethodInvocationHelper.java:108)
	at org.testng.internal.Invoker.invokeConfigurationMethod(Invoker.java:523)
	at org.testng.internal.Invoker.invokeConfigurations(Invoker.java:224)
	at org.testng.internal.Invoker.invokeMethod(Invoker.java:599)
	at org.testng.internal.Invoker.invokeTestMethod(Invoker.java:869)
	at org.testng.internal.Invoker.invokeTestMethods(Invoker.java:1193)
	at org.testng.internal.TestMethodWorker.invokeTestMethods(TestMethodWorker.java:126)
	at org.testng.internal.TestMethodWorker.run(TestMethodWorker.java:109)
	at org.testng.TestRunner.privateRun(TestRunner.java:744)
	at org.testng.TestRunner.run(TestRunner.java:602)
	at org.testng.SuiteRunner.runTest(SuiteRunner.java:380)
	at org.testng.SuiteRunner.access$000(SuiteRunner.java:39)
	at org.testng.SuiteRunner$SuiteWorker.run(SuiteRunner.java:414)
	at org.testng.internal.thread.ThreadUtil$1.call(ThreadUtil.java:52)
	at java.util.concurrent.FutureTask.run(FutureTask.java:266)
	at java.util.concurrent.ThreadPoolExecutor.runWorker(ThreadPoolExecutor.java:1149)
	at java.util.concurrent.ThreadPoolExecutor$Worker.run(ThreadPoolExecutor.java:624)
	at java.lang.Thread.run(Thread.java:748)
</pre></div></td>
<td>0</td>
<td>com.mobile.tests.GDPR_TCFV1_MetaAppE2ETests@6366ebe0</td></tr>
<tr>
<td title='com.mobile.tests.GDPR_TCFV1_MetaAppE2ETests.mobileSetUp()'><b>mobileSetUp</b><br>Test class: com.mobile.tests.GDPR_TCFV1_MetaAppE2ETests<br>Parameters: emulator-5554, public void com.mobile.tests.GDPR_TCFV1_MetaAppE2ETests.CheckSavedConsentAlwaysWithSameAuthID(java.lang.String) throws java.lang.Exception</td>
<td><div><pre>java.lang.NullPointerException
	at com.frameworkbase.DriverBase.createDriver(DriverBase.java:136)
	at com.frameworkbase.DriverBase.createMobileDriver(DriverBase.java:169)
	at com.mobile.tests.GDPR_TCFV1_MetaAppE2ETests.mobileSetUp(GDPR_TCFV1_MetaAppE2ETests.java:31)
	at java.util.concurrent.FutureTask.run(FutureTask.java:266)
	at java.util.concurrent.ThreadPoolExecutor.runWorker(ThreadPoolExecutor.java:1149)
	at java.util.concurrent.ThreadPoolExecutor$Worker.run(ThreadPoolExecutor.java:624)
	at java.lang.Thread.run(Thread.java:748)
... Removed 18 stack frames</pre></div><a href='#' onClick='toggleBox("stack-trace1527699662", this, "Click to show all stack frames", "Click to hide stack frames")'>Click to show all stack frames</a>
<div class='stack-trace' id='stack-trace1527699662'><pre>java.lang.NullPointerException
	at com.frameworkbase.DriverBase.createDriver(DriverBase.java:136)
	at com.frameworkbase.DriverBase.createMobileDriver(DriverBase.java:169)
	at com.mobile.tests.GDPR_TCFV1_MetaAppE2ETests.mobileSetUp(GDPR_TCFV1_MetaAppE2ETests.java:31)
	at sun.reflect.NativeMethodAccessorImpl.invoke0(Native Method)
	at sun.reflect.NativeMethodAccessorImpl.invoke(NativeMethodAccessorImpl.java:62)
	at sun.reflect.DelegatingMethodAccessorImpl.invoke(DelegatingMethodAccessorImpl.java:43)
	at java.lang.reflect.Method.invoke(Method.java:498)
	at org.testng.internal.MethodInvocationHelper.invokeMethod(MethodInvocationHelper.java:108)
	at org.testng.internal.Invoker.invokeConfigurationMethod(Invoker.java:523)
	at org.testng.internal.Invoker.invokeConfigurations(Invoker.java:224)
	at org.testng.internal.Invoker.invokeMethod(Invoker.java:599)
	at org.testng.internal.Invoker.invokeTestMethod(Invoker.java:869)
	at org.testng.internal.Invoker.invokeTestMethods(Invoker.java:1193)
	at org.testng.internal.TestMethodWorker.invokeTestMethods(TestMethodWorker.java:126)
	at org.testng.internal.TestMethodWorker.run(TestMethodWorker.java:109)
	at org.testng.TestRunner.privateRun(TestRunner.java:744)
	at org.testng.TestRunner.run(TestRunner.java:602)
	at org.testng.SuiteRunner.runTest(SuiteRunner.java:380)
	at org.testng.SuiteRunner.access$000(SuiteRunner.java:39)
	at org.testng.SuiteRunner$SuiteWorker.run(SuiteRunner.java:414)
	at org.testng.internal.thread.ThreadUtil$1.call(ThreadUtil.java:52)
	at java.util.concurrent.FutureTask.run(FutureTask.java:266)
	at java.util.concurrent.ThreadPoolExecutor.runWorker(ThreadPoolExecutor.java:1149)
	at java.util.concurrent.ThreadPoolExecutor$Worker.run(ThreadPoolExecutor.java:624)
	at java.lang.Thread.run(Thread.java:748)
</pre></div></td>
<td>0</td>
<td>com.mobile.tests.GDPR_TCFV1_MetaAppE2ETests@6366ebe0</td></tr>
<tr>
<td title='com.mobile.tests.GDPR_TCFV1_MetaAppE2ETests.mobileSetUp()'><b>mobileSetUp</b><br>Test class: com.mobile.tests.GDPR_TCFV1_MetaAppE2ETests<br>Parameters: emulator-5554, public void com.mobile.tests.GDPR_TCFV1_MetaAppE2ETests.CreateAndLauncheNewSiteWithAppLaunchParameter_CheckConsent(java.lang.String) throws java.lang.InterruptedException</td>
<td><div><pre>java.lang.NullPointerException
	at com.frameworkbase.DriverBase.createDriver(DriverBase.java:136)
	at com.frameworkbase.DriverBase.createMobileDriver(DriverBase.java:169)
	at com.mobile.tests.GDPR_TCFV1_MetaAppE2ETests.mobileSetUp(GDPR_TCFV1_MetaAppE2ETests.java:31)
	at java.util.concurrent.FutureTask.run(FutureTask.java:266)
	at java.util.concurrent.ThreadPoolExecutor.runWorker(ThreadPoolExecutor.java:1149)
	at java.util.concurrent.ThreadPoolExecutor$Worker.run(ThreadPoolExecutor.java:624)
	at java.lang.Thread.run(Thread.java:748)
... Removed 18 stack frames</pre></div><a href='#' onClick='toggleBox("stack-trace1523190472", this, "Click to show all stack frames", "Click to hide stack frames")'>Click to show all stack frames</a>
<div class='stack-trace' id='stack-trace1523190472'><pre>java.lang.NullPointerException
	at com.frameworkbase.DriverBase.createDriver(DriverBase.java:136)
	at com.frameworkbase.DriverBase.createMobileDriver(DriverBase.java:169)
	at com.mobile.tests.GDPR_TCFV1_MetaAppE2ETests.mobileSetUp(GDPR_TCFV1_MetaAppE2ETests.java:31)
	at sun.reflect.NativeMethodAccessorImpl.invoke0(Native Method)
	at sun.reflect.NativeMethodAccessorImpl.invoke(NativeMethodAccessorImpl.java:62)
	at sun.reflect.DelegatingMethodAccessorImpl.invoke(DelegatingMethodAccessorImpl.java:43)
	at java.lang.reflect.Method.invoke(Method.java:498)
	at org.testng.internal.MethodInvocationHelper.invokeMethod(MethodInvocationHelper.java:108)
	at org.testng.internal.Invoker.invokeConfigurationMethod(Invoker.java:523)
	at org.testng.internal.Invoker.invokeConfigurations(Invoker.java:224)
	at org.testng.internal.Invoker.invokeMethod(Invoker.java:599)
	at org.testng.internal.Invoker.invokeTestMethod(Invoker.java:869)
	at org.testng.internal.Invoker.invokeTestMethods(Invoker.java:1193)
	at org.testng.internal.TestMethodWorker.invokeTestMethods(TestMethodWorker.java:126)
	at org.testng.internal.TestMethodWorker.run(TestMethodWorker.java:109)
	at org.testng.TestRunner.privateRun(TestRunner.java:744)
	at org.testng.TestRunner.run(TestRunner.java:602)
	at org.testng.SuiteRunner.runTest(SuiteRunner.java:380)
	at org.testng.SuiteRunner.access$000(SuiteRunner.java:39)
	at org.testng.SuiteRunner$SuiteWorker.run(SuiteRunner.java:414)
	at org.testng.internal.thread.ThreadUtil$1.call(ThreadUtil.java:52)
	at java.util.concurrent.FutureTask.run(FutureTask.java:266)
	at java.util.concurrent.ThreadPoolExecutor.runWorker(ThreadPoolExecutor.java:1149)
	at java.util.concurrent.ThreadPoolExecutor$Worker.run(ThreadPoolExecutor.java:624)
	at java.lang.Thread.run(Thread.java:748)
</pre></div></td>
<td>0</td>
<td>com.mobile.tests.GDPR_TCFV1_MetaAppE2ETests@6366ebe0</td></tr>
<tr>
<td title='com.mobile.tests.GDPR_TCFV1_MetaAppE2ETests.mobileSetUp()'><b>mobileSetUp</b><br>Test class: com.mobile.tests.GDPR_TCFV1_MetaAppE2ETests<br>Parameters: emulator-5554, public void com.mobile.tests.GDPR_TCFV1_MetaAppE2ETests.DeleteSite(java.lang.String) throws java.lang.InterruptedException</td>
<td><div><pre>java.lang.NullPointerException
	at com.frameworkbase.DriverBase.createDriver(DriverBase.java:136)
	at com.frameworkbase.DriverBase.createMobileDriver(DriverBase.java:169)
	at com.mobile.tests.GDPR_TCFV1_MetaAppE2ETests.mobileSetUp(GDPR_TCFV1_MetaAppE2ETests.java:31)
	at java.util.concurrent.FutureTask.run(FutureTask.java:266)
	at java.util.concurrent.ThreadPoolExecutor.runWorker(ThreadPoolExecutor.java:1149)
	at java.util.concurrent.ThreadPoolExecutor$Worker.run(ThreadPoolExecutor.java:624)
	at java.lang.Thread.run(Thread.java:748)
... Removed 18 stack frames</pre></div><a href='#' onClick='toggleBox("stack-trace2055877288", this, "Click to show all stack frames", "Click to hide stack frames")'>Click to show all stack frames</a>
<div class='stack-trace' id='stack-trace2055877288'><pre>java.lang.NullPointerException
	at com.frameworkbase.DriverBase.createDriver(DriverBase.java:136)
	at com.frameworkbase.DriverBase.createMobileDriver(DriverBase.java:169)
	at com.mobile.tests.GDPR_TCFV1_MetaAppE2ETests.mobileSetUp(GDPR_TCFV1_MetaAppE2ETests.java:31)
	at sun.reflect.NativeMethodAccessorImpl.invoke0(Native Method)
	at sun.reflect.NativeMethodAccessorImpl.invoke(NativeMethodAccessorImpl.java:62)
	at sun.reflect.DelegatingMethodAccessorImpl.invoke(DelegatingMethodAccessorImpl.java:43)
	at java.lang.reflect.Method.invoke(Method.java:498)
	at org.testng.internal.MethodInvocationHelper.invokeMethod(MethodInvocationHelper.java:108)
	at org.testng.internal.Invoker.invokeConfigurationMethod(Invoker.java:523)
	at org.testng.internal.Invoker.invokeConfigurations(Invoker.java:224)
	at org.testng.internal.Invoker.invokeMethod(Invoker.java:599)
	at org.testng.internal.Invoker.invokeTestMethod(Invoker.java:869)
	at org.testng.internal.Invoker.invokeTestMethods(Invoker.java:1193)
	at org.testng.internal.TestMethodWorker.invokeTestMethods(TestMethodWorker.java:126)
	at org.testng.internal.TestMethodWorker.run(TestMethodWorker.java:109)
	at org.testng.TestRunner.privateRun(TestRunner.java:744)
	at org.testng.TestRunner.run(TestRunner.java:602)
	at org.testng.SuiteRunner.runTest(SuiteRunner.java:380)
	at org.testng.SuiteRunner.access$000(SuiteRunner.java:39)
	at org.testng.SuiteRunner$SuiteWorker.run(SuiteRunner.java:414)
	at org.testng.internal.thread.ThreadUtil$1.call(ThreadUtil.java:52)
	at java.util.concurrent.FutureTask.run(FutureTask.java:266)
	at java.util.concurrent.ThreadPoolExecutor.runWorker(ThreadPoolExecutor.java:1149)
	at java.util.concurrent.ThreadPoolExecutor$Worker.run(ThreadPoolExecutor.java:624)
	at java.lang.Thread.run(Thread.java:748)
</pre></div></td>
<td>0</td>
<td>com.mobile.tests.GDPR_TCFV1_MetaAppE2ETests@6366ebe0</td></tr>
<tr>
<td title='com.mobile.tests.GDPR_TCFV1_MetaAppE2ETests.mobileSetUp()'><b>mobileSetUp</b><br>Test class: com.mobile.tests.GDPR_TCFV1_MetaAppE2ETests<br>Parameters: emulator-5554, public void com.mobile.tests.GDPR_TCFV1_MetaAppE2ETests.EditSiteWithConsentGivenBefore(java.lang.String) throws java.lang.InterruptedException</td>
<td><div><pre>java.lang.NullPointerException
	at com.frameworkbase.DriverBase.createDriver(DriverBase.java:136)
	at com.frameworkbase.DriverBase.createMobileDriver(DriverBase.java:169)
	at com.mobile.tests.GDPR_TCFV1_MetaAppE2ETests.mobileSetUp(GDPR_TCFV1_MetaAppE2ETests.java:31)
	at java.util.concurrent.FutureTask.run(FutureTask.java:266)
	at java.util.concurrent.ThreadPoolExecutor.runWorker(ThreadPoolExecutor.java:1149)
	at java.util.concurrent.ThreadPoolExecutor$Worker.run(ThreadPoolExecutor.java:624)
	at java.lang.Thread.run(Thread.java:748)
... Removed 18 stack frames</pre></div><a href='#' onClick='toggleBox("stack-trace29308560", this, "Click to show all stack frames", "Click to hide stack frames")'>Click to show all stack frames</a>
<div class='stack-trace' id='stack-trace29308560'><pre>java.lang.NullPointerException
	at com.frameworkbase.DriverBase.createDriver(DriverBase.java:136)
	at com.frameworkbase.DriverBase.createMobileDriver(DriverBase.java:169)
	at com.mobile.tests.GDPR_TCFV1_MetaAppE2ETests.mobileSetUp(GDPR_TCFV1_MetaAppE2ETests.java:31)
	at sun.reflect.NativeMethodAccessorImpl.invoke0(Native Method)
	at sun.reflect.NativeMethodAccessorImpl.invoke(NativeMethodAccessorImpl.java:62)
	at sun.reflect.DelegatingMethodAccessorImpl.invoke(DelegatingMethodAccessorImpl.java:43)
	at java.lang.reflect.Method.invoke(Method.java:498)
	at org.testng.internal.MethodInvocationHelper.invokeMethod(MethodInvocationHelper.java:108)
	at org.testng.internal.Invoker.invokeConfigurationMethod(Invoker.java:523)
	at org.testng.internal.Invoker.invokeConfigurations(Invoker.java:224)
	at org.testng.internal.Invoker.invokeMethod(Invoker.java:599)
	at org.testng.internal.Invoker.invokeTestMethod(Invoker.java:869)
	at org.testng.internal.Invoker.invokeTestMethods(Invoker.java:1193)
	at org.testng.internal.TestMethodWorker.invokeTestMethods(TestMethodWorker.java:126)
	at org.testng.internal.TestMethodWorker.run(TestMethodWorker.java:109)
	at org.testng.TestRunner.privateRun(TestRunner.java:744)
	at org.testng.TestRunner.run(TestRunner.java:602)
	at org.testng.SuiteRunner.runTest(SuiteRunner.java:380)
	at org.testng.SuiteRunner.access$000(SuiteRunner.java:39)
	at org.testng.SuiteRunner$SuiteWorker.run(SuiteRunner.java:414)
	at org.testng.internal.thread.ThreadUtil$1.call(ThreadUtil.java:52)
	at java.util.concurrent.FutureTask.run(FutureTask.java:266)
	at java.util.concurrent.ThreadPoolExecutor.runWorker(ThreadPoolExecutor.java:1149)
	at java.util.concurrent.ThreadPoolExecutor$Worker.run(ThreadPoolExecutor.java:624)
	at java.lang.Thread.run(Thread.java:748)
</pre></div></td>
<td>0</td>
<td>com.mobile.tests.GDPR_TCFV1_MetaAppE2ETests@6366ebe0</td></tr>
<tr>
<td title='com.mobile.tests.GDPR_TCFV1_MetaAppE2ETests.mobileSetUp()'><b>mobileSetUp</b><br>Test class: com.mobile.tests.GDPR_TCFV1_MetaAppE2ETests<br>Parameters: emulator-5554, public void com.mobile.tests.GDPR_TCFV1_MetaAppE2ETests.EditSiteWithNoConsentGivenBefore(java.lang.String) throws java.lang.InterruptedException</td>
<td><div><pre>java.lang.NullPointerException
	at com.frameworkbase.DriverBase.createDriver(DriverBase.java:136)
	at com.frameworkbase.DriverBase.createMobileDriver(DriverBase.java:169)
	at com.mobile.tests.GDPR_TCFV1_MetaAppE2ETests.mobileSetUp(GDPR_TCFV1_MetaAppE2ETests.java:31)
	at java.util.concurrent.FutureTask.run(FutureTask.java:266)
	at java.util.concurrent.ThreadPoolExecutor.runWorker(ThreadPoolExecutor.java:1149)
	at java.util.concurrent.ThreadPoolExecutor$Worker.run(ThreadPoolExecutor.java:624)
	at java.lang.Thread.run(Thread.java:748)
... Removed 18 stack frames</pre></div><a href='#' onClick='toggleBox("stack-trace561363557", this, "Click to show all stack frames", "Click to hide stack frames")'>Click to show all stack frames</a>
<div class='stack-trace' id='stack-trace561363557'><pre>java.lang.NullPointerException
	at com.frameworkbase.DriverBase.createDriver(DriverBase.java:136)
	at com.frameworkbase.DriverBase.createMobileDriver(DriverBase.java:169)
	at com.mobile.tests.GDPR_TCFV1_MetaAppE2ETests.mobileSetUp(GDPR_TCFV1_MetaAppE2ETests.java:31)
	at sun.reflect.NativeMethodAccessorImpl.invoke0(Native Method)
	at sun.reflect.NativeMethodAccessorImpl.invoke(NativeMethodAccessorImpl.java:62)
	at sun.reflect.DelegatingMethodAccessorImpl.invoke(DelegatingMethodAccessorImpl.java:43)
	at java.lang.reflect.Method.invoke(Method.java:498)
	at org.testng.internal.MethodInvocationHelper.invokeMethod(MethodInvocationHelper.java:108)
	at org.testng.internal.Invoker.invokeConfigurationMethod(Invoker.java:523)
	at org.testng.internal.Invoker.invokeConfigurations(Invoker.java:224)
	at org.testng.internal.Invoker.invokeMethod(Invoker.java:599)
	at org.testng.internal.Invoker.invokeTestMethod(Invoker.java:869)
	at org.testng.internal.Invoker.invokeTestMethods(Invoker.java:1193)
	at org.testng.internal.TestMethodWorker.invokeTestMethods(TestMethodWorker.java:126)
	at org.testng.internal.TestMethodWorker.run(TestMethodWorker.java:109)
	at org.testng.TestRunner.privateRun(TestRunner.java:744)
	at org.testng.TestRunner.run(TestRunner.java:602)
	at org.testng.SuiteRunner.runTest(SuiteRunner.java:380)
	at org.testng.SuiteRunner.access$000(SuiteRunner.java:39)
	at org.testng.SuiteRunner$SuiteWorker.run(SuiteRunner.java:414)
	at org.testng.internal.thread.ThreadUtil$1.call(ThreadUtil.java:52)
	at java.util.concurrent.FutureTask.run(FutureTask.java:266)
	at java.util.concurrent.ThreadPoolExecutor.runWorker(ThreadPoolExecutor.java:1149)
	at java.util.concurrent.ThreadPoolExecutor$Worker.run(ThreadPoolExecutor.java:624)
	at java.lang.Thread.run(Thread.java:748)
</pre></div></td>
<td>0</td>
<td>com.mobile.tests.GDPR_TCFV1_MetaAppE2ETests@6366ebe0</td></tr>
<tr>
<td title='com.mobile.tests.GDPR_TCFV1_MetaAppE2ETests.mobileSetUp()'><b>mobileSetUp</b><br>Test class: com.mobile.tests.GDPR_TCFV1_MetaAppE2ETests<br>Parameters: emulator-5554, public void com.mobile.tests.GDPR_TCFV1_MetaAppE2ETests.ResetCookies(java.lang.String) throws java.lang.InterruptedException</td>
<td><div><pre>java.lang.NullPointerException
	at com.frameworkbase.DriverBase.createDriver(DriverBase.java:136)
	at com.frameworkbase.DriverBase.createMobileDriver(DriverBase.java:169)
	at com.mobile.tests.GDPR_TCFV1_MetaAppE2ETests.mobileSetUp(GDPR_TCFV1_MetaAppE2ETests.java:31)
	at java.util.concurrent.FutureTask.run(FutureTask.java:266)
	at java.util.concurrent.ThreadPoolExecutor.runWorker(ThreadPoolExecutor.java:1149)
	at java.util.concurrent.ThreadPoolExecutor$Worker.run(ThreadPoolExecutor.java:624)
	at java.lang.Thread.run(Thread.java:748)
... Removed 18 stack frames</pre></div><a href='#' onClick='toggleBox("stack-trace756681317", this, "Click to show all stack frames", "Click to hide stack frames")'>Click to show all stack frames</a>
<div class='stack-trace' id='stack-trace756681317'><pre>java.lang.NullPointerException
	at com.frameworkbase.DriverBase.createDriver(DriverBase.java:136)
	at com.frameworkbase.DriverBase.createMobileDriver(DriverBase.java:169)
	at com.mobile.tests.GDPR_TCFV1_MetaAppE2ETests.mobileSetUp(GDPR_TCFV1_MetaAppE2ETests.java:31)
	at sun.reflect.NativeMethodAccessorImpl.invoke0(Native Method)
	at sun.reflect.NativeMethodAccessorImpl.invoke(NativeMethodAccessorImpl.java:62)
	at sun.reflect.DelegatingMethodAccessorImpl.invoke(DelegatingMethodAccessorImpl.java:43)
	at java.lang.reflect.Method.invoke(Method.java:498)
	at org.testng.internal.MethodInvocationHelper.invokeMethod(MethodInvocationHelper.java:108)
	at org.testng.internal.Invoker.invokeConfigurationMethod(Invoker.java:523)
	at org.testng.internal.Invoker.invokeConfigurations(Invoker.java:224)
	at org.testng.internal.Invoker.invokeMethod(Invoker.java:599)
	at org.testng.internal.Invoker.invokeTestMethod(Invoker.java:869)
	at org.testng.internal.Invoker.invokeTestMethods(Invoker.java:1193)
	at org.testng.internal.TestMethodWorker.invokeTestMethods(TestMethodWorker.java:126)
	at org.testng.internal.TestMethodWorker.run(TestMethodWorker.java:109)
	at org.testng.TestRunner.privateRun(TestRunner.java:744)
	at org.testng.TestRunner.run(TestRunner.java:602)
	at org.testng.SuiteRunner.runTest(SuiteRunner.java:380)
	at org.testng.SuiteRunner.access$000(SuiteRunner.java:39)
	at org.testng.SuiteRunner$SuiteWorker.run(SuiteRunner.java:414)
	at org.testng.internal.thread.ThreadUtil$1.call(ThreadUtil.java:52)
	at java.util.concurrent.FutureTask.run(FutureTask.java:266)
	at java.util.concurrent.ThreadPoolExecutor.runWorker(ThreadPoolExecutor.java:1149)
	at java.util.concurrent.ThreadPoolExecutor$Worker.run(ThreadPoolExecutor.java:624)
	at java.lang.Thread.run(Thread.java:748)
</pre></div></td>
<td>0</td>
<td>com.mobile.tests.GDPR_TCFV1_MetaAppE2ETests@6366ebe0</td></tr>
</table><p>
<table width='100%' border='1' class='invocation-skipped'>
<tr><td colspan='4' align='center'><b>SKIPPED TESTS</b></td></tr>
<tr><td><b>Test method</b></td>
<td width="30%"><b>Exception</b></td>
<td width="10%"><b>Time (seconds)</b></td>
<td><b>Instance</b></td>
</tr>
<tr>
<td title='com.mobile.tests.GDPR_TCFV1_MetaAppE2ETests.CheckConsentForTargetingParameterAfterAcceptAll()'><b>CheckConsentForTargetingParameterAfterAcceptAll</b><br>Test class: com.mobile.tests.GDPR_TCFV1_MetaAppE2ETests</td>
<td><div><pre>java.lang.AssertionError: Exception occured while launching the Application on - emulator-5554 having OS version - 10. Exception details - Framework Exception Unable to create a new remote session. Please check the server log for more details. Original error: An unknown server-side error occurred while processing the command. Original error: Could not find a connected Android device.
Build info: version: &apos;3.141.59&apos;, revision: &apos;e82be7d358&apos;, time: &apos;2018-11-14T08:17:03&apos;
System info: host: &apos;Vishals-Mac.local&apos;, ip: &apos;fe80:0:0:0:c20:3d65:1640:1787%en0&apos;, os.name: &apos;Mac OS X&apos;, os.arch: &apos;x86_64&apos;, os.version: &apos;10.14.6&apos;, java.version: &apos;1.8.0_222&apos;
Driver info: driver.version: MobileDriver
remote stacktrace: UnknownError: An unknown server-side error occurred while processing the command. Original error: Could not find a connected Android device.
    at getResponseForW3CError (/usr/local/lib/node_modules/appium/node_modules/appium-base-driver/lib/protocol/errors.js:826:9)
    at asyncHandler (/usr/local/lib/node_modules/appium/node_modules/appium-base-driver/lib/protocol/protocol.js:388:37)
Build info: version: &apos;3.141.59&apos;, revision: &apos;e82be7d358&apos;, time: &apos;2018-11-14T08:17:03&apos;
System info: host: &apos;Vishals-Mac.local&apos;, ip: &apos;fe80:0:0:0:c20:3d65:1640:1787%en0&apos;, os.name: &apos;Mac OS X&apos;, os.arch: &apos;x86_64&apos;, os.version: &apos;10.14.6&apos;, java.version: &apos;1.8.0_222&apos;
Driver info: driver.version: MobileDriver
	at com.cybage.frameworkutility.utilities.Report.LogFail(Report.java:748)
	at com.fusion.plugin.extension.mobile.MobileDriver.setup(MobileDriver.java:215)
	at com.frameworkbase.DriverBase.createDriver(DriverBase.java:152)
	at com.frameworkbase.DriverBase.createMobileDriver(DriverBase.java:169)
	at com.mobile.tests.GDPR_TCFV1_MetaAppE2ETests.mobileSetUp(GDPR_TCFV1_MetaAppE2ETests.java:31)
	at java.util.concurrent.FutureTask.run(FutureTask.java:266)
	at java.util.concurrent.ThreadPoolExecutor.runWorker(ThreadPoolExecutor.java:1149)
	at java.util.concurrent.ThreadPoolExecutor$Worker.run(ThreadPoolExecutor.java:624)
	at java.lang.Thread.run(Thread.java:748)
... Removed 19 stack frames</pre></div><a href='#' onClick='toggleBox("stack-trace1682856034", this, "Click to show all stack frames", "Click to hide stack frames")'>Click to show all stack frames</a>
<div class='stack-trace' id='stack-trace1682856034'><pre>java.lang.AssertionError: Exception occured while launching the Application on - emulator-5554 having OS version - 10. Exception details - Framework Exception Unable to create a new remote session. Please check the server log for more details. Original error: An unknown server-side error occurred while processing the command. Original error: Could not find a connected Android device.
Build info: version: &apos;3.141.59&apos;, revision: &apos;e82be7d358&apos;, time: &apos;2018-11-14T08:17:03&apos;
System info: host: &apos;Vishals-Mac.local&apos;, ip: &apos;fe80:0:0:0:c20:3d65:1640:1787%en0&apos;, os.name: &apos;Mac OS X&apos;, os.arch: &apos;x86_64&apos;, os.version: &apos;10.14.6&apos;, java.version: &apos;1.8.0_222&apos;
Driver info: driver.version: MobileDriver
remote stacktrace: UnknownError: An unknown server-side error occurred while processing the command. Original error: Could not find a connected Android device.
    at getResponseForW3CError (/usr/local/lib/node_modules/appium/node_modules/appium-base-driver/lib/protocol/errors.js:826:9)
    at asyncHandler (/usr/local/lib/node_modules/appium/node_modules/appium-base-driver/lib/protocol/protocol.js:388:37)
Build info: version: &apos;3.141.59&apos;, revision: &apos;e82be7d358&apos;, time: &apos;2018-11-14T08:17:03&apos;
System info: host: &apos;Vishals-Mac.local&apos;, ip: &apos;fe80:0:0:0:c20:3d65:1640:1787%en0&apos;, os.name: &apos;Mac OS X&apos;, os.arch: &apos;x86_64&apos;, os.version: &apos;10.14.6&apos;, java.version: &apos;1.8.0_222&apos;
Driver info: driver.version: MobileDriver
	at org.testng.Assert.fail(Assert.java:93)
	at com.cybage.frameworkutility.utilities.Report.LogFail(Report.java:748)
	at com.fusion.plugin.extension.mobile.MobileDriver.setup(MobileDriver.java:215)
	at com.frameworkbase.DriverBase.createDriver(DriverBase.java:152)
	at com.frameworkbase.DriverBase.createMobileDriver(DriverBase.java:169)
	at com.mobile.tests.GDPR_TCFV1_MetaAppE2ETests.mobileSetUp(GDPR_TCFV1_MetaAppE2ETests.java:31)
	at sun.reflect.NativeMethodAccessorImpl.invoke0(Native Method)
	at sun.reflect.NativeMethodAccessorImpl.invoke(NativeMethodAccessorImpl.java:62)
	at sun.reflect.DelegatingMethodAccessorImpl.invoke(DelegatingMethodAccessorImpl.java:43)
	at java.lang.reflect.Method.invoke(Method.java:498)
	at org.testng.internal.MethodInvocationHelper.invokeMethod(MethodInvocationHelper.java:108)
	at org.testng.internal.Invoker.invokeConfigurationMethod(Invoker.java:523)
	at org.testng.internal.Invoker.invokeConfigurations(Invoker.java:224)
	at org.testng.internal.Invoker.invokeMethod(Invoker.java:599)
	at org.testng.internal.Invoker.invokeTestMethod(Invoker.java:869)
	at org.testng.internal.Invoker.invokeTestMethods(Invoker.java:1193)
	at org.testng.internal.TestMethodWorker.invokeTestMethods(TestMethodWorker.java:126)
	at org.testng.internal.TestMethodWorker.run(TestMethodWorker.java:109)
	at org.testng.TestRunner.privateRun(TestRunner.java:744)
	at org.testng.TestRunner.run(TestRunner.java:602)
	at org.testng.SuiteRunner.runTest(SuiteRunner.java:380)
	at org.testng.SuiteRunner.access$000(SuiteRunner.java:39)
	at org.testng.SuiteRunner$SuiteWorker.run(SuiteRunner.java:414)
	at org.testng.internal.thread.ThreadUtil$1.call(ThreadUtil.java:52)
	at java.util.concurrent.FutureTask.run(FutureTask.java:266)
	at java.util.concurrent.ThreadPoolExecutor.runWorker(ThreadPoolExecutor.java:1149)
	at java.util.concurrent.ThreadPoolExecutor$Worker.run(ThreadPoolExecutor.java:624)
	at java.lang.Thread.run(Thread.java:748)
</pre></div></td>
<td>0</td>
<td>com.mobile.tests.GDPR_TCFV1_MetaAppE2ETests@6366ebe0</td></tr>
<tr>
<td title='com.mobile.tests.GDPR_TCFV1_MetaAppE2ETests.CheckConsentForTargetingParameterAfterRejectAll()'><b>CheckConsentForTargetingParameterAfterRejectAll</b><br>Test class: com.mobile.tests.GDPR_TCFV1_MetaAppE2ETests</td>
<td><div><pre>java.lang.NullPointerException
	at com.frameworkbase.DriverBase.createDriver(DriverBase.java:136)
	at com.frameworkbase.DriverBase.createMobileDriver(DriverBase.java:169)
	at com.mobile.tests.GDPR_TCFV1_MetaAppE2ETests.mobileSetUp(GDPR_TCFV1_MetaAppE2ETests.java:31)
	at java.util.concurrent.FutureTask.run(FutureTask.java:266)
	at java.util.concurrent.ThreadPoolExecutor.runWorker(ThreadPoolExecutor.java:1149)
	at java.util.concurrent.ThreadPoolExecutor$Worker.run(ThreadPoolExecutor.java:624)
	at java.lang.Thread.run(Thread.java:748)
... Removed 18 stack frames</pre></div><a href='#' onClick='toggleBox("stack-trace1264186072", this, "Click to show all stack frames", "Click to hide stack frames")'>Click to show all stack frames</a>
<div class='stack-trace' id='stack-trace1264186072'><pre>java.lang.NullPointerException
	at com.frameworkbase.DriverBase.createDriver(DriverBase.java:136)
	at com.frameworkbase.DriverBase.createMobileDriver(DriverBase.java:169)
	at com.mobile.tests.GDPR_TCFV1_MetaAppE2ETests.mobileSetUp(GDPR_TCFV1_MetaAppE2ETests.java:31)
	at sun.reflect.NativeMethodAccessorImpl.invoke0(Native Method)
	at sun.reflect.NativeMethodAccessorImpl.invoke(NativeMethodAccessorImpl.java:62)
	at sun.reflect.DelegatingMethodAccessorImpl.invoke(DelegatingMethodAccessorImpl.java:43)
	at java.lang.reflect.Method.invoke(Method.java:498)
	at org.testng.internal.MethodInvocationHelper.invokeMethod(MethodInvocationHelper.java:108)
	at org.testng.internal.Invoker.invokeConfigurationMethod(Invoker.java:523)
	at org.testng.internal.Invoker.invokeConfigurations(Invoker.java:224)
	at org.testng.internal.Invoker.invokeMethod(Invoker.java:599)
	at org.testng.internal.Invoker.invokeTestMethod(Invoker.java:869)
	at org.testng.internal.Invoker.invokeTestMethods(Invoker.java:1193)
	at org.testng.internal.TestMethodWorker.invokeTestMethods(TestMethodWorker.java:126)
	at org.testng.internal.TestMethodWorker.run(TestMethodWorker.java:109)
	at org.testng.TestRunner.privateRun(TestRunner.java:744)
	at org.testng.TestRunner.run(TestRunner.java:602)
	at org.testng.SuiteRunner.runTest(SuiteRunner.java:380)
	at org.testng.SuiteRunner.access$000(SuiteRunner.java:39)
	at org.testng.SuiteRunner$SuiteWorker.run(SuiteRunner.java:414)
	at org.testng.internal.thread.ThreadUtil$1.call(ThreadUtil.java:52)
	at java.util.concurrent.FutureTask.run(FutureTask.java:266)
	at java.util.concurrent.ThreadPoolExecutor.runWorker(ThreadPoolExecutor.java:1149)
	at java.util.concurrent.ThreadPoolExecutor$Worker.run(ThreadPoolExecutor.java:624)
	at java.lang.Thread.run(Thread.java:748)
</pre></div></td>
<td>0</td>
<td>com.mobile.tests.GDPR_TCFV1_MetaAppE2ETests@6366ebe0</td></tr>
<tr>
<td title='com.mobile.tests.GDPR_TCFV1_MetaAppE2ETests.CheckConsentMessageDisplayAfterDeleteCookies()'><b>CheckConsentMessageDisplayAfterDeleteCookies</b><br>Test class: com.mobile.tests.GDPR_TCFV1_MetaAppE2ETests</td>
<td><div><pre>java.lang.NullPointerException
	at com.frameworkbase.DriverBase.createDriver(DriverBase.java:136)
	at com.frameworkbase.DriverBase.createMobileDriver(DriverBase.java:169)
	at com.mobile.tests.GDPR_TCFV1_MetaAppE2ETests.mobileSetUp(GDPR_TCFV1_MetaAppE2ETests.java:31)
	at java.util.concurrent.FutureTask.run(FutureTask.java:266)
	at java.util.concurrent.ThreadPoolExecutor.runWorker(ThreadPoolExecutor.java:1149)
	at java.util.concurrent.ThreadPoolExecutor$Worker.run(ThreadPoolExecutor.java:624)
	at java.lang.Thread.run(Thread.java:748)
... Removed 18 stack frames</pre></div><a href='#' onClick='toggleBox("stack-trace431926472", this, "Click to show all stack frames", "Click to hide stack frames")'>Click to show all stack frames</a>
<div class='stack-trace' id='stack-trace431926472'><pre>java.lang.NullPointerException
	at com.frameworkbase.DriverBase.createDriver(DriverBase.java:136)
	at com.frameworkbase.DriverBase.createMobileDriver(DriverBase.java:169)
	at com.mobile.tests.GDPR_TCFV1_MetaAppE2ETests.mobileSetUp(GDPR_TCFV1_MetaAppE2ETests.java:31)
	at sun.reflect.NativeMethodAccessorImpl.invoke0(Native Method)
	at sun.reflect.NativeMethodAccessorImpl.invoke(NativeMethodAccessorImpl.java:62)
	at sun.reflect.DelegatingMethodAccessorImpl.invoke(DelegatingMethodAccessorImpl.java:43)
	at java.lang.reflect.Method.invoke(Method.java:498)
	at org.testng.internal.MethodInvocationHelper.invokeMethod(MethodInvocationHelper.java:108)
	at org.testng.internal.Invoker.invokeConfigurationMethod(Invoker.java:523)
	at org.testng.internal.Invoker.invokeConfigurations(Invoker.java:224)
	at org.testng.internal.Invoker.invokeMethod(Invoker.java:599)
	at org.testng.internal.Invoker.invokeTestMethod(Invoker.java:869)
	at org.testng.internal.Invoker.invokeTestMethods(Invoker.java:1193)
	at org.testng.internal.TestMethodWorker.invokeTestMethods(TestMethodWorker.java:126)
	at org.testng.internal.TestMethodWorker.run(TestMethodWorker.java:109)
	at org.testng.TestRunner.privateRun(TestRunner.java:744)
	at org.testng.TestRunner.run(TestRunner.java:602)
	at org.testng.SuiteRunner.runTest(SuiteRunner.java:380)
	at org.testng.SuiteRunner.access$000(SuiteRunner.java:39)
	at org.testng.SuiteRunner$SuiteWorker.run(SuiteRunner.java:414)
	at org.testng.internal.thread.ThreadUtil$1.call(ThreadUtil.java:52)
	at java.util.concurrent.FutureTask.run(FutureTask.java:266)
	at java.util.concurrent.ThreadPoolExecutor.runWorker(ThreadPoolExecutor.java:1149)
	at java.util.concurrent.ThreadPoolExecutor$Worker.run(ThreadPoolExecutor.java:624)
	at java.lang.Thread.run(Thread.java:748)
</pre></div></td>
<td>0</td>
<td>com.mobile.tests.GDPR_TCFV1_MetaAppE2ETests@6366ebe0</td></tr>
<tr>
<td title='com.mobile.tests.GDPR_TCFV1_MetaAppE2ETests.CheckConsentWithSameAuthIDAfterDeletingAndRecreate()'><b>CheckConsentWithSameAuthIDAfterDeletingAndRecreate</b><br>Test class: com.mobile.tests.GDPR_TCFV1_MetaAppE2ETests</td>
<td><div><pre>java.lang.NullPointerException
	at com.frameworkbase.DriverBase.createDriver(DriverBase.java:136)
	at com.frameworkbase.DriverBase.createMobileDriver(DriverBase.java:169)
	at com.mobile.tests.GDPR_TCFV1_MetaAppE2ETests.mobileSetUp(GDPR_TCFV1_MetaAppE2ETests.java:31)
	at java.util.concurrent.FutureTask.run(FutureTask.java:266)
	at java.util.concurrent.ThreadPoolExecutor.runWorker(ThreadPoolExecutor.java:1149)
	at java.util.concurrent.ThreadPoolExecutor$Worker.run(ThreadPoolExecutor.java:624)
	at java.lang.Thread.run(Thread.java:748)
... Removed 18 stack frames</pre></div><a href='#' onClick='toggleBox("stack-trace2102962876", this, "Click to show all stack frames", "Click to hide stack frames")'>Click to show all stack frames</a>
<div class='stack-trace' id='stack-trace2102962876'><pre>java.lang.NullPointerException
	at com.frameworkbase.DriverBase.createDriver(DriverBase.java:136)
	at com.frameworkbase.DriverBase.createMobileDriver(DriverBase.java:169)
	at com.mobile.tests.GDPR_TCFV1_MetaAppE2ETests.mobileSetUp(GDPR_TCFV1_MetaAppE2ETests.java:31)
	at sun.reflect.NativeMethodAccessorImpl.invoke0(Native Method)
	at sun.reflect.NativeMethodAccessorImpl.invoke(NativeMethodAccessorImpl.java:62)
	at sun.reflect.DelegatingMethodAccessorImpl.invoke(DelegatingMethodAccessorImpl.java:43)
	at java.lang.reflect.Method.invoke(Method.java:498)
	at org.testng.internal.MethodInvocationHelper.invokeMethod(MethodInvocationHelper.java:108)
	at org.testng.internal.Invoker.invokeConfigurationMethod(Invoker.java:523)
	at org.testng.internal.Invoker.invokeConfigurations(Invoker.java:224)
	at org.testng.internal.Invoker.invokeMethod(Invoker.java:599)
	at org.testng.internal.Invoker.invokeTestMethod(Invoker.java:869)
	at org.testng.internal.Invoker.invokeTestMethods(Invoker.java:1193)
	at org.testng.internal.TestMethodWorker.invokeTestMethods(TestMethodWorker.java:126)
	at org.testng.internal.TestMethodWorker.run(TestMethodWorker.java:109)
	at org.testng.TestRunner.privateRun(TestRunner.java:744)
	at org.testng.TestRunner.run(TestRunner.java:602)
	at org.testng.SuiteRunner.runTest(SuiteRunner.java:380)
	at org.testng.SuiteRunner.access$000(SuiteRunner.java:39)
	at org.testng.SuiteRunner$SuiteWorker.run(SuiteRunner.java:414)
	at org.testng.internal.thread.ThreadUtil$1.call(ThreadUtil.java:52)
	at java.util.concurrent.FutureTask.run(FutureTask.java:266)
	at java.util.concurrent.ThreadPoolExecutor.runWorker(ThreadPoolExecutor.java:1149)
	at java.util.concurrent.ThreadPoolExecutor$Worker.run(ThreadPoolExecutor.java:624)
	at java.lang.Thread.run(Thread.java:748)
</pre></div></td>
<td>0</td>
<td>com.mobile.tests.GDPR_TCFV1_MetaAppE2ETests@6366ebe0</td></tr>
<tr>
<td title='com.mobile.tests.GDPR_TCFV1_MetaAppE2ETests.CheckNoMessageWithShowOnceCriteriaWhenConsentAlreadySaved()'><b>CheckNoMessageWithShowOnceCriteriaWhenConsentAlreadySaved</b><br>Test class: com.mobile.tests.GDPR_TCFV1_MetaAppE2ETests</td>
<td><div><pre>java.lang.NullPointerException
	at com.frameworkbase.DriverBase.createDriver(DriverBase.java:136)
	at com.frameworkbase.DriverBase.createMobileDriver(DriverBase.java:169)
	at com.mobile.tests.GDPR_TCFV1_MetaAppE2ETests.mobileSetUp(GDPR_TCFV1_MetaAppE2ETests.java:31)
	at java.util.concurrent.FutureTask.run(FutureTask.java:266)
	at java.util.concurrent.ThreadPoolExecutor.runWorker(ThreadPoolExecutor.java:1149)
	at java.util.concurrent.ThreadPoolExecutor$Worker.run(ThreadPoolExecutor.java:624)
	at java.lang.Thread.run(Thread.java:748)
... Removed 18 stack frames</pre></div><a href='#' onClick='toggleBox("stack-trace28019598", this, "Click to show all stack frames", "Click to hide stack frames")'>Click to show all stack frames</a>
<div class='stack-trace' id='stack-trace28019598'><pre>java.lang.NullPointerException
	at com.frameworkbase.DriverBase.createDriver(DriverBase.java:136)
	at com.frameworkbase.DriverBase.createMobileDriver(DriverBase.java:169)
	at com.mobile.tests.GDPR_TCFV1_MetaAppE2ETests.mobileSetUp(GDPR_TCFV1_MetaAppE2ETests.java:31)
	at sun.reflect.NativeMethodAccessorImpl.invoke0(Native Method)
	at sun.reflect.NativeMethodAccessorImpl.invoke(NativeMethodAccessorImpl.java:62)
	at sun.reflect.DelegatingMethodAccessorImpl.invoke(DelegatingMethodAccessorImpl.java:43)
	at java.lang.reflect.Method.invoke(Method.java:498)
	at org.testng.internal.MethodInvocationHelper.invokeMethod(MethodInvocationHelper.java:108)
	at org.testng.internal.Invoker.invokeConfigurationMethod(Invoker.java:523)
	at org.testng.internal.Invoker.invokeConfigurations(Invoker.java:224)
	at org.testng.internal.Invoker.invokeMethod(Invoker.java:599)
	at org.testng.internal.Invoker.invokeTestMethod(Invoker.java:869)
	at org.testng.internal.Invoker.invokeTestMethods(Invoker.java:1193)
	at org.testng.internal.TestMethodWorker.invokeTestMethods(TestMethodWorker.java:126)
	at org.testng.internal.TestMethodWorker.run(TestMethodWorker.java:109)
	at org.testng.TestRunner.privateRun(TestRunner.java:744)
	at org.testng.TestRunner.run(TestRunner.java:602)
	at org.testng.SuiteRunner.runTest(SuiteRunner.java:380)
	at org.testng.SuiteRunner.access$000(SuiteRunner.java:39)
	at org.testng.SuiteRunner$SuiteWorker.run(SuiteRunner.java:414)
	at org.testng.internal.thread.ThreadUtil$1.call(ThreadUtil.java:52)
	at java.util.concurrent.FutureTask.run(FutureTask.java:266)
	at java.util.concurrent.ThreadPoolExecutor.runWorker(ThreadPoolExecutor.java:1149)
	at java.util.concurrent.ThreadPoolExecutor$Worker.run(ThreadPoolExecutor.java:624)
	at java.lang.Thread.run(Thread.java:748)
</pre></div></td>
<td>0</td>
<td>com.mobile.tests.GDPR_TCFV1_MetaAppE2ETests@6366ebe0</td></tr>
<tr>
<td title='com.mobile.tests.GDPR_TCFV1_MetaAppE2ETests.CheckSavedConsentAlwaysWithSameAuthID()'><b>CheckSavedConsentAlwaysWithSameAuthID</b><br>Test class: com.mobile.tests.GDPR_TCFV1_MetaAppE2ETests</td>
<td><div><pre>java.lang.NullPointerException
	at com.frameworkbase.DriverBase.createDriver(DriverBase.java:136)
	at com.frameworkbase.DriverBase.createMobileDriver(DriverBase.java:169)
	at com.mobile.tests.GDPR_TCFV1_MetaAppE2ETests.mobileSetUp(GDPR_TCFV1_MetaAppE2ETests.java:31)
	at java.util.concurrent.FutureTask.run(FutureTask.java:266)
	at java.util.concurrent.ThreadPoolExecutor.runWorker(ThreadPoolExecutor.java:1149)
	at java.util.concurrent.ThreadPoolExecutor$Worker.run(ThreadPoolExecutor.java:624)
	at java.lang.Thread.run(Thread.java:748)
... Removed 18 stack frames</pre></div><a href='#' onClick='toggleBox("stack-trace1159214317", this, "Click to show all stack frames", "Click to hide stack frames")'>Click to show all stack frames</a>
<div class='stack-trace' id='stack-trace1159214317'><pre>java.lang.NullPointerException
	at com.frameworkbase.DriverBase.createDriver(DriverBase.java:136)
	at com.frameworkbase.DriverBase.createMobileDriver(DriverBase.java:169)
	at com.mobile.tests.GDPR_TCFV1_MetaAppE2ETests.mobileSetUp(GDPR_TCFV1_MetaAppE2ETests.java:31)
	at sun.reflect.NativeMethodAccessorImpl.invoke0(Native Method)
	at sun.reflect.NativeMethodAccessorImpl.invoke(NativeMethodAccessorImpl.java:62)
	at sun.reflect.DelegatingMethodAccessorImpl.invoke(DelegatingMethodAccessorImpl.java:43)
	at java.lang.reflect.Method.invoke(Method.java:498)
	at org.testng.internal.MethodInvocationHelper.invokeMethod(MethodInvocationHelper.java:108)
	at org.testng.internal.Invoker.invokeConfigurationMethod(Invoker.java:523)
	at org.testng.internal.Invoker.invokeConfigurations(Invoker.java:224)
	at org.testng.internal.Invoker.invokeMethod(Invoker.java:599)
	at org.testng.internal.Invoker.invokeTestMethod(Invoker.java:869)
	at org.testng.internal.Invoker.invokeTestMethods(Invoker.java:1193)
	at org.testng.internal.TestMethodWorker.invokeTestMethods(TestMethodWorker.java:126)
	at org.testng.internal.TestMethodWorker.run(TestMethodWorker.java:109)
	at org.testng.TestRunner.privateRun(TestRunner.java:744)
	at org.testng.TestRunner.run(TestRunner.java:602)
	at org.testng.SuiteRunner.runTest(SuiteRunner.java:380)
	at org.testng.SuiteRunner.access$000(SuiteRunner.java:39)
	at org.testng.SuiteRunner$SuiteWorker.run(SuiteRunner.java:414)
	at org.testng.internal.thread.ThreadUtil$1.call(ThreadUtil.java:52)
	at java.util.concurrent.FutureTask.run(FutureTask.java:266)
	at java.util.concurrent.ThreadPoolExecutor.runWorker(ThreadPoolExecutor.java:1149)
	at java.util.concurrent.ThreadPoolExecutor$Worker.run(ThreadPoolExecutor.java:624)
	at java.lang.Thread.run(Thread.java:748)
</pre></div></td>
<td>0</td>
<td>com.mobile.tests.GDPR_TCFV1_MetaAppE2ETests@6366ebe0</td></tr>
<tr>
<td title='com.mobile.tests.GDPR_TCFV1_MetaAppE2ETests.CreateAndLauncheNewSiteWithAppLaunchParameter_CheckConsent()'><b>CreateAndLauncheNewSiteWithAppLaunchParameter_CheckConsent</b><br>Test class: com.mobile.tests.GDPR_TCFV1_MetaAppE2ETests</td>
<td><div><pre>java.lang.NullPointerException
	at com.frameworkbase.DriverBase.createDriver(DriverBase.java:136)
	at com.frameworkbase.DriverBase.createMobileDriver(DriverBase.java:169)
	at com.mobile.tests.GDPR_TCFV1_MetaAppE2ETests.mobileSetUp(GDPR_TCFV1_MetaAppE2ETests.java:31)
	at java.util.concurrent.FutureTask.run(FutureTask.java:266)
	at java.util.concurrent.ThreadPoolExecutor.runWorker(ThreadPoolExecutor.java:1149)
	at java.util.concurrent.ThreadPoolExecutor$Worker.run(ThreadPoolExecutor.java:624)
	at java.lang.Thread.run(Thread.java:748)
... Removed 18 stack frames</pre></div><a href='#' onClick='toggleBox("stack-trace1088859216", this, "Click to show all stack frames", "Click to hide stack frames")'>Click to show all stack frames</a>
<div class='stack-trace' id='stack-trace1088859216'><pre>java.lang.NullPointerException
	at com.frameworkbase.DriverBase.createDriver(DriverBase.java:136)
	at com.frameworkbase.DriverBase.createMobileDriver(DriverBase.java:169)
	at com.mobile.tests.GDPR_TCFV1_MetaAppE2ETests.mobileSetUp(GDPR_TCFV1_MetaAppE2ETests.java:31)
	at sun.reflect.NativeMethodAccessorImpl.invoke0(Native Method)
	at sun.reflect.NativeMethodAccessorImpl.invoke(NativeMethodAccessorImpl.java:62)
	at sun.reflect.DelegatingMethodAccessorImpl.invoke(DelegatingMethodAccessorImpl.java:43)
	at java.lang.reflect.Method.invoke(Method.java:498)
	at org.testng.internal.MethodInvocationHelper.invokeMethod(MethodInvocationHelper.java:108)
	at org.testng.internal.Invoker.invokeConfigurationMethod(Invoker.java:523)
	at org.testng.internal.Invoker.invokeConfigurations(Invoker.java:224)
	at org.testng.internal.Invoker.invokeMethod(Invoker.java:599)
	at org.testng.internal.Invoker.invokeTestMethod(Invoker.java:869)
	at org.testng.internal.Invoker.invokeTestMethods(Invoker.java:1193)
	at org.testng.internal.TestMethodWorker.invokeTestMethods(TestMethodWorker.java:126)
	at org.testng.internal.TestMethodWorker.run(TestMethodWorker.java:109)
	at org.testng.TestRunner.privateRun(TestRunner.java:744)
	at org.testng.TestRunner.run(TestRunner.java:602)
	at org.testng.SuiteRunner.runTest(SuiteRunner.java:380)
	at org.testng.SuiteRunner.access$000(SuiteRunner.java:39)
	at org.testng.SuiteRunner$SuiteWorker.run(SuiteRunner.java:414)
	at org.testng.internal.thread.ThreadUtil$1.call(ThreadUtil.java:52)
	at java.util.concurrent.FutureTask.run(FutureTask.java:266)
	at java.util.concurrent.ThreadPoolExecutor.runWorker(ThreadPoolExecutor.java:1149)
	at java.util.concurrent.ThreadPoolExecutor$Worker.run(ThreadPoolExecutor.java:624)
	at java.lang.Thread.run(Thread.java:748)
</pre></div></td>
<td>0</td>
<td>com.mobile.tests.GDPR_TCFV1_MetaAppE2ETests@6366ebe0</td></tr>
<tr>
<td title='com.mobile.tests.GDPR_TCFV1_MetaAppE2ETests.DeleteSite()'><b>DeleteSite</b><br>Test class: com.mobile.tests.GDPR_TCFV1_MetaAppE2ETests</td>
<td><div><pre>java.lang.NullPointerException
	at com.frameworkbase.DriverBase.createDriver(DriverBase.java:136)
	at com.frameworkbase.DriverBase.createMobileDriver(DriverBase.java:169)
	at com.mobile.tests.GDPR_TCFV1_MetaAppE2ETests.mobileSetUp(GDPR_TCFV1_MetaAppE2ETests.java:31)
	at java.util.concurrent.FutureTask.run(FutureTask.java:266)
	at java.util.concurrent.ThreadPoolExecutor.runWorker(ThreadPoolExecutor.java:1149)
	at java.util.concurrent.ThreadPoolExecutor$Worker.run(ThreadPoolExecutor.java:624)
	at java.lang.Thread.run(Thread.java:748)
... Removed 18 stack frames</pre></div><a href='#' onClick='toggleBox("stack-trace713501107", this, "Click to show all stack frames", "Click to hide stack frames")'>Click to show all stack frames</a>
<div class='stack-trace' id='stack-trace713501107'><pre>java.lang.NullPointerException
	at com.frameworkbase.DriverBase.createDriver(DriverBase.java:136)
	at com.frameworkbase.DriverBase.createMobileDriver(DriverBase.java:169)
	at com.mobile.tests.GDPR_TCFV1_MetaAppE2ETests.mobileSetUp(GDPR_TCFV1_MetaAppE2ETests.java:31)
	at sun.reflect.NativeMethodAccessorImpl.invoke0(Native Method)
	at sun.reflect.NativeMethodAccessorImpl.invoke(NativeMethodAccessorImpl.java:62)
	at sun.reflect.DelegatingMethodAccessorImpl.invoke(DelegatingMethodAccessorImpl.java:43)
	at java.lang.reflect.Method.invoke(Method.java:498)
	at org.testng.internal.MethodInvocationHelper.invokeMethod(MethodInvocationHelper.java:108)
	at org.testng.internal.Invoker.invokeConfigurationMethod(Invoker.java:523)
	at org.testng.internal.Invoker.invokeConfigurations(Invoker.java:224)
	at org.testng.internal.Invoker.invokeMethod(Invoker.java:599)
	at org.testng.internal.Invoker.invokeTestMethod(Invoker.java:869)
	at org.testng.internal.Invoker.invokeTestMethods(Invoker.java:1193)
	at org.testng.internal.TestMethodWorker.invokeTestMethods(TestMethodWorker.java:126)
	at org.testng.internal.TestMethodWorker.run(TestMethodWorker.java:109)
	at org.testng.TestRunner.privateRun(TestRunner.java:744)
	at org.testng.TestRunner.run(TestRunner.java:602)
	at org.testng.SuiteRunner.runTest(SuiteRunner.java:380)
	at org.testng.SuiteRunner.access$000(SuiteRunner.java:39)
	at org.testng.SuiteRunner$SuiteWorker.run(SuiteRunner.java:414)
	at org.testng.internal.thread.ThreadUtil$1.call(ThreadUtil.java:52)
	at java.util.concurrent.FutureTask.run(FutureTask.java:266)
	at java.util.concurrent.ThreadPoolExecutor.runWorker(ThreadPoolExecutor.java:1149)
	at java.util.concurrent.ThreadPoolExecutor$Worker.run(ThreadPoolExecutor.java:624)
	at java.lang.Thread.run(Thread.java:748)
</pre></div></td>
<td>0</td>
<td>com.mobile.tests.GDPR_TCFV1_MetaAppE2ETests@6366ebe0</td></tr>
<tr>
<td title='com.mobile.tests.GDPR_TCFV1_MetaAppE2ETests.EditSiteWithConsentGivenBefore()'><b>EditSiteWithConsentGivenBefore</b><br>Test class: com.mobile.tests.GDPR_TCFV1_MetaAppE2ETests</td>
<td><div><pre>java.lang.NullPointerException
	at com.frameworkbase.DriverBase.createDriver(DriverBase.java:136)
	at com.frameworkbase.DriverBase.createMobileDriver(DriverBase.java:169)
	at com.mobile.tests.GDPR_TCFV1_MetaAppE2ETests.mobileSetUp(GDPR_TCFV1_MetaAppE2ETests.java:31)
	at java.util.concurrent.FutureTask.run(FutureTask.java:266)
	at java.util.concurrent.ThreadPoolExecutor.runWorker(ThreadPoolExecutor.java:1149)
	at java.util.concurrent.ThreadPoolExecutor$Worker.run(ThreadPoolExecutor.java:624)
	at java.lang.Thread.run(Thread.java:748)
... Removed 18 stack frames</pre></div><a href='#' onClick='toggleBox("stack-trace669743599", this, "Click to show all stack frames", "Click to hide stack frames")'>Click to show all stack frames</a>
<div class='stack-trace' id='stack-trace669743599'><pre>java.lang.NullPointerException
	at com.frameworkbase.DriverBase.createDriver(DriverBase.java:136)
	at com.frameworkbase.DriverBase.createMobileDriver(DriverBase.java:169)
	at com.mobile.tests.GDPR_TCFV1_MetaAppE2ETests.mobileSetUp(GDPR_TCFV1_MetaAppE2ETests.java:31)
	at sun.reflect.NativeMethodAccessorImpl.invoke0(Native Method)
	at sun.reflect.NativeMethodAccessorImpl.invoke(NativeMethodAccessorImpl.java:62)
	at sun.reflect.DelegatingMethodAccessorImpl.invoke(DelegatingMethodAccessorImpl.java:43)
	at java.lang.reflect.Method.invoke(Method.java:498)
	at org.testng.internal.MethodInvocationHelper.invokeMethod(MethodInvocationHelper.java:108)
	at org.testng.internal.Invoker.invokeConfigurationMethod(Invoker.java:523)
	at org.testng.internal.Invoker.invokeConfigurations(Invoker.java:224)
	at org.testng.internal.Invoker.invokeMethod(Invoker.java:599)
	at org.testng.internal.Invoker.invokeTestMethod(Invoker.java:869)
	at org.testng.internal.Invoker.invokeTestMethods(Invoker.java:1193)
	at org.testng.internal.TestMethodWorker.invokeTestMethods(TestMethodWorker.java:126)
	at org.testng.internal.TestMethodWorker.run(TestMethodWorker.java:109)
	at org.testng.TestRunner.privateRun(TestRunner.java:744)
	at org.testng.TestRunner.run(TestRunner.java:602)
	at org.testng.SuiteRunner.runTest(SuiteRunner.java:380)
	at org.testng.SuiteRunner.access$000(SuiteRunner.java:39)
	at org.testng.SuiteRunner$SuiteWorker.run(SuiteRunner.java:414)
	at org.testng.internal.thread.ThreadUtil$1.call(ThreadUtil.java:52)
	at java.util.concurrent.FutureTask.run(FutureTask.java:266)
	at java.util.concurrent.ThreadPoolExecutor.runWorker(ThreadPoolExecutor.java:1149)
	at java.util.concurrent.ThreadPoolExecutor$Worker.run(ThreadPoolExecutor.java:624)
	at java.lang.Thread.run(Thread.java:748)
</pre></div></td>
<td>0</td>
<td>com.mobile.tests.GDPR_TCFV1_MetaAppE2ETests@6366ebe0</td></tr>
<tr>
<td title='com.mobile.tests.GDPR_TCFV1_MetaAppE2ETests.EditSiteWithNoConsentGivenBefore()'><b>EditSiteWithNoConsentGivenBefore</b><br>Test class: com.mobile.tests.GDPR_TCFV1_MetaAppE2ETests</td>
<td><div><pre>java.lang.NullPointerException
	at com.frameworkbase.DriverBase.createDriver(DriverBase.java:136)
	at com.frameworkbase.DriverBase.createMobileDriver(DriverBase.java:169)
	at com.mobile.tests.GDPR_TCFV1_MetaAppE2ETests.mobileSetUp(GDPR_TCFV1_MetaAppE2ETests.java:31)
	at java.util.concurrent.FutureTask.run(FutureTask.java:266)
	at java.util.concurrent.ThreadPoolExecutor.runWorker(ThreadPoolExecutor.java:1149)
	at java.util.concurrent.ThreadPoolExecutor$Worker.run(ThreadPoolExecutor.java:624)
	at java.lang.Thread.run(Thread.java:748)
... Removed 18 stack frames</pre></div><a href='#' onClick='toggleBox("stack-trace88841505", this, "Click to show all stack frames", "Click to hide stack frames")'>Click to show all stack frames</a>
<div class='stack-trace' id='stack-trace88841505'><pre>java.lang.NullPointerException
	at com.frameworkbase.DriverBase.createDriver(DriverBase.java:136)
	at com.frameworkbase.DriverBase.createMobileDriver(DriverBase.java:169)
	at com.mobile.tests.GDPR_TCFV1_MetaAppE2ETests.mobileSetUp(GDPR_TCFV1_MetaAppE2ETests.java:31)
	at sun.reflect.NativeMethodAccessorImpl.invoke0(Native Method)
	at sun.reflect.NativeMethodAccessorImpl.invoke(NativeMethodAccessorImpl.java:62)
	at sun.reflect.DelegatingMethodAccessorImpl.invoke(DelegatingMethodAccessorImpl.java:43)
	at java.lang.reflect.Method.invoke(Method.java:498)
	at org.testng.internal.MethodInvocationHelper.invokeMethod(MethodInvocationHelper.java:108)
	at org.testng.internal.Invoker.invokeConfigurationMethod(Invoker.java:523)
	at org.testng.internal.Invoker.invokeConfigurations(Invoker.java:224)
	at org.testng.internal.Invoker.invokeMethod(Invoker.java:599)
	at org.testng.internal.Invoker.invokeTestMethod(Invoker.java:869)
	at org.testng.internal.Invoker.invokeTestMethods(Invoker.java:1193)
	at org.testng.internal.TestMethodWorker.invokeTestMethods(TestMethodWorker.java:126)
	at org.testng.internal.TestMethodWorker.run(TestMethodWorker.java:109)
	at org.testng.TestRunner.privateRun(TestRunner.java:744)
	at org.testng.TestRunner.run(TestRunner.java:602)
	at org.testng.SuiteRunner.runTest(SuiteRunner.java:380)
	at org.testng.SuiteRunner.access$000(SuiteRunner.java:39)
	at org.testng.SuiteRunner$SuiteWorker.run(SuiteRunner.java:414)
	at org.testng.internal.thread.ThreadUtil$1.call(ThreadUtil.java:52)
	at java.util.concurrent.FutureTask.run(FutureTask.java:266)
	at java.util.concurrent.ThreadPoolExecutor.runWorker(ThreadPoolExecutor.java:1149)
	at java.util.concurrent.ThreadPoolExecutor$Worker.run(ThreadPoolExecutor.java:624)
	at java.lang.Thread.run(Thread.java:748)
</pre></div></td>
<td>0</td>
<td>com.mobile.tests.GDPR_TCFV1_MetaAppE2ETests@6366ebe0</td></tr>
<tr>
<td title='com.mobile.tests.GDPR_TCFV1_MetaAppE2ETests.ResetCookies()'><b>ResetCookies</b><br>Test class: com.mobile.tests.GDPR_TCFV1_MetaAppE2ETests</td>
<td><div><pre>java.lang.NullPointerException
	at com.frameworkbase.DriverBase.createDriver(DriverBase.java:136)
	at com.frameworkbase.DriverBase.createMobileDriver(DriverBase.java:169)
	at com.mobile.tests.GDPR_TCFV1_MetaAppE2ETests.mobileSetUp(GDPR_TCFV1_MetaAppE2ETests.java:31)
	at java.util.concurrent.FutureTask.run(FutureTask.java:266)
	at java.util.concurrent.ThreadPoolExecutor.runWorker(ThreadPoolExecutor.java:1149)
	at java.util.concurrent.ThreadPoolExecutor$Worker.run(ThreadPoolExecutor.java:624)
	at java.lang.Thread.run(Thread.java:748)
... Removed 18 stack frames</pre></div><a href='#' onClick='toggleBox("stack-trace136563877", this, "Click to show all stack frames", "Click to hide stack frames")'>Click to show all stack frames</a>
<div class='stack-trace' id='stack-trace136563877'><pre>java.lang.NullPointerException
	at com.frameworkbase.DriverBase.createDriver(DriverBase.java:136)
	at com.frameworkbase.DriverBase.createMobileDriver(DriverBase.java:169)
	at com.mobile.tests.GDPR_TCFV1_MetaAppE2ETests.mobileSetUp(GDPR_TCFV1_MetaAppE2ETests.java:31)
	at sun.reflect.NativeMethodAccessorImpl.invoke0(Native Method)
	at sun.reflect.NativeMethodAccessorImpl.invoke(NativeMethodAccessorImpl.java:62)
	at sun.reflect.DelegatingMethodAccessorImpl.invoke(DelegatingMethodAccessorImpl.java:43)
	at java.lang.reflect.Method.invoke(Method.java:498)
	at org.testng.internal.MethodInvocationHelper.invokeMethod(MethodInvocationHelper.java:108)
	at org.testng.internal.Invoker.invokeConfigurationMethod(Invoker.java:523)
	at org.testng.internal.Invoker.invokeConfigurations(Invoker.java:224)
	at org.testng.internal.Invoker.invokeMethod(Invoker.java:599)
	at org.testng.internal.Invoker.invokeTestMethod(Invoker.java:869)
	at org.testng.internal.Invoker.invokeTestMethods(Invoker.java:1193)
	at org.testng.internal.TestMethodWorker.invokeTestMethods(TestMethodWorker.java:126)
	at org.testng.internal.TestMethodWorker.run(TestMethodWorker.java:109)
	at org.testng.TestRunner.privateRun(TestRunner.java:744)
	at org.testng.TestRunner.run(TestRunner.java:602)
	at org.testng.SuiteRunner.runTest(SuiteRunner.java:380)
	at org.testng.SuiteRunner.access$000(SuiteRunner.java:39)
	at org.testng.SuiteRunner$SuiteWorker.run(SuiteRunner.java:414)
	at org.testng.internal.thread.ThreadUtil$1.call(ThreadUtil.java:52)
	at java.util.concurrent.FutureTask.run(FutureTask.java:266)
	at java.util.concurrent.ThreadPoolExecutor.runWorker(ThreadPoolExecutor.java:1149)
	at java.util.concurrent.ThreadPoolExecutor$Worker.run(ThreadPoolExecutor.java:624)
	at java.lang.Thread.run(Thread.java:748)
</pre></div></td>
<td>0</td>
<td>com.mobile.tests.GDPR_TCFV1_MetaAppE2ETests@6366ebe0</td></tr>
</table><p>
</body>
</html>