<html>
<head>
<title>TestNG:  MobileTest-A337D009-8BDB-4C75-9253-31B98BA80012</title>
<link href="../testng.css" rel="stylesheet" type="text/css" />
<link href="../my-testng.css" rel="stylesheet" type="text/css" />

<style type="text/css">
.log { display: none;} 
.stack-trace { display: none;} 
</style>
<script type="text/javascript">
<!--
function flip(e) {
  current = e.style.display;
  if (current == 'block') {
    e.style.display = 'none';
    return 0;
  }
  else {
    e.style.display = 'block';
    return 1;
  }
}

function toggleBox(szDivId, elem, msg1, msg2)
{
  var res = -1;  if (document.getElementById) {
    res = flip(document.getElementById(szDivId));
  }
  else if (document.all) {
    // this is the way old msie versions work
    res = flip(document.all[szDivId]);
  }
  if(elem) {
    if(res == 0) elem.innerHTML = msg1; else elem.innerHTML = msg2;
  }

}

function toggleAllBoxes() {
  if (document.getElementsByTagName) {
    d = document.getElementsByTagName('div');
    for (i = 0; i < d.length; i++) {
      if (d[i].className == 'log') {
        flip(d[i]);
      }
    }
  }
}

// -->
</script>

</head>
<body>
<h2 align='center'>MobileTest-A337D009-8BDB-4C75-9253-31B98BA80012</h2><table border='1' align="center">
<tr>
<td>Tests passed/Failed/Skipped:</td><td>0/0/5</td>
</tr><tr>
<td>Started on:</td><td>Tue May 26 20:55:59 IST 2020</td>
</tr>
<tr><td>Total time:</td><td>626 seconds (626284 ms)</td>
</tr><tr>
<td>Included groups:</td><td>CCPASDKTests </td>
</tr><tr>
<td>Excluded groups:</td><td></td>
</tr>
</table><p/>
<small><i>(Hover the method name to see the test class name)</i></small><p/>
<table width='100%' border='1' class='invocation-failed'>
<tr><td colspan='4' align='center'><b>FAILED CONFIGURATIONS</b></td></tr>
<tr><td><b>Test method</b></td>
<td width="30%"><b>Exception</b></td>
<td width="10%"><b>Time (seconds)</b></td>
<td><b>Instance</b></td>
</tr>
<tr>
<td title='com.mobile.tests.CCPA_SDKTests.mobileSetUp()'><b>mobileSetUp</b><br>Test class: com.mobile.tests.CCPA_SDKTests<br>Parameters: A337D009-8BDB-4C75-9253-31B98BA80012, public void com.mobile.tests.CCPA_SDKTests.CheckCancelFromDirectPrivacyManager(java.lang.String) throws java.lang.InterruptedException</td>
<td><div><pre>java.lang.AssertionError: Exception occured while launching the Application on - A337D009-8BDB-4C75-9253-31B98BA80012 having OS version - 12.0. Exception details - Framework Exception Connection refused (Connection refused)
Build info: version: &apos;3.141.59&apos;, revision: &apos;e82be7d358&apos;, time: &apos;2018-11-14T08:17:03&apos;
System info: host: &apos;Vishals-Mac.local&apos;, ip: &apos;fe80:0:0:0:c20:3d65:1640:1787%en0&apos;, os.name: &apos;Mac OS X&apos;, os.arch: &apos;x86_64&apos;, os.version: &apos;10.14.6&apos;, java.version: &apos;1.8.0_222&apos;
Driver info: driver.version: MobileDriver
	at com.cybage.frameworkutility.utilities.Report.LogFail(Report.java:748)
	at com.fusion.plugin.extension.mobile.MobileDriver.setup(MobileDriver.java:208)
	at com.frameworkbase.DriverBase.createDriver(DriverBase.java:152)
	at com.frameworkbase.DriverBase.createMobileDriver(DriverBase.java:169)
	at com.mobile.tests.CCPA_SDKTests.mobileSetUp(CCPA_SDKTests.java:26)
	at java.util.concurrent.FutureTask.run(FutureTask.java:266)
	at java.util.concurrent.ThreadPoolExecutor.runWorker(ThreadPoolExecutor.java:1149)
	at java.util.concurrent.ThreadPoolExecutor$Worker.run(ThreadPoolExecutor.java:624)
	at java.lang.Thread.run(Thread.java:748)
... Removed 19 stack frames</pre></div><a href='#' onClick='toggleBox("stack-trace1121708352", this, "Click to show all stack frames", "Click to hide stack frames")'>Click to show all stack frames</a>
<div class='stack-trace' id='stack-trace1121708352'><pre>java.lang.AssertionError: Exception occured while launching the Application on - A337D009-8BDB-4C75-9253-31B98BA80012 having OS version - 12.0. Exception details - Framework Exception Connection refused (Connection refused)
Build info: version: &apos;3.141.59&apos;, revision: &apos;e82be7d358&apos;, time: &apos;2018-11-14T08:17:03&apos;
System info: host: &apos;Vishals-Mac.local&apos;, ip: &apos;fe80:0:0:0:c20:3d65:1640:1787%en0&apos;, os.name: &apos;Mac OS X&apos;, os.arch: &apos;x86_64&apos;, os.version: &apos;10.14.6&apos;, java.version: &apos;1.8.0_222&apos;
Driver info: driver.version: MobileDriver
	at org.testng.Assert.fail(Assert.java:93)
	at com.cybage.frameworkutility.utilities.Report.LogFail(Report.java:748)
	at com.fusion.plugin.extension.mobile.MobileDriver.setup(MobileDriver.java:208)
	at com.frameworkbase.DriverBase.createDriver(DriverBase.java:152)
	at com.frameworkbase.DriverBase.createMobileDriver(DriverBase.java:169)
	at com.mobile.tests.CCPA_SDKTests.mobileSetUp(CCPA_SDKTests.java:26)
	at sun.reflect.NativeMethodAccessorImpl.invoke0(Native Method)
	at sun.reflect.NativeMethodAccessorImpl.invoke(NativeMethodAccessorImpl.java:62)
	at sun.reflect.DelegatingMethodAccessorImpl.invoke(DelegatingMethodAccessorImpl.java:43)
	at java.lang.reflect.Method.invoke(Method.java:498)
	at org.testng.internal.MethodInvocationHelper.invokeMethod(MethodInvocationHelper.java:108)
	at org.testng.internal.Invoker.invokeConfigurationMethod(Invoker.java:523)
	at org.testng.internal.Invoker.invokeConfigurations(Invoker.java:224)
	at org.testng.internal.Invoker.invokeMethod(Invoker.java:599)
	at org.testng.internal.Invoker.invokeTestMethod(Invoker.java:869)
	at org.testng.internal.Invoker.invokeTestMethods(Invoker.java:1193)
	at org.testng.internal.TestMethodWorker.invokeTestMethods(TestMethodWorker.java:126)
	at org.testng.internal.TestMethodWorker.run(TestMethodWorker.java:109)
	at org.testng.TestRunner.privateRun(TestRunner.java:744)
	at org.testng.TestRunner.run(TestRunner.java:602)
	at org.testng.SuiteRunner.runTest(SuiteRunner.java:380)
	at org.testng.SuiteRunner.access$000(SuiteRunner.java:39)
	at org.testng.SuiteRunner$SuiteWorker.run(SuiteRunner.java:414)
	at org.testng.internal.thread.ThreadUtil$1.call(ThreadUtil.java:52)
	at java.util.concurrent.FutureTask.run(FutureTask.java:266)
	at java.util.concurrent.ThreadPoolExecutor.runWorker(ThreadPoolExecutor.java:1149)
	at java.util.concurrent.ThreadPoolExecutor$Worker.run(ThreadPoolExecutor.java:624)
	at java.lang.Thread.run(Thread.java:748)
</pre></div></td>
<td>615</td>
<td>com.mobile.tests.CCPA_SDKTests@6366ebe0</td></tr>
<tr>
<td title='com.mobile.tests.CCPA_SDKTests.mobileSetUp()'><b>mobileSetUp</b><br>Test class: com.mobile.tests.CCPA_SDKTests<br>Parameters: A337D009-8BDB-4C75-9253-31B98BA80012, public void com.mobile.tests.CCPA_SDKTests.CheckConsentDataFromPrivacyManagerDirect(java.lang.String) throws java.lang.InterruptedException</td>
<td><div><pre>java.lang.NullPointerException
	at com.frameworkbase.DriverBase.createDriver(DriverBase.java:136)
	at com.frameworkbase.DriverBase.createMobileDriver(DriverBase.java:169)
	at com.mobile.tests.CCPA_SDKTests.mobileSetUp(CCPA_SDKTests.java:26)
	at java.util.concurrent.FutureTask.run(FutureTask.java:266)
	at java.util.concurrent.ThreadPoolExecutor.runWorker(ThreadPoolExecutor.java:1149)
	at java.util.concurrent.ThreadPoolExecutor$Worker.run(ThreadPoolExecutor.java:624)
	at java.lang.Thread.run(Thread.java:748)
... Removed 18 stack frames</pre></div><a href='#' onClick='toggleBox("stack-trace1306699017", this, "Click to show all stack frames", "Click to hide stack frames")'>Click to show all stack frames</a>
<div class='stack-trace' id='stack-trace1306699017'><pre>java.lang.NullPointerException
	at com.frameworkbase.DriverBase.createDriver(DriverBase.java:136)
	at com.frameworkbase.DriverBase.createMobileDriver(DriverBase.java:169)
	at com.mobile.tests.CCPA_SDKTests.mobileSetUp(CCPA_SDKTests.java:26)
	at sun.reflect.NativeMethodAccessorImpl.invoke0(Native Method)
	at sun.reflect.NativeMethodAccessorImpl.invoke(NativeMethodAccessorImpl.java:62)
	at sun.reflect.DelegatingMethodAccessorImpl.invoke(DelegatingMethodAccessorImpl.java:43)
	at java.lang.reflect.Method.invoke(Method.java:498)
	at org.testng.internal.MethodInvocationHelper.invokeMethod(MethodInvocationHelper.java:108)
	at org.testng.internal.Invoker.invokeConfigurationMethod(Invoker.java:523)
	at org.testng.internal.Invoker.invokeConfigurations(Invoker.java:224)
	at org.testng.internal.Invoker.invokeMethod(Invoker.java:599)
	at org.testng.internal.Invoker.invokeTestMethod(Invoker.java:869)
	at org.testng.internal.Invoker.invokeTestMethods(Invoker.java:1193)
	at org.testng.internal.TestMethodWorker.invokeTestMethods(TestMethodWorker.java:126)
	at org.testng.internal.TestMethodWorker.run(TestMethodWorker.java:109)
	at org.testng.TestRunner.privateRun(TestRunner.java:744)
	at org.testng.TestRunner.run(TestRunner.java:602)
	at org.testng.SuiteRunner.runTest(SuiteRunner.java:380)
	at org.testng.SuiteRunner.access$000(SuiteRunner.java:39)
	at org.testng.SuiteRunner$SuiteWorker.run(SuiteRunner.java:414)
	at org.testng.internal.thread.ThreadUtil$1.call(ThreadUtil.java:52)
	at java.util.concurrent.FutureTask.run(FutureTask.java:266)
	at java.util.concurrent.ThreadPoolExecutor.runWorker(ThreadPoolExecutor.java:1149)
	at java.util.concurrent.ThreadPoolExecutor$Worker.run(ThreadPoolExecutor.java:624)
	at java.lang.Thread.run(Thread.java:748)
</pre></div></td>
<td>0</td>
<td>com.mobile.tests.CCPA_SDKTests@6366ebe0</td></tr>
<tr>
<td title='com.mobile.tests.CCPA_SDKTests.mobileSetUp()'><b>mobileSetUp</b><br>Test class: com.mobile.tests.CCPA_SDKTests<br>Parameters: A337D009-8BDB-4C75-9253-31B98BA80012, public void com.mobile.tests.CCPA_SDKTests.CheckConsentOnRejectAllFromConsentView(java.lang.String) throws java.lang.InterruptedException</td>
<td><div><pre>java.lang.NullPointerException
	at com.frameworkbase.DriverBase.createDriver(DriverBase.java:136)
	at com.frameworkbase.DriverBase.createMobileDriver(DriverBase.java:169)
	at com.mobile.tests.CCPA_SDKTests.mobileSetUp(CCPA_SDKTests.java:26)
	at java.util.concurrent.FutureTask.run(FutureTask.java:266)
	at java.util.concurrent.ThreadPoolExecutor.runWorker(ThreadPoolExecutor.java:1149)
	at java.util.concurrent.ThreadPoolExecutor$Worker.run(ThreadPoolExecutor.java:624)
	at java.lang.Thread.run(Thread.java:748)
... Removed 18 stack frames</pre></div><a href='#' onClick='toggleBox("stack-trace539318927", this, "Click to show all stack frames", "Click to hide stack frames")'>Click to show all stack frames</a>
<div class='stack-trace' id='stack-trace539318927'><pre>java.lang.NullPointerException
	at com.frameworkbase.DriverBase.createDriver(DriverBase.java:136)
	at com.frameworkbase.DriverBase.createMobileDriver(DriverBase.java:169)
	at com.mobile.tests.CCPA_SDKTests.mobileSetUp(CCPA_SDKTests.java:26)
	at sun.reflect.NativeMethodAccessorImpl.invoke0(Native Method)
	at sun.reflect.NativeMethodAccessorImpl.invoke(NativeMethodAccessorImpl.java:62)
	at sun.reflect.DelegatingMethodAccessorImpl.invoke(DelegatingMethodAccessorImpl.java:43)
	at java.lang.reflect.Method.invoke(Method.java:498)
	at org.testng.internal.MethodInvocationHelper.invokeMethod(MethodInvocationHelper.java:108)
	at org.testng.internal.Invoker.invokeConfigurationMethod(Invoker.java:523)
	at org.testng.internal.Invoker.invokeConfigurations(Invoker.java:224)
	at org.testng.internal.Invoker.invokeMethod(Invoker.java:599)
	at org.testng.internal.Invoker.invokeTestMethod(Invoker.java:869)
	at org.testng.internal.Invoker.invokeTestMethods(Invoker.java:1193)
	at org.testng.internal.TestMethodWorker.invokeTestMethods(TestMethodWorker.java:126)
	at org.testng.internal.TestMethodWorker.run(TestMethodWorker.java:109)
	at org.testng.TestRunner.privateRun(TestRunner.java:744)
	at org.testng.TestRunner.run(TestRunner.java:602)
	at org.testng.SuiteRunner.runTest(SuiteRunner.java:380)
	at org.testng.SuiteRunner.access$000(SuiteRunner.java:39)
	at org.testng.SuiteRunner$SuiteWorker.run(SuiteRunner.java:414)
	at org.testng.internal.thread.ThreadUtil$1.call(ThreadUtil.java:52)
	at java.util.concurrent.FutureTask.run(FutureTask.java:266)
	at java.util.concurrent.ThreadPoolExecutor.runWorker(ThreadPoolExecutor.java:1149)
	at java.util.concurrent.ThreadPoolExecutor$Worker.run(ThreadPoolExecutor.java:624)
	at java.lang.Thread.run(Thread.java:748)
</pre></div></td>
<td>0</td>
<td>com.mobile.tests.CCPA_SDKTests@6366ebe0</td></tr>
<tr>
<td title='com.mobile.tests.CCPA_SDKTests.mobileSetUp()'><b>mobileSetUp</b><br>Test class: com.mobile.tests.CCPA_SDKTests<br>Parameters: A337D009-8BDB-4C75-9253-31B98BA80012, public void com.mobile.tests.CCPA_SDKTests.CheckConsentOnRejectAllFromPM(java.lang.String) throws java.lang.InterruptedException</td>
<td><div><pre>java.lang.NullPointerException
	at com.frameworkbase.DriverBase.createDriver(DriverBase.java:136)
	at com.frameworkbase.DriverBase.createMobileDriver(DriverBase.java:169)
	at com.mobile.tests.CCPA_SDKTests.mobileSetUp(CCPA_SDKTests.java:26)
	at java.util.concurrent.FutureTask.run(FutureTask.java:266)
	at java.util.concurrent.ThreadPoolExecutor.runWorker(ThreadPoolExecutor.java:1149)
	at java.util.concurrent.ThreadPoolExecutor$Worker.run(ThreadPoolExecutor.java:624)
	at java.lang.Thread.run(Thread.java:748)
... Removed 18 stack frames</pre></div><a href='#' onClick='toggleBox("stack-trace979504524", this, "Click to show all stack frames", "Click to hide stack frames")'>Click to show all stack frames</a>
<div class='stack-trace' id='stack-trace979504524'><pre>java.lang.NullPointerException
	at com.frameworkbase.DriverBase.createDriver(DriverBase.java:136)
	at com.frameworkbase.DriverBase.createMobileDriver(DriverBase.java:169)
	at com.mobile.tests.CCPA_SDKTests.mobileSetUp(CCPA_SDKTests.java:26)
	at sun.reflect.NativeMethodAccessorImpl.invoke0(Native Method)
	at sun.reflect.NativeMethodAccessorImpl.invoke(NativeMethodAccessorImpl.java:62)
	at sun.reflect.DelegatingMethodAccessorImpl.invoke(DelegatingMethodAccessorImpl.java:43)
	at java.lang.reflect.Method.invoke(Method.java:498)
	at org.testng.internal.MethodInvocationHelper.invokeMethod(MethodInvocationHelper.java:108)
	at org.testng.internal.Invoker.invokeConfigurationMethod(Invoker.java:523)
	at org.testng.internal.Invoker.invokeConfigurations(Invoker.java:224)
	at org.testng.internal.Invoker.invokeMethod(Invoker.java:599)
	at org.testng.internal.Invoker.invokeTestMethod(Invoker.java:869)
	at org.testng.internal.Invoker.invokeTestMethods(Invoker.java:1193)
	at org.testng.internal.TestMethodWorker.invokeTestMethods(TestMethodWorker.java:126)
	at org.testng.internal.TestMethodWorker.run(TestMethodWorker.java:109)
	at org.testng.TestRunner.privateRun(TestRunner.java:744)
	at org.testng.TestRunner.run(TestRunner.java:602)
	at org.testng.SuiteRunner.runTest(SuiteRunner.java:380)
	at org.testng.SuiteRunner.access$000(SuiteRunner.java:39)
	at org.testng.SuiteRunner$SuiteWorker.run(SuiteRunner.java:414)
	at org.testng.internal.thread.ThreadUtil$1.call(ThreadUtil.java:52)
	at java.util.concurrent.FutureTask.run(FutureTask.java:266)
	at java.util.concurrent.ThreadPoolExecutor.runWorker(ThreadPoolExecutor.java:1149)
	at java.util.concurrent.ThreadPoolExecutor$Worker.run(ThreadPoolExecutor.java:624)
	at java.lang.Thread.run(Thread.java:748)
</pre></div></td>
<td>0</td>
<td>com.mobile.tests.CCPA_SDKTests@6366ebe0</td></tr>
<tr>
<td title='com.mobile.tests.CCPA_SDKTests.mobileSetUp()'><b>mobileSetUp</b><br>Test class: com.mobile.tests.CCPA_SDKTests<br>Parameters: A337D009-8BDB-4C75-9253-31B98BA80012, public void com.mobile.tests.CCPA_SDKTests.CheckPurposeConsentAfterResetCookies(java.lang.String) throws java.lang.InterruptedException</td>
<td><div><pre>java.lang.NullPointerException
	at com.frameworkbase.DriverBase.createDriver(DriverBase.java:136)
	at com.frameworkbase.DriverBase.createMobileDriver(DriverBase.java:169)
	at com.mobile.tests.CCPA_SDKTests.mobileSetUp(CCPA_SDKTests.java:26)
	at java.util.concurrent.FutureTask.run(FutureTask.java:266)
	at java.util.concurrent.ThreadPoolExecutor.runWorker(ThreadPoolExecutor.java:1149)
	at java.util.concurrent.ThreadPoolExecutor$Worker.run(ThreadPoolExecutor.java:624)
	at java.lang.Thread.run(Thread.java:748)
... Removed 18 stack frames</pre></div><a href='#' onClick='toggleBox("stack-trace1144254877", this, "Click to show all stack frames", "Click to hide stack frames")'>Click to show all stack frames</a>
<div class='stack-trace' id='stack-trace1144254877'><pre>java.lang.NullPointerException
	at com.frameworkbase.DriverBase.createDriver(DriverBase.java:136)
	at com.frameworkbase.DriverBase.createMobileDriver(DriverBase.java:169)
	at com.mobile.tests.CCPA_SDKTests.mobileSetUp(CCPA_SDKTests.java:26)
	at sun.reflect.NativeMethodAccessorImpl.invoke0(Native Method)
	at sun.reflect.NativeMethodAccessorImpl.invoke(NativeMethodAccessorImpl.java:62)
	at sun.reflect.DelegatingMethodAccessorImpl.invoke(DelegatingMethodAccessorImpl.java:43)
	at java.lang.reflect.Method.invoke(Method.java:498)
	at org.testng.internal.MethodInvocationHelper.invokeMethod(MethodInvocationHelper.java:108)
	at org.testng.internal.Invoker.invokeConfigurationMethod(Invoker.java:523)
	at org.testng.internal.Invoker.invokeConfigurations(Invoker.java:224)
	at org.testng.internal.Invoker.invokeMethod(Invoker.java:599)
	at org.testng.internal.Invoker.invokeTestMethod(Invoker.java:869)
	at org.testng.internal.Invoker.invokeTestMethods(Invoker.java:1193)
	at org.testng.internal.TestMethodWorker.invokeTestMethods(TestMethodWorker.java:126)
	at org.testng.internal.TestMethodWorker.run(TestMethodWorker.java:109)
	at org.testng.TestRunner.privateRun(TestRunner.java:744)
	at org.testng.TestRunner.run(TestRunner.java:602)
	at org.testng.SuiteRunner.runTest(SuiteRunner.java:380)
	at org.testng.SuiteRunner.access$000(SuiteRunner.java:39)
	at org.testng.SuiteRunner$SuiteWorker.run(SuiteRunner.java:414)
	at org.testng.internal.thread.ThreadUtil$1.call(ThreadUtil.java:52)
	at java.util.concurrent.FutureTask.run(FutureTask.java:266)
	at java.util.concurrent.ThreadPoolExecutor.runWorker(ThreadPoolExecutor.java:1149)
	at java.util.concurrent.ThreadPoolExecutor$Worker.run(ThreadPoolExecutor.java:624)
	at java.lang.Thread.run(Thread.java:748)
</pre></div></td>
<td>0</td>
<td>com.mobile.tests.CCPA_SDKTests@6366ebe0</td></tr>
</table><p>
<table width='100%' border='1' class='invocation-skipped'>
<tr><td colspan='4' align='center'><b>SKIPPED TESTS</b></td></tr>
<tr><td><b>Test method</b></td>
<td width="30%"><b>Exception</b></td>
<td width="10%"><b>Time (seconds)</b></td>
<td><b>Instance</b></td>
</tr>
<tr>
<td title='com.mobile.tests.CCPA_SDKTests.CheckCancelFromDirectPrivacyManager()'><b>CheckCancelFromDirectPrivacyManager</b><br>Test class: com.mobile.tests.CCPA_SDKTests</td>
<td><div><pre>java.lang.AssertionError: Exception occured while launching the Application on - A337D009-8BDB-4C75-9253-31B98BA80012 having OS version - 12.0. Exception details - Framework Exception Connection refused (Connection refused)
Build info: version: &apos;3.141.59&apos;, revision: &apos;e82be7d358&apos;, time: &apos;2018-11-14T08:17:03&apos;
System info: host: &apos;Vishals-Mac.local&apos;, ip: &apos;fe80:0:0:0:c20:3d65:1640:1787%en0&apos;, os.name: &apos;Mac OS X&apos;, os.arch: &apos;x86_64&apos;, os.version: &apos;10.14.6&apos;, java.version: &apos;1.8.0_222&apos;
Driver info: driver.version: MobileDriver
	at com.cybage.frameworkutility.utilities.Report.LogFail(Report.java:748)
	at com.fusion.plugin.extension.mobile.MobileDriver.setup(MobileDriver.java:208)
	at com.frameworkbase.DriverBase.createDriver(DriverBase.java:152)
	at com.frameworkbase.DriverBase.createMobileDriver(DriverBase.java:169)
	at com.mobile.tests.CCPA_SDKTests.mobileSetUp(CCPA_SDKTests.java:26)
	at java.util.concurrent.FutureTask.run(FutureTask.java:266)
	at java.util.concurrent.ThreadPoolExecutor.runWorker(ThreadPoolExecutor.java:1149)
	at java.util.concurrent.ThreadPoolExecutor$Worker.run(ThreadPoolExecutor.java:624)
	at java.lang.Thread.run(Thread.java:748)
... Removed 19 stack frames</pre></div><a href='#' onClick='toggleBox("stack-trace1182987100", this, "Click to show all stack frames", "Click to hide stack frames")'>Click to show all stack frames</a>
<div class='stack-trace' id='stack-trace1182987100'><pre>java.lang.AssertionError: Exception occured while launching the Application on - A337D009-8BDB-4C75-9253-31B98BA80012 having OS version - 12.0. Exception details - Framework Exception Connection refused (Connection refused)
Build info: version: &apos;3.141.59&apos;, revision: &apos;e82be7d358&apos;, time: &apos;2018-11-14T08:17:03&apos;
System info: host: &apos;Vishals-Mac.local&apos;, ip: &apos;fe80:0:0:0:c20:3d65:1640:1787%en0&apos;, os.name: &apos;Mac OS X&apos;, os.arch: &apos;x86_64&apos;, os.version: &apos;10.14.6&apos;, java.version: &apos;1.8.0_222&apos;
Driver info: driver.version: MobileDriver
	at org.testng.Assert.fail(Assert.java:93)
	at com.cybage.frameworkutility.utilities.Report.LogFail(Report.java:748)
	at com.fusion.plugin.extension.mobile.MobileDriver.setup(MobileDriver.java:208)
	at com.frameworkbase.DriverBase.createDriver(DriverBase.java:152)
	at com.frameworkbase.DriverBase.createMobileDriver(DriverBase.java:169)
	at com.mobile.tests.CCPA_SDKTests.mobileSetUp(CCPA_SDKTests.java:26)
	at sun.reflect.NativeMethodAccessorImpl.invoke0(Native Method)
	at sun.reflect.NativeMethodAccessorImpl.invoke(NativeMethodAccessorImpl.java:62)
	at sun.reflect.DelegatingMethodAccessorImpl.invoke(DelegatingMethodAccessorImpl.java:43)
	at java.lang.reflect.Method.invoke(Method.java:498)
	at org.testng.internal.MethodInvocationHelper.invokeMethod(MethodInvocationHelper.java:108)
	at org.testng.internal.Invoker.invokeConfigurationMethod(Invoker.java:523)
	at org.testng.internal.Invoker.invokeConfigurations(Invoker.java:224)
	at org.testng.internal.Invoker.invokeMethod(Invoker.java:599)
	at org.testng.internal.Invoker.invokeTestMethod(Invoker.java:869)
	at org.testng.internal.Invoker.invokeTestMethods(Invoker.java:1193)
	at org.testng.internal.TestMethodWorker.invokeTestMethods(TestMethodWorker.java:126)
	at org.testng.internal.TestMethodWorker.run(TestMethodWorker.java:109)
	at org.testng.TestRunner.privateRun(TestRunner.java:744)
	at org.testng.TestRunner.run(TestRunner.java:602)
	at org.testng.SuiteRunner.runTest(SuiteRunner.java:380)
	at org.testng.SuiteRunner.access$000(SuiteRunner.java:39)
	at org.testng.SuiteRunner$SuiteWorker.run(SuiteRunner.java:414)
	at org.testng.internal.thread.ThreadUtil$1.call(ThreadUtil.java:52)
	at java.util.concurrent.FutureTask.run(FutureTask.java:266)
	at java.util.concurrent.ThreadPoolExecutor.runWorker(ThreadPoolExecutor.java:1149)
	at java.util.concurrent.ThreadPoolExecutor$Worker.run(ThreadPoolExecutor.java:624)
	at java.lang.Thread.run(Thread.java:748)
</pre></div></td>
<td>0</td>
<td>com.mobile.tests.CCPA_SDKTests@6366ebe0</td></tr>
<tr>
<td title='com.mobile.tests.CCPA_SDKTests.CheckConsentDataFromPrivacyManagerDirect()'><b>CheckConsentDataFromPrivacyManagerDirect</b><br>Test class: com.mobile.tests.CCPA_SDKTests</td>
<td><div><pre>java.lang.AssertionError: Exception occured while launching the Application on - A337D009-8BDB-4C75-9253-31B98BA80012 having OS version - 12.0. Exception details - Framework Exception Connection refused (Connection refused)
Build info: version: &apos;3.141.59&apos;, revision: &apos;e82be7d358&apos;, time: &apos;2018-11-14T08:17:03&apos;
System info: host: &apos;Vishals-Mac.local&apos;, ip: &apos;fe80:0:0:0:c20:3d65:1640:1787%en0&apos;, os.name: &apos;Mac OS X&apos;, os.arch: &apos;x86_64&apos;, os.version: &apos;10.14.6&apos;, java.version: &apos;1.8.0_222&apos;
Driver info: driver.version: MobileDriver
	at com.cybage.frameworkutility.utilities.Report.LogFail(Report.java:748)
	at com.fusion.plugin.extension.mobile.MobileDriver.setup(MobileDriver.java:208)
	at com.frameworkbase.DriverBase.createDriver(DriverBase.java:152)
	at com.frameworkbase.DriverBase.createMobileDriver(DriverBase.java:169)
	at com.mobile.tests.CCPA_SDKTests.mobileSetUp(CCPA_SDKTests.java:26)
	at java.util.concurrent.FutureTask.run(FutureTask.java:266)
	at java.util.concurrent.ThreadPoolExecutor.runWorker(ThreadPoolExecutor.java:1149)
	at java.util.concurrent.ThreadPoolExecutor$Worker.run(ThreadPoolExecutor.java:624)
	at java.lang.Thread.run(Thread.java:748)
... Removed 19 stack frames</pre></div><a href='#' onClick='toggleBox("stack-trace1783470097", this, "Click to show all stack frames", "Click to hide stack frames")'>Click to show all stack frames</a>
<div class='stack-trace' id='stack-trace1783470097'><pre>java.lang.AssertionError: Exception occured while launching the Application on - A337D009-8BDB-4C75-9253-31B98BA80012 having OS version - 12.0. Exception details - Framework Exception Connection refused (Connection refused)
Build info: version: &apos;3.141.59&apos;, revision: &apos;e82be7d358&apos;, time: &apos;2018-11-14T08:17:03&apos;
System info: host: &apos;Vishals-Mac.local&apos;, ip: &apos;fe80:0:0:0:c20:3d65:1640:1787%en0&apos;, os.name: &apos;Mac OS X&apos;, os.arch: &apos;x86_64&apos;, os.version: &apos;10.14.6&apos;, java.version: &apos;1.8.0_222&apos;
Driver info: driver.version: MobileDriver
	at org.testng.Assert.fail(Assert.java:93)
	at com.cybage.frameworkutility.utilities.Report.LogFail(Report.java:748)
	at com.fusion.plugin.extension.mobile.MobileDriver.setup(MobileDriver.java:208)
	at com.frameworkbase.DriverBase.createDriver(DriverBase.java:152)
	at com.frameworkbase.DriverBase.createMobileDriver(DriverBase.java:169)
	at com.mobile.tests.CCPA_SDKTests.mobileSetUp(CCPA_SDKTests.java:26)
	at sun.reflect.NativeMethodAccessorImpl.invoke0(Native Method)
	at sun.reflect.NativeMethodAccessorImpl.invoke(NativeMethodAccessorImpl.java:62)
	at sun.reflect.DelegatingMethodAccessorImpl.invoke(DelegatingMethodAccessorImpl.java:43)
	at java.lang.reflect.Method.invoke(Method.java:498)
	at org.testng.internal.MethodInvocationHelper.invokeMethod(MethodInvocationHelper.java:108)
	at org.testng.internal.Invoker.invokeConfigurationMethod(Invoker.java:523)
	at org.testng.internal.Invoker.invokeConfigurations(Invoker.java:224)
	at org.testng.internal.Invoker.invokeMethod(Invoker.java:599)
	at org.testng.internal.Invoker.invokeTestMethod(Invoker.java:869)
	at org.testng.internal.Invoker.invokeTestMethods(Invoker.java:1193)
	at org.testng.internal.TestMethodWorker.invokeTestMethods(TestMethodWorker.java:126)
	at org.testng.internal.TestMethodWorker.run(TestMethodWorker.java:109)
	at org.testng.TestRunner.privateRun(TestRunner.java:744)
	at org.testng.TestRunner.run(TestRunner.java:602)
	at org.testng.SuiteRunner.runTest(SuiteRunner.java:380)
	at org.testng.SuiteRunner.access$000(SuiteRunner.java:39)
	at org.testng.SuiteRunner$SuiteWorker.run(SuiteRunner.java:414)
	at org.testng.internal.thread.ThreadUtil$1.call(ThreadUtil.java:52)
	at java.util.concurrent.FutureTask.run(FutureTask.java:266)
	at java.util.concurrent.ThreadPoolExecutor.runWorker(ThreadPoolExecutor.java:1149)
	at java.util.concurrent.ThreadPoolExecutor$Worker.run(ThreadPoolExecutor.java:624)
	at java.lang.Thread.run(Thread.java:748)
</pre></div></td>
<td>0</td>
<td>com.mobile.tests.CCPA_SDKTests@6366ebe0</td></tr>
<tr>
<td title='com.mobile.tests.CCPA_SDKTests.CheckConsentOnRejectAllFromConsentView()'><b>CheckConsentOnRejectAllFromConsentView</b><br>Test class: com.mobile.tests.CCPA_SDKTests</td>
<td><div><pre>java.lang.NullPointerException
	at com.frameworkbase.DriverBase.createDriver(DriverBase.java:136)
	at com.frameworkbase.DriverBase.createMobileDriver(DriverBase.java:169)
	at com.mobile.tests.CCPA_SDKTests.mobileSetUp(CCPA_SDKTests.java:26)
	at java.util.concurrent.FutureTask.run(FutureTask.java:266)
	at java.util.concurrent.ThreadPoolExecutor.runWorker(ThreadPoolExecutor.java:1149)
	at java.util.concurrent.ThreadPoolExecutor$Worker.run(ThreadPoolExecutor.java:624)
	at java.lang.Thread.run(Thread.java:748)
... Removed 18 stack frames</pre></div><a href='#' onClick='toggleBox("stack-trace1454415716", this, "Click to show all stack frames", "Click to hide stack frames")'>Click to show all stack frames</a>
<div class='stack-trace' id='stack-trace1454415716'><pre>java.lang.NullPointerException
	at com.frameworkbase.DriverBase.createDriver(DriverBase.java:136)
	at com.frameworkbase.DriverBase.createMobileDriver(DriverBase.java:169)
	at com.mobile.tests.CCPA_SDKTests.mobileSetUp(CCPA_SDKTests.java:26)
	at sun.reflect.NativeMethodAccessorImpl.invoke0(Native Method)
	at sun.reflect.NativeMethodAccessorImpl.invoke(NativeMethodAccessorImpl.java:62)
	at sun.reflect.DelegatingMethodAccessorImpl.invoke(DelegatingMethodAccessorImpl.java:43)
	at java.lang.reflect.Method.invoke(Method.java:498)
	at org.testng.internal.MethodInvocationHelper.invokeMethod(MethodInvocationHelper.java:108)
	at org.testng.internal.Invoker.invokeConfigurationMethod(Invoker.java:523)
	at org.testng.internal.Invoker.invokeConfigurations(Invoker.java:224)
	at org.testng.internal.Invoker.invokeMethod(Invoker.java:599)
	at org.testng.internal.Invoker.invokeTestMethod(Invoker.java:869)
	at org.testng.internal.Invoker.invokeTestMethods(Invoker.java:1193)
	at org.testng.internal.TestMethodWorker.invokeTestMethods(TestMethodWorker.java:126)
	at org.testng.internal.TestMethodWorker.run(TestMethodWorker.java:109)
	at org.testng.TestRunner.privateRun(TestRunner.java:744)
	at org.testng.TestRunner.run(TestRunner.java:602)
	at org.testng.SuiteRunner.runTest(SuiteRunner.java:380)
	at org.testng.SuiteRunner.access$000(SuiteRunner.java:39)
	at org.testng.SuiteRunner$SuiteWorker.run(SuiteRunner.java:414)
	at org.testng.internal.thread.ThreadUtil$1.call(ThreadUtil.java:52)
	at java.util.concurrent.FutureTask.run(FutureTask.java:266)
	at java.util.concurrent.ThreadPoolExecutor.runWorker(ThreadPoolExecutor.java:1149)
	at java.util.concurrent.ThreadPoolExecutor$Worker.run(ThreadPoolExecutor.java:624)
	at java.lang.Thread.run(Thread.java:748)
</pre></div></td>
<td>0</td>
<td>com.mobile.tests.CCPA_SDKTests@6366ebe0</td></tr>
<tr>
<td title='com.mobile.tests.CCPA_SDKTests.CheckConsentOnRejectAllFromPM()'><b>CheckConsentOnRejectAllFromPM</b><br>Test class: com.mobile.tests.CCPA_SDKTests</td>
<td><div><pre>java.lang.NullPointerException
	at com.frameworkbase.DriverBase.createDriver(DriverBase.java:136)
	at com.frameworkbase.DriverBase.createMobileDriver(DriverBase.java:169)
	at com.mobile.tests.CCPA_SDKTests.mobileSetUp(CCPA_SDKTests.java:26)
	at java.util.concurrent.FutureTask.run(FutureTask.java:266)
	at java.util.concurrent.ThreadPoolExecutor.runWorker(ThreadPoolExecutor.java:1149)
	at java.util.concurrent.ThreadPoolExecutor$Worker.run(ThreadPoolExecutor.java:624)
	at java.lang.Thread.run(Thread.java:748)
... Removed 18 stack frames</pre></div><a href='#' onClick='toggleBox("stack-trace624147596", this, "Click to show all stack frames", "Click to hide stack frames")'>Click to show all stack frames</a>
<div class='stack-trace' id='stack-trace624147596'><pre>java.lang.NullPointerException
	at com.frameworkbase.DriverBase.createDriver(DriverBase.java:136)
	at com.frameworkbase.DriverBase.createMobileDriver(DriverBase.java:169)
	at com.mobile.tests.CCPA_SDKTests.mobileSetUp(CCPA_SDKTests.java:26)
	at sun.reflect.NativeMethodAccessorImpl.invoke0(Native Method)
	at sun.reflect.NativeMethodAccessorImpl.invoke(NativeMethodAccessorImpl.java:62)
	at sun.reflect.DelegatingMethodAccessorImpl.invoke(DelegatingMethodAccessorImpl.java:43)
	at java.lang.reflect.Method.invoke(Method.java:498)
	at org.testng.internal.MethodInvocationHelper.invokeMethod(MethodInvocationHelper.java:108)
	at org.testng.internal.Invoker.invokeConfigurationMethod(Invoker.java:523)
	at org.testng.internal.Invoker.invokeConfigurations(Invoker.java:224)
	at org.testng.internal.Invoker.invokeMethod(Invoker.java:599)
	at org.testng.internal.Invoker.invokeTestMethod(Invoker.java:869)
	at org.testng.internal.Invoker.invokeTestMethods(Invoker.java:1193)
	at org.testng.internal.TestMethodWorker.invokeTestMethods(TestMethodWorker.java:126)
	at org.testng.internal.TestMethodWorker.run(TestMethodWorker.java:109)
	at org.testng.TestRunner.privateRun(TestRunner.java:744)
	at org.testng.TestRunner.run(TestRunner.java:602)
	at org.testng.SuiteRunner.runTest(SuiteRunner.java:380)
	at org.testng.SuiteRunner.access$000(SuiteRunner.java:39)
	at org.testng.SuiteRunner$SuiteWorker.run(SuiteRunner.java:414)
	at org.testng.internal.thread.ThreadUtil$1.call(ThreadUtil.java:52)
	at java.util.concurrent.FutureTask.run(FutureTask.java:266)
	at java.util.concurrent.ThreadPoolExecutor.runWorker(ThreadPoolExecutor.java:1149)
	at java.util.concurrent.ThreadPoolExecutor$Worker.run(ThreadPoolExecutor.java:624)
	at java.lang.Thread.run(Thread.java:748)
</pre></div></td>
<td>0</td>
<td>com.mobile.tests.CCPA_SDKTests@6366ebe0</td></tr>
<tr>
<td title='com.mobile.tests.CCPA_SDKTests.CheckPurposeConsentAfterResetCookies()'><b>CheckPurposeConsentAfterResetCookies</b><br>Test class: com.mobile.tests.CCPA_SDKTests</td>
<td><div><pre>java.lang.NullPointerException
	at com.frameworkbase.DriverBase.createDriver(DriverBase.java:136)
	at com.frameworkbase.DriverBase.createMobileDriver(DriverBase.java:169)
	at com.mobile.tests.CCPA_SDKTests.mobileSetUp(CCPA_SDKTests.java:26)
	at java.util.concurrent.FutureTask.run(FutureTask.java:266)
	at java.util.concurrent.ThreadPoolExecutor.runWorker(ThreadPoolExecutor.java:1149)
	at java.util.concurrent.ThreadPoolExecutor$Worker.run(ThreadPoolExecutor.java:624)
	at java.lang.Thread.run(Thread.java:748)
... Removed 18 stack frames</pre></div><a href='#' onClick='toggleBox("stack-trace1663607223", this, "Click to show all stack frames", "Click to hide stack frames")'>Click to show all stack frames</a>
<div class='stack-trace' id='stack-trace1663607223'><pre>java.lang.NullPointerException
	at com.frameworkbase.DriverBase.createDriver(DriverBase.java:136)
	at com.frameworkbase.DriverBase.createMobileDriver(DriverBase.java:169)
	at com.mobile.tests.CCPA_SDKTests.mobileSetUp(CCPA_SDKTests.java:26)
	at sun.reflect.NativeMethodAccessorImpl.invoke0(Native Method)
	at sun.reflect.NativeMethodAccessorImpl.invoke(NativeMethodAccessorImpl.java:62)
	at sun.reflect.DelegatingMethodAccessorImpl.invoke(DelegatingMethodAccessorImpl.java:43)
	at java.lang.reflect.Method.invoke(Method.java:498)
	at org.testng.internal.MethodInvocationHelper.invokeMethod(MethodInvocationHelper.java:108)
	at org.testng.internal.Invoker.invokeConfigurationMethod(Invoker.java:523)
	at org.testng.internal.Invoker.invokeConfigurations(Invoker.java:224)
	at org.testng.internal.Invoker.invokeMethod(Invoker.java:599)
	at org.testng.internal.Invoker.invokeTestMethod(Invoker.java:869)
	at org.testng.internal.Invoker.invokeTestMethods(Invoker.java:1193)
	at org.testng.internal.TestMethodWorker.invokeTestMethods(TestMethodWorker.java:126)
	at org.testng.internal.TestMethodWorker.run(TestMethodWorker.java:109)
	at org.testng.TestRunner.privateRun(TestRunner.java:744)
	at org.testng.TestRunner.run(TestRunner.java:602)
	at org.testng.SuiteRunner.runTest(SuiteRunner.java:380)
	at org.testng.SuiteRunner.access$000(SuiteRunner.java:39)
	at org.testng.SuiteRunner$SuiteWorker.run(SuiteRunner.java:414)
	at org.testng.internal.thread.ThreadUtil$1.call(ThreadUtil.java:52)
	at java.util.concurrent.FutureTask.run(FutureTask.java:266)
	at java.util.concurrent.ThreadPoolExecutor.runWorker(ThreadPoolExecutor.java:1149)
	at java.util.concurrent.ThreadPoolExecutor$Worker.run(ThreadPoolExecutor.java:624)
	at java.lang.Thread.run(Thread.java:748)
</pre></div></td>
<td>0</td>
<td>com.mobile.tests.CCPA_SDKTests@6366ebe0</td></tr>
</table><p>
</body>
</html>