<html>
<head>
<title>TestNG:  MobileTest-6DBE621E-0E13-4783-B50F-BF131C37DF68</title>
<link href="../testng.css" rel="stylesheet" type="text/css" />
<link href="../my-testng.css" rel="stylesheet" type="text/css" />

<style type="text/css">
.log { display: none;} 
.stack-trace { display: none;} 
</style>
<script type="text/javascript">
<!--
function flip(e) {
  current = e.style.display;
  if (current == 'block') {
    e.style.display = 'none';
    return 0;
  }
  else {
    e.style.display = 'block';
    return 1;
  }
}

function toggleBox(szDivId, elem, msg1, msg2)
{
  var res = -1;  if (document.getElementById) {
    res = flip(document.getElementById(szDivId));
  }
  else if (document.all) {
    // this is the way old msie versions work
    res = flip(document.all[szDivId]);
  }
  if(elem) {
    if(res == 0) elem.innerHTML = msg1; else elem.innerHTML = msg2;
  }

}

function toggleAllBoxes() {
  if (document.getElementsByTagName) {
    d = document.getElementsByTagName('div');
    for (i = 0; i < d.length; i++) {
      if (d[i].className == 'log') {
        flip(d[i]);
      }
    }
  }
}

// -->
</script>

</head>
<body>
<h2 align='center'>MobileTest-6DBE621E-0E13-4783-B50F-BF131C37DF68</h2><table border='1' align="center">
<tr>
<td>Tests passed/Failed/Skipped:</td><td>4/6/0</td>
</tr><tr>
<td>Started on:</td><td>Thu Apr 02 20:52:00 IST 2020</td>
</tr>
<tr><td>Total time:</td><td>2179 seconds (2179296 ms)</td>
</tr><tr>
<td>Included groups:</td><td>GDPRTCFv2SDKTests GDPRTCFv2MetaAppTests </td>
</tr><tr>
<td>Excluded groups:</td><td></td>
</tr>
</table><p/>
<small><i>(Hover the method name to see the test class name)</i></small><p/>
<table width='100%' border='1' class='invocation-failed'>
<tr><td colspan='4' align='center'><b>FAILED TESTS</b></td></tr>
<tr><td><b>Test method</b></td>
<td width="30%"><b>Exception</b></td>
<td width="10%"><b>Time (seconds)</b></td>
<td><b>Instance</b></td>
</tr>
<tr>
<td title='com.mobile.tests.GDPR_TCFV2_MetaAppTests.CheckAcceptAllFromPrivacyManager()'><b>CheckAcceptAllFromPrivacyManager</b><br>Test class: com.mobile.tests.GDPR_TCFV2_MetaAppTests<br>Parameters: 6DBE621E-0E13-4783-B50F-BF131C37DF68</td>
<td><div><pre>java.lang.AssertionError: Exception occured while clicking on Located by By.chained({By.AccessibilityId: Add})Exception details - Can&apos;t locate an element by this strategy: By.chained({By.AccessibilityId: Add})
	at com.cybage.frameworkutility.utilities.Report.LogFailwithScreenCapture(Report.java:903)
	at com.cybage.mobileFramework.BaseMobileDriver.clickOn(BaseMobileDriver.java:340)
	at com.mobile.tests.GDPR_TCFV2_MetaAppTests.CheckAcceptAllFromPrivacyManager(GDPR_TCFV2_MetaAppTests.java:71)
	at java.util.concurrent.FutureTask.run(FutureTask.java:266)
	at java.util.concurrent.ThreadPoolExecutor.runWorker(ThreadPoolExecutor.java:1149)
	at java.util.concurrent.ThreadPoolExecutor$Worker.run(ThreadPoolExecutor.java:624)
	at java.lang.Thread.run(Thread.java:748)
... Removed 17 stack frames</pre></div><a href='#' onClick='toggleBox("stack-trace737507845", this, "Click to show all stack frames", "Click to hide stack frames")'>Click to show all stack frames</a>
<div class='stack-trace' id='stack-trace737507845'><pre>java.lang.AssertionError: Exception occured while clicking on Located by By.chained({By.AccessibilityId: Add})Exception details - Can&apos;t locate an element by this strategy: By.chained({By.AccessibilityId: Add})
	at org.testng.Assert.fail(Assert.java:93)
	at com.cybage.frameworkutility.utilities.Report.LogFailwithScreenCapture(Report.java:903)
	at com.cybage.mobileFramework.BaseMobileDriver.clickOn(BaseMobileDriver.java:340)
	at com.mobile.tests.GDPR_TCFV2_MetaAppTests.CheckAcceptAllFromPrivacyManager(GDPR_TCFV2_MetaAppTests.java:71)
	at sun.reflect.NativeMethodAccessorImpl.invoke0(Native Method)
	at sun.reflect.NativeMethodAccessorImpl.invoke(NativeMethodAccessorImpl.java:62)
	at sun.reflect.DelegatingMethodAccessorImpl.invoke(DelegatingMethodAccessorImpl.java:43)
	at java.lang.reflect.Method.invoke(Method.java:498)
	at org.testng.internal.MethodInvocationHelper.invokeMethod(MethodInvocationHelper.java:108)
	at org.testng.internal.Invoker.invokeMethod(Invoker.java:661)
	at org.testng.internal.Invoker.invokeTestMethod(Invoker.java:869)
	at org.testng.internal.Invoker.invokeTestMethods(Invoker.java:1193)
	at org.testng.internal.TestMethodWorker.invokeTestMethods(TestMethodWorker.java:126)
	at org.testng.internal.TestMethodWorker.run(TestMethodWorker.java:109)
	at org.testng.TestRunner.privateRun(TestRunner.java:744)
	at org.testng.TestRunner.run(TestRunner.java:602)
	at org.testng.SuiteRunner.runTest(SuiteRunner.java:380)
	at org.testng.SuiteRunner.access$000(SuiteRunner.java:39)
	at org.testng.SuiteRunner$SuiteWorker.run(SuiteRunner.java:414)
	at org.testng.internal.thread.ThreadUtil$1.call(ThreadUtil.java:52)
	at java.util.concurrent.FutureTask.run(FutureTask.java:266)
	at java.util.concurrent.ThreadPoolExecutor.runWorker(ThreadPoolExecutor.java:1149)
	at java.util.concurrent.ThreadPoolExecutor$Worker.run(ThreadPoolExecutor.java:624)
	at java.lang.Thread.run(Thread.java:748)
</pre></div></td>
<td>6</td>
<td>com.mobile.tests.GDPR_TCFV2_MetaAppTests@3d0f8e03</td></tr>
<tr>
<td title='com.mobile.tests.GDPR_TCFV2_MetaAppTests.CheckCancelFromDirectPrivacyManager()'><b>CheckCancelFromDirectPrivacyManager</b><br>Test class: com.mobile.tests.GDPR_TCFV2_MetaAppTests<br>Parameters: 6DBE621E-0E13-4783-B50F-BF131C37DF68</td>
<td><div><pre>java.lang.AssertionError: The following asserts failed:
	expected [true] but found [false]
	at com.cybage.frameworkutility.assertion.CustomSoftAssert.assertAll(CustomSoftAssert.java:310)
	at com.mobile.tests.GDPR_TCFV2_MetaAppTests.CheckCancelFromDirectPrivacyManager(GDPR_TCFV2_MetaAppTests.java:772)
	at java.util.concurrent.FutureTask.run(FutureTask.java:266)
	at java.util.concurrent.ThreadPoolExecutor.runWorker(ThreadPoolExecutor.java:1149)
	at java.util.concurrent.ThreadPoolExecutor$Worker.run(ThreadPoolExecutor.java:624)
	at java.lang.Thread.run(Thread.java:748)
... Removed 17 stack frames</pre></div><a href='#' onClick='toggleBox("stack-trace2007189447", this, "Click to show all stack frames", "Click to hide stack frames")'>Click to show all stack frames</a>
<div class='stack-trace' id='stack-trace2007189447'><pre>java.lang.AssertionError: The following asserts failed:
	expected [true] but found [false]
	at org.testng.asserts.SoftAssert.assertAll(SoftAssert.java:43)
	at com.cybage.frameworkutility.assertion.CustomSoftAssert.assertAll(CustomSoftAssert.java:310)
	at com.mobile.tests.GDPR_TCFV2_MetaAppTests.CheckCancelFromDirectPrivacyManager(GDPR_TCFV2_MetaAppTests.java:772)
	at sun.reflect.NativeMethodAccessorImpl.invoke0(Native Method)
	at sun.reflect.NativeMethodAccessorImpl.invoke(NativeMethodAccessorImpl.java:62)
	at sun.reflect.DelegatingMethodAccessorImpl.invoke(DelegatingMethodAccessorImpl.java:43)
	at java.lang.reflect.Method.invoke(Method.java:498)
	at org.testng.internal.MethodInvocationHelper.invokeMethod(MethodInvocationHelper.java:108)
	at org.testng.internal.Invoker.invokeMethod(Invoker.java:661)
	at org.testng.internal.Invoker.invokeTestMethod(Invoker.java:869)
	at org.testng.internal.Invoker.invokeTestMethods(Invoker.java:1193)
	at org.testng.internal.TestMethodWorker.invokeTestMethods(TestMethodWorker.java:126)
	at org.testng.internal.TestMethodWorker.run(TestMethodWorker.java:109)
	at org.testng.TestRunner.privateRun(TestRunner.java:744)
	at org.testng.TestRunner.run(TestRunner.java:602)
	at org.testng.SuiteRunner.runTest(SuiteRunner.java:380)
	at org.testng.SuiteRunner.access$000(SuiteRunner.java:39)
	at org.testng.SuiteRunner$SuiteWorker.run(SuiteRunner.java:414)
	at org.testng.internal.thread.ThreadUtil$1.call(ThreadUtil.java:52)
	at java.util.concurrent.FutureTask.run(FutureTask.java:266)
	at java.util.concurrent.ThreadPoolExecutor.runWorker(ThreadPoolExecutor.java:1149)
	at java.util.concurrent.ThreadPoolExecutor$Worker.run(ThreadPoolExecutor.java:624)
	at java.lang.Thread.run(Thread.java:748)
</pre></div></td>
<td>201</td>
<td>com.mobile.tests.GDPR_TCFV2_MetaAppTests@3d0f8e03</td></tr>
<tr>
<td title='com.mobile.tests.GDPR_TCFV2_MetaAppTests.CheckCancleFromPrivacyManager()'><b>CheckCancleFromPrivacyManager</b><br>Test class: com.mobile.tests.GDPR_TCFV2_MetaAppTests<br>Parameters: 6DBE621E-0E13-4783-B50F-BF131C37DF68</td>
<td><div><pre>java.lang.IndexOutOfBoundsException: Index: 11, Size: 11
	at java.util.ArrayList.rangeCheck(ArrayList.java:657)
	at java.util.ArrayList.get(ArrayList.java:433)
	at com.mobile.tests.GDPR_TCFV2_MetaAppTests.CheckCancleFromPrivacyManager(GDPR_TCFV2_MetaAppTests.java:208)
	at java.util.concurrent.FutureTask.run(FutureTask.java:266)
	at java.util.concurrent.ThreadPoolExecutor.runWorker(ThreadPoolExecutor.java:1149)
	at java.util.concurrent.ThreadPoolExecutor$Worker.run(ThreadPoolExecutor.java:624)
	at java.lang.Thread.run(Thread.java:748)
... Removed 16 stack frames</pre></div><a href='#' onClick='toggleBox("stack-trace325055243", this, "Click to show all stack frames", "Click to hide stack frames")'>Click to show all stack frames</a>
<div class='stack-trace' id='stack-trace325055243'><pre>java.lang.IndexOutOfBoundsException: Index: 11, Size: 11
	at java.util.ArrayList.rangeCheck(ArrayList.java:657)
	at java.util.ArrayList.get(ArrayList.java:433)
	at com.mobile.tests.GDPR_TCFV2_MetaAppTests.CheckCancleFromPrivacyManager(GDPR_TCFV2_MetaAppTests.java:208)
	at sun.reflect.NativeMethodAccessorImpl.invoke0(Native Method)
	at sun.reflect.NativeMethodAccessorImpl.invoke(NativeMethodAccessorImpl.java:62)
	at sun.reflect.DelegatingMethodAccessorImpl.invoke(DelegatingMethodAccessorImpl.java:43)
	at java.lang.reflect.Method.invoke(Method.java:498)
	at org.testng.internal.MethodInvocationHelper.invokeMethod(MethodInvocationHelper.java:108)
	at org.testng.internal.Invoker.invokeMethod(Invoker.java:661)
	at org.testng.internal.Invoker.invokeTestMethod(Invoker.java:869)
	at org.testng.internal.Invoker.invokeTestMethods(Invoker.java:1193)
	at org.testng.internal.TestMethodWorker.invokeTestMethods(TestMethodWorker.java:126)
	at org.testng.internal.TestMethodWorker.run(TestMethodWorker.java:109)
	at org.testng.TestRunner.privateRun(TestRunner.java:744)
	at org.testng.TestRunner.run(TestRunner.java:602)
	at org.testng.SuiteRunner.runTest(SuiteRunner.java:380)
	at org.testng.SuiteRunner.access$000(SuiteRunner.java:39)
	at org.testng.SuiteRunner$SuiteWorker.run(SuiteRunner.java:414)
	at org.testng.internal.thread.ThreadUtil$1.call(ThreadUtil.java:52)
	at java.util.concurrent.FutureTask.run(FutureTask.java:266)
	at java.util.concurrent.ThreadPoolExecutor.runWorker(ThreadPoolExecutor.java:1149)
	at java.util.concurrent.ThreadPoolExecutor$Worker.run(ThreadPoolExecutor.java:624)
	at java.lang.Thread.run(Thread.java:748)
</pre></div></td>
<td>227</td>
<td>com.mobile.tests.GDPR_TCFV2_MetaAppTests@3d0f8e03</td></tr>
<tr>
<td title='com.mobile.tests.GDPR_TCFV2_MetaAppTests.CheckConsentDataFromPrivacyManagerDirect()'><b>CheckConsentDataFromPrivacyManagerDirect</b><br>Test class: com.mobile.tests.GDPR_TCFV2_MetaAppTests<br>Parameters: 6DBE621E-0E13-4783-B50F-BF131C37DF68</td>
<td><div><pre>java.lang.AssertionError: The following asserts failed:
	expected [true] but found [false],
	expected [true] but found [false]
	at com.cybage.frameworkutility.assertion.CustomSoftAssert.assertAll(CustomSoftAssert.java:310)
	at com.mobile.tests.GDPR_TCFV2_MetaAppTests.CheckConsentDataFromPrivacyManagerDirect(GDPR_TCFV2_MetaAppTests.java:684)
	at java.util.concurrent.FutureTask.run(FutureTask.java:266)
	at java.util.concurrent.ThreadPoolExecutor.runWorker(ThreadPoolExecutor.java:1149)
	at java.util.concurrent.ThreadPoolExecutor$Worker.run(ThreadPoolExecutor.java:624)
	at java.lang.Thread.run(Thread.java:748)
... Removed 17 stack frames</pre></div><a href='#' onClick='toggleBox("stack-trace961351830", this, "Click to show all stack frames", "Click to hide stack frames")'>Click to show all stack frames</a>
<div class='stack-trace' id='stack-trace961351830'><pre>java.lang.AssertionError: The following asserts failed:
	expected [true] but found [false],
	expected [true] but found [false]
	at org.testng.asserts.SoftAssert.assertAll(SoftAssert.java:43)
	at com.cybage.frameworkutility.assertion.CustomSoftAssert.assertAll(CustomSoftAssert.java:310)
	at com.mobile.tests.GDPR_TCFV2_MetaAppTests.CheckConsentDataFromPrivacyManagerDirect(GDPR_TCFV2_MetaAppTests.java:684)
	at sun.reflect.NativeMethodAccessorImpl.invoke0(Native Method)
	at sun.reflect.NativeMethodAccessorImpl.invoke(NativeMethodAccessorImpl.java:62)
	at sun.reflect.DelegatingMethodAccessorImpl.invoke(DelegatingMethodAccessorImpl.java:43)
	at java.lang.reflect.Method.invoke(Method.java:498)
	at org.testng.internal.MethodInvocationHelper.invokeMethod(MethodInvocationHelper.java:108)
	at org.testng.internal.Invoker.invokeMethod(Invoker.java:661)
	at org.testng.internal.Invoker.invokeTestMethod(Invoker.java:869)
	at org.testng.internal.Invoker.invokeTestMethods(Invoker.java:1193)
	at org.testng.internal.TestMethodWorker.invokeTestMethods(TestMethodWorker.java:126)
	at org.testng.internal.TestMethodWorker.run(TestMethodWorker.java:109)
	at org.testng.TestRunner.privateRun(TestRunner.java:744)
	at org.testng.TestRunner.run(TestRunner.java:602)
	at org.testng.SuiteRunner.runTest(SuiteRunner.java:380)
	at org.testng.SuiteRunner.access$000(SuiteRunner.java:39)
	at org.testng.SuiteRunner$SuiteWorker.run(SuiteRunner.java:414)
	at org.testng.internal.thread.ThreadUtil$1.call(ThreadUtil.java:52)
	at java.util.concurrent.FutureTask.run(FutureTask.java:266)
	at java.util.concurrent.ThreadPoolExecutor.runWorker(ThreadPoolExecutor.java:1149)
	at java.util.concurrent.ThreadPoolExecutor$Worker.run(ThreadPoolExecutor.java:624)
	at java.lang.Thread.run(Thread.java:748)
</pre></div></td>
<td>209</td>
<td>com.mobile.tests.GDPR_TCFV2_MetaAppTests@3d0f8e03</td></tr>
<tr>
<td title='com.mobile.tests.GDPR_TCFV2_MetaAppTests.CheckPurposeConsentAfterRestCookies()'><b>CheckPurposeConsentAfterRestCookies</b><br>Test class: com.mobile.tests.GDPR_TCFV2_MetaAppTests<br>Parameters: 6DBE621E-0E13-4783-B50F-BF131C37DF68</td>
<td><div><pre>java.lang.AssertionError: Exception occured while clicking on Located by By.chained({By.xpath: //XCUIElementTypeButton[@name=&apos;MANAGE PREFERENCES&apos;]})Exception details - Can&apos;t locate an element by this strategy: By.chained({By.xpath: //XCUIElementTypeButton[@name=&apos;MANAGE PREFERENCES&apos;]})
	at com.cybage.frameworkutility.utilities.Report.LogFailwithScreenCapture(Report.java:903)
	at com.cybage.mobileFramework.BaseMobileDriver.clickOn(BaseMobileDriver.java:340)
	at com.mobile.tests.GDPR_TCFV2_MetaAppTests.CheckPurposeConsentAfterRestCookies(GDPR_TCFV2_MetaAppTests.java:587)
	at java.util.concurrent.FutureTask.run(FutureTask.java:266)
	at java.util.concurrent.ThreadPoolExecutor.runWorker(ThreadPoolExecutor.java:1149)
	at java.util.concurrent.ThreadPoolExecutor$Worker.run(ThreadPoolExecutor.java:624)
	at java.lang.Thread.run(Thread.java:748)
... Removed 17 stack frames</pre></div><a href='#' onClick='toggleBox("stack-trace1786033333", this, "Click to show all stack frames", "Click to hide stack frames")'>Click to show all stack frames</a>
<div class='stack-trace' id='stack-trace1786033333'><pre>java.lang.AssertionError: Exception occured while clicking on Located by By.chained({By.xpath: //XCUIElementTypeButton[@name=&apos;MANAGE PREFERENCES&apos;]})Exception details - Can&apos;t locate an element by this strategy: By.chained({By.xpath: //XCUIElementTypeButton[@name=&apos;MANAGE PREFERENCES&apos;]})
	at org.testng.Assert.fail(Assert.java:93)
	at com.cybage.frameworkutility.utilities.Report.LogFailwithScreenCapture(Report.java:903)
	at com.cybage.mobileFramework.BaseMobileDriver.clickOn(BaseMobileDriver.java:340)
	at com.mobile.tests.GDPR_TCFV2_MetaAppTests.CheckPurposeConsentAfterRestCookies(GDPR_TCFV2_MetaAppTests.java:587)
	at sun.reflect.NativeMethodAccessorImpl.invoke0(Native Method)
	at sun.reflect.NativeMethodAccessorImpl.invoke(NativeMethodAccessorImpl.java:62)
	at sun.reflect.DelegatingMethodAccessorImpl.invoke(DelegatingMethodAccessorImpl.java:43)
	at java.lang.reflect.Method.invoke(Method.java:498)
	at org.testng.internal.MethodInvocationHelper.invokeMethod(MethodInvocationHelper.java:108)
	at org.testng.internal.Invoker.invokeMethod(Invoker.java:661)
	at org.testng.internal.Invoker.invokeTestMethod(Invoker.java:869)
	at org.testng.internal.Invoker.invokeTestMethods(Invoker.java:1193)
	at org.testng.internal.TestMethodWorker.invokeTestMethods(TestMethodWorker.java:126)
	at org.testng.internal.TestMethodWorker.run(TestMethodWorker.java:109)
	at org.testng.TestRunner.privateRun(TestRunner.java:744)
	at org.testng.TestRunner.run(TestRunner.java:602)
	at org.testng.SuiteRunner.runTest(SuiteRunner.java:380)
	at org.testng.SuiteRunner.access$000(SuiteRunner.java:39)
	at org.testng.SuiteRunner$SuiteWorker.run(SuiteRunner.java:414)
	at org.testng.internal.thread.ThreadUtil$1.call(ThreadUtil.java:52)
	at java.util.concurrent.FutureTask.run(FutureTask.java:266)
	at java.util.concurrent.ThreadPoolExecutor.runWorker(ThreadPoolExecutor.java:1149)
	at java.util.concurrent.ThreadPoolExecutor$Worker.run(ThreadPoolExecutor.java:624)
	at java.lang.Thread.run(Thread.java:748)
</pre></div></td>
<td>211</td>
<td>com.mobile.tests.GDPR_TCFV2_MetaAppTests@3d0f8e03</td></tr>
<tr>
<td title='com.mobile.tests.GDPR_TCFV2_MetaAppTests.DeleteSite()'><b>DeleteSite</b><br>Test class: com.mobile.tests.GDPR_TCFV2_MetaAppTests<br>Parameters: 6DBE621E-0E13-4783-B50F-BF131C37DF68</td>
<td><div><pre>java.lang.AssertionError: The following asserts failed:
	expected [true] but found [false],
	expected [true] but found [false],
	expected [true] but found [false]
	at com.cybage.frameworkutility.assertion.CustomSoftAssert.assertAll(CustomSoftAssert.java:310)
	at com.mobile.tests.GDPR_TCFV2_MetaAppTests.DeleteSite(GDPR_TCFV2_MetaAppTests.java:930)
	at java.util.concurrent.FutureTask.run(FutureTask.java:266)
	at java.util.concurrent.ThreadPoolExecutor.runWorker(ThreadPoolExecutor.java:1149)
	at java.util.concurrent.ThreadPoolExecutor$Worker.run(ThreadPoolExecutor.java:624)
	at java.lang.Thread.run(Thread.java:748)
... Removed 17 stack frames</pre></div><a href='#' onClick='toggleBox("stack-trace862952249", this, "Click to show all stack frames", "Click to hide stack frames")'>Click to show all stack frames</a>
<div class='stack-trace' id='stack-trace862952249'><pre>java.lang.AssertionError: The following asserts failed:
	expected [true] but found [false],
	expected [true] but found [false],
	expected [true] but found [false]
	at org.testng.asserts.SoftAssert.assertAll(SoftAssert.java:43)
	at com.cybage.frameworkutility.assertion.CustomSoftAssert.assertAll(CustomSoftAssert.java:310)
	at com.mobile.tests.GDPR_TCFV2_MetaAppTests.DeleteSite(GDPR_TCFV2_MetaAppTests.java:930)
	at sun.reflect.NativeMethodAccessorImpl.invoke0(Native Method)
	at sun.reflect.NativeMethodAccessorImpl.invoke(NativeMethodAccessorImpl.java:62)
	at sun.reflect.DelegatingMethodAccessorImpl.invoke(DelegatingMethodAccessorImpl.java:43)
	at java.lang.reflect.Method.invoke(Method.java:498)
	at org.testng.internal.MethodInvocationHelper.invokeMethod(MethodInvocationHelper.java:108)
	at org.testng.internal.Invoker.invokeMethod(Invoker.java:661)
	at org.testng.internal.Invoker.invokeTestMethod(Invoker.java:869)
	at org.testng.internal.Invoker.invokeTestMethods(Invoker.java:1193)
	at org.testng.internal.TestMethodWorker.invokeTestMethods(TestMethodWorker.java:126)
	at org.testng.internal.TestMethodWorker.run(TestMethodWorker.java:109)
	at org.testng.TestRunner.privateRun(TestRunner.java:744)
	at org.testng.TestRunner.run(TestRunner.java:602)
	at org.testng.SuiteRunner.runTest(SuiteRunner.java:380)
	at org.testng.SuiteRunner.access$000(SuiteRunner.java:39)
	at org.testng.SuiteRunner$SuiteWorker.run(SuiteRunner.java:414)
	at org.testng.internal.thread.ThreadUtil$1.call(ThreadUtil.java:52)
	at java.util.concurrent.FutureTask.run(FutureTask.java:266)
	at java.util.concurrent.ThreadPoolExecutor.runWorker(ThreadPoolExecutor.java:1149)
	at java.util.concurrent.ThreadPoolExecutor$Worker.run(ThreadPoolExecutor.java:624)
	at java.lang.Thread.run(Thread.java:748)
</pre></div></td>
<td>154</td>
<td>com.mobile.tests.GDPR_TCFV2_MetaAppTests@3d0f8e03</td></tr>
</table><p>
<table width='100%' border='1' class='invocation-passed'>
<tr><td colspan='4' align='center'><b>PASSED TESTS</b></td></tr>
<tr><td><b>Test method</b></td>
<td width="30%"><b>Exception</b></td>
<td width="10%"><b>Time (seconds)</b></td>
<td><b>Instance</b></td>
</tr>
<tr>
<td title='com.mobile.tests.GDPR_TCFV2_MetaAppTests.CheckConsentOnAcceptAllFromConsentView()'><b>CheckConsentOnAcceptAllFromConsentView</b><br>Test class: com.mobile.tests.GDPR_TCFV2_MetaAppTests<br>Parameters: 6DBE621E-0E13-4783-B50F-BF131C37DF68</td>
<td></td>
<td>216</td>
<td>com.mobile.tests.GDPR_TCFV2_MetaAppTests@3d0f8e03</td></tr>
<tr>
<td title='com.mobile.tests.GDPR_TCFV2_MetaAppTests.CheckConsentOnRejectAllFromConsentView()'><b>CheckConsentOnRejectAllFromConsentView</b><br>Test class: com.mobile.tests.GDPR_TCFV2_MetaAppTests<br>Parameters: 6DBE621E-0E13-4783-B50F-BF131C37DF68</td>
<td></td>
<td>232</td>
<td>com.mobile.tests.GDPR_TCFV2_MetaAppTests@3d0f8e03</td></tr>
<tr>
<td title='com.mobile.tests.GDPR_TCFV2_MetaAppTests.CheckConsentOnRejectAllFromPM()'><b>CheckConsentOnRejectAllFromPM</b><br>Test class: com.mobile.tests.GDPR_TCFV2_MetaAppTests<br>Parameters: 6DBE621E-0E13-4783-B50F-BF131C37DF68</td>
<td></td>
<td>263</td>
<td>com.mobile.tests.GDPR_TCFV2_MetaAppTests@3d0f8e03</td></tr>
<tr>
<td title='com.mobile.tests.GDPR_TCFV2_MetaAppTests.CheckNoConsentMessageDisplayAfterShowSiteInfo()'><b>CheckNoConsentMessageDisplayAfterShowSiteInfo</b><br>Test class: com.mobile.tests.GDPR_TCFV2_MetaAppTests<br>Parameters: 6DBE621E-0E13-4783-B50F-BF131C37DF68</td>
<td></td>
<td>136</td>
<td>com.mobile.tests.GDPR_TCFV2_MetaAppTests@3d0f8e03</td></tr>
</table><p>
</body>
</html>